 Line Constants Program for PSCAD X4
 Special Build (Universal Tower): 2014.09.22
 (c)1995-2012 Manitoba HVDC Research Centre
    (a division of Manitoba Hydro International Ltd.)
 
 Reading Data from File 
 C:\Users\jsacostas\Dropbox\Python\Course-Python-PSCAD\AutomationPSCAD\Fault_1_C
 ircuits_automation.gf46\TMulti.tli                                             
                                           
 ====================================================================
 CURVE FITTING OUTPUT
 ====================================================================
 
 Fitting Characteristic Admittance Yc:
 ====================================================================
 Maximum Fitting Error Requested:                            0.2000 %
 Maximum Number of Poles:                                        20
 
 Yc:          Maximum          Number
              Fitting Error    of Poles
              --------------   --------
                  0.1320 %        9
 
 ====================================================================
 
 Fitting Propagation Function H:
 ====================================================================
 Maximum Fitting Error Requested:                            0.2000 %
 Maximum Number of Poles (per delay group):                      20
 
 --------------------------------------------------------------------
 Attempt #  1                               Target error:   25.0000 %
 --------------------------------------------------------------------
 Hmode:       Delay      Maximum          Number      Time
              Group #    Fitting Error    of Poles    Delay
              -------    -------------    --------    -----
                 1         24.47215 %        2         8.634907 ms
                 2          5.12785 %        2        10.782322 ms
 
 Hphase:      Maximum           Maximum       Maximum
              Fitting Error     RMS Error     Residue/Pole Ratio
              --------------    ----------    ------------------
                 16.3059 %        5.1787 %              0.46
 --------------------------------------------------------------------
 Attempt #  2                               Target error:   12.5000 %
 --------------------------------------------------------------------
 Hmode:       Delay      Maximum          Number      Time
              Group #    Fitting Error    of Poles    Delay
              -------    -------------    --------    -----
                 1          5.27785 %        3         8.642934 ms
                 2          5.12785 %        2        10.782322 ms
 
 Hphase:      Maximum           Maximum       Maximum
              Fitting Error     RMS Error     Residue/Pole Ratio
              --------------    ----------    ------------------
                  3.5382 %        1.5075 %              0.41
 --------------------------------------------------------------------
 Attempt #  3                               Target error:    6.2500 %
 --------------------------------------------------------------------
 Hmode:       Delay      Maximum          Number      Time
              Group #    Fitting Error    of Poles    Delay
              -------    -------------    --------    -----
                 1          5.27785 %        3         8.642934 ms
                 2          5.12785 %        2        10.782322 ms
 
 Hphase:      Maximum           Maximum       Maximum
              Fitting Error     RMS Error     Residue/Pole Ratio
              --------------    ----------    ------------------
                  3.5382 %        1.5075 %              0.41
 --------------------------------------------------------------------
 Attempt #  4                               Target error:    3.1250 %
 --------------------------------------------------------------------
 Hmode:       Delay      Maximum          Number      Time
              Group #    Fitting Error    of Poles    Delay
              -------    -------------    --------    -----
                 1          0.58209 %        7         8.638798 ms
                 2          1.62398 %        3         9.351385 ms
 
 Hphase:      Maximum           Maximum       Maximum
              Fitting Error     RMS Error     Residue/Pole Ratio
              --------------    ----------    ------------------
                  0.4944 %        0.2221 %              0.55
 --------------------------------------------------------------------
 Attempt #  5                               Target error:    1.5625 %
 --------------------------------------------------------------------
 Hmode:       Delay      Maximum          Number      Time
              Group #    Fitting Error    of Poles    Delay
              -------    -------------    --------    -----
                 1          0.58209 %        7         8.638798 ms
                 2          0.25653 %        4        10.801150 ms
 
 Hphase:      Maximum           Maximum       Maximum
              Fitting Error     RMS Error     Residue/Pole Ratio
              --------------    ----------    ------------------
                  0.3928 %        0.1619 %              0.55
 --------------------------------------------------------------------
 Attempt #  6                               Target error:    0.7812 %
 --------------------------------------------------------------------
 Hmode:       Delay      Maximum          Number      Time
              Group #    Fitting Error    of Poles    Delay
              -------    -------------    --------    -----
                 1          0.58209 %        7         8.638798 ms
                 2          0.25653 %        4        10.801150 ms
 
 Hphase:      Maximum           Maximum       Maximum
              Fitting Error     RMS Error     Residue/Pole Ratio
              --------------    ----------    ------------------
                  0.3928 %        0.1619 %              0.55
 --------------------------------------------------------------------
 Attempt #  7                               Target error:    0.3906 %
 --------------------------------------------------------------------
 Hmode:       Delay      Maximum          Number      Time
              Group #    Fitting Error    of Poles    Delay
              -------    -------------    --------    -----
                 1          0.36228 %        8         8.639223 ms
                 2          0.25653 %        4        10.801150 ms
 
 Hphase:      Maximum           Maximum       Maximum
              Fitting Error     RMS Error     Residue/Pole Ratio
              --------------    ----------    ------------------
                  0.2425 %        0.0850 %              0.55
 --------------------------------------------------------------------
 Attempt #  8                               Target error:    0.1953 %
 --------------------------------------------------------------------
 Hmode:       Delay      Maximum          Number      Time
              Group #    Fitting Error    of Poles    Delay
              -------    -------------    --------    -----
                 1          0.18587 %        9         8.637805 ms
                 2          0.13803 %        5        10.780116 ms
 
 Hphase:      Maximum           Maximum       Maximum
              Fitting Error     RMS Error     Residue/Pole Ratio
              --------------    ----------    ------------------
                  0.1235 %        0.0521 %              0.67
 
 --------------------------------------------------------------------
 ====================================================================
 Line Constants Ending!
 Tline Ending....
0
