 Run#  Vfa              Vfb              Vfc              Ifa              Ifb              Ifc              Time                                                               
     1  206.3234031      159.0436008      195.2081595      3.265268899      17.53139124      3.337498880     0.8154841301E-01
     2  202.6813640      159.0436008      199.3033409      3.265268899      19.11872591      3.337498880     0.8417739820E-01
     3  219.8180823      159.0436008      195.2631959      3.265268899      16.93118015      3.337498880     0.8953161387E-01
     4  232.5328469      159.0436008      195.5484819      3.265268899      13.57382262      3.337498880     0.8783427127E-01
     5  235.6085026      159.0436008      193.4640380      3.265268899      15.82860167      3.337498880     0.8059724673E-01
     6  234.4670944      159.0436008      196.0044646      3.265268899      13.77687038      3.337498880     0.8792582320E-01
     7  226.2946414      159.0436008      194.4391408      3.265268899      16.57183026      3.337498880     0.8931059273E-01
     8  203.4977173      159.0436008      193.0499853      3.265268899      19.20147619      3.337498880     0.8313207923E-01
     9  229.4672104      159.0436008      193.4972325      3.273400088      16.39626935      3.337498880     0.8085555965E-01
    10  224.7934867      159.0436008      194.7009917      3.265268899      16.66230585      3.337498880     0.8939105784E-01
    11  206.2621533      159.0436008      203.2555139      3.265268899      17.46995566      3.337498880     0.8550904307E-01
    12  236.9985285      159.0436008      194.0508835      3.265268899      15.62985611      3.337498880     0.8048685054E-01
    13  202.1170230      159.0436008      193.7121483      3.265268899      18.75102086      3.337498880     0.8249700087E-01
    14  219.7639774      159.0436008      195.3721469      3.265268899      13.76474164      3.337498880     0.8709358398E-01
    15  204.0026296      159.0436008      193.6751467      3.265268899      18.05296663      3.337498880     0.8186590748E-01
    16  238.4527969      159.0436008      194.4112631      3.265268899      15.32586287      3.337498880     0.8030693720E-01
    17  238.3273265      159.0436008      194.3409062      3.265268899      15.32465021      3.337498880     0.8869346048E-01
    18  226.7764263      159.0436008      194.2761819      3.270764603      16.57718918      3.337498880     0.8099031365E-01
    19  202.5559205      159.0436008      200.4001000      3.265268899      19.08873716      3.337498880     0.8420152513E-01
    20  204.9424012      159.0436008      208.0509355      3.265268899      18.28209016      3.337498880     0.8503286668E-01
    21  222.0672366      159.0436008      192.6979256      3.265268899      12.92440571      3.337498880     0.8739034687E-01
    22  218.0043268      159.0436008      195.3146833      3.265268899      17.01923543      3.337498880     0.8955977379E-01
    23  222.1425318      159.0436008      195.0286496      3.265268899      16.84826446      3.337498880     0.8111806470E-01
    24  214.8539755      159.0436008      195.1854699      3.265268899      17.19989064      3.337498880     0.8131349478E-01
    25  212.1855622      159.0436008      194.2409984      3.265268899      16.69818352      3.337498880     0.8590676378E-01
    26  204.8777310      159.0436008      208.1257919      3.265268899      18.35224985      3.337498880     0.8497889552E-01
    27  238.7676585      159.0436008      194.4052124      3.265268899      15.22324026      3.337498880     0.8029708821E-01
    28  203.4953298      159.0436008      192.8118884      3.265268899      19.22046385      3.337498880     0.8316160267E-01
    29  219.7639774      159.0436008      195.3721469      3.265268899      13.76474164      3.337498880     0.8705605797E-01
    30  220.4388074      159.0436008      195.1724319      3.265268899      16.93770952      3.337498880     0.8116627941E-01
    31  203.4856385      159.0436008      194.9055514      3.265268899      17.76479350      3.337498880     0.8165811581E-01
    32  235.3101673      159.0436008      196.1868488      3.265268899      13.87778416      3.337498880     0.8795244366E-01
    33  213.5518180      159.0436008      195.5897383      3.265268899      14.71508011      3.337498880     0.8672056592E-01
    34  202.3029403      159.0436008      194.1665997      3.265268899      18.84364130      3.337498880     0.8255148173E-01
    35  202.7308803      159.0436008      194.3975330      3.265268899      19.00415840      3.337498880     0.8275342989E-01
    36  216.6725060      159.0436008      195.9152328      3.265268899      14.30740268      3.337498880     0.8689622434E-01
    37  204.2461326      159.0436008      207.9085935      3.265268899      18.54789485      3.337498880     0.8484251217E-01
    38  237.3416124      159.0436008      196.4604509      3.265268899      14.18117958      3.337498880     0.8810207662E-01
    39  203.2163980      159.0436008      195.0761886      3.265268899      17.68852604      3.337498880     0.8160168823E-01
    40  218.0043268      159.0436008      195.3146833      3.265268899      17.01923543      3.337498880     0.8957414800E-01
    41  202.6088309      159.0436008      194.4158909      3.265268899      18.96718521      3.337498880     0.8270540503E-01
    42  212.1053901      159.0436008      195.0867932      3.265268899      17.27663351      3.337498880     0.8974225753E-01
    43  237.3416124      159.0436008      196.4604509      3.265268899      14.18117958      3.337498880     0.8812230250E-01
    44  206.3234031      159.0436008      195.2081595      3.265268899      17.53139124      3.337498880     0.8153815869E-01
    45  203.9534498      159.0436008      194.0470869      3.265268899      17.98368016      3.337498880     0.8183307727E-01
    46  239.0743434      159.0436008      194.9301076      3.265268899      15.01557985      3.337498880     0.8852966897E-01
    47  237.3416124      159.0436008      196.4604509      3.265268899      14.18117958      3.337498880     0.8814632089E-01
    48  204.4678476      159.0436008      207.0128002      3.265268899      17.98002260      3.337498880     0.8521516309E-01
    49  218.6558736      159.0436008      195.2465915      3.265268899      17.02626270      3.337498880     0.8124611457E-01
    50  203.2022177      159.0436008      192.7313088      3.265268899      19.28200646      3.337498880     0.8344764558E-01
    51  203.3219996      159.0436008      206.0698854      3.265268899      18.81807136      3.337498880     0.8457931235E-01
    52  203.0638281      159.0436008      205.4794760      3.265268899      18.86321788      3.337498880     0.8450269674E-01
    53  215.7080441      159.0436008      195.8762704      3.265268899      14.44315907      3.337498880     0.8682405792E-01
    54  203.9928789      159.0436008      193.2341682      3.265268899      18.12023090      3.337498880     0.8194138802E-01
    55  235.3777113      159.0436008      193.2855542      3.265268899      15.82588573      3.337498880     0.8890848789E-01
    56  204.8777310      159.0436008      208.1257919      3.265268899      18.35224985      3.337498880     0.8495601988E-01
    57  211.1205671      159.0436008      196.9200072      3.265268899      16.90174004      3.337498880     0.8582615050E-01
    58  239.1976168      159.0436008      195.3238223      3.265268899      14.91221968      3.337498880     0.8011142446E-01
    59  202.6088309      159.0436008      194.4158909      3.265268899      18.96718521      3.337498880     0.8271085441E-01
    60  214.8539755      159.0436008      195.1854699      3.265268899      17.19989064      3.337498880     0.8133003073E-01
    61  203.1049877      159.0436008      192.6137232      3.265268899      19.26182188      3.337498880     0.8382653638E-01
    62  202.3029403      159.0436008      194.1665997      3.265268899      18.84364130      3.337498880     0.8259693318E-01
    63  212.3606823      159.0436008      195.3639423      3.265268899      14.85111552      3.337498880     0.8665590616E-01
    64  211.1205671      159.0436008      196.9200072      3.265268899      16.90174004      3.337498880     0.8581479538E-01
    65  227.7160789      159.0436008      194.1085513      3.265268899      16.48117104      3.337498880     0.8926595791E-01
    66  203.3374159      159.0436008      193.8139569      3.265268899      19.13042103      3.337498880     0.8295462847E-01
    67  239.1473659      159.0436008      195.6149381      3.265268899      14.80705875      3.337498880     0.8844067740E-01
    68  202.1170230      159.0436008      193.7121483      3.265268899      18.75102086      3.337498880     0.8246509230E-01
    69  230.6928137      159.0436008      193.0521922      3.272989169      16.30481452      3.337498880     0.8080634405E-01
    70  203.0647706      159.0436008      191.5760734      3.265268899      18.48573541      3.337498880     0.8222443872E-01
    71  213.6605887      159.0436008      192.8821398      3.265268899      16.25403103      3.337498880     0.8614152827E-01
    72  233.8868073      159.0436008      192.6965557      3.265268899      16.02310438      3.337498880     0.8066565414E-01
    73  227.6748715      159.0436008      193.8082915      3.265268899      13.16320503      3.337498880     0.8764905109E-01
    74  227.6748715      159.0436008      193.8082915      3.265268899      13.16320503      3.337498880     0.8760166304E-01
    75  220.4388074      159.0436008      195.1724319      3.265268899      16.93770952      3.337498880     0.8115064750E-01
    76  235.3777113      159.0436008      193.2855542      3.265268899      15.82588573      3.337498880     0.8893261302E-01
    77  237.5678346      159.0436008      194.2404297      3.265268899      15.52922594      3.337498880     0.8042706291E-01
    78  227.6748715      159.0436008      193.8082915      3.265268899      13.16320503      3.337498880     0.8764636386E-01
    79  202.0418044      159.0436008      193.3819149      3.265268899      18.70168072      3.337498880     0.8243740784E-01
    80  206.2621533      159.0436008      203.2555139      3.265268899      17.46995566      3.337498880     0.8551358668E-01
    81  216.6725060      159.0436008      195.9152328      3.265268899      14.30740268      3.337498880     0.8685139637E-01
    82  210.7411594      159.0436008      195.1307599      3.265268899      17.36840026      3.337498880     0.8141876171E-01
    83  204.8518624      159.0436008      207.6797353      3.265268899      18.13508215      3.337498880     0.8512805046E-01
    84  220.3434449      159.0436008      195.0613618      3.265268899      13.63077336      3.337498880     0.8714412942E-01
    85  212.8360948      159.0436008      195.0615288      3.265268899      17.28481490      3.337498880     0.8138322845E-01
    86  234.4670944      159.0436008      196.0044646      3.265268899      13.77687038      3.337498880     0.8792058701E-01
    87  214.8539755      159.0436008      195.1854699      3.265268899      17.19989064      3.337498880     0.8130588790E-01
    88  236.7475862      159.0436008      196.4065628      3.265268899      14.07952119      3.337498880     0.8805801305E-01
    89  225.3114468      159.0436008      194.5620846      3.267967364      16.66743599      3.337498880     0.8102539249E-01
    90  203.1276209      159.0436008      192.6806025      3.265268899      19.27270307      3.337498880     0.8377162614E-01
    91  212.1053901      159.0436008      195.0867932      3.265268899      17.27663351      3.337498880     0.8972054869E-01
    92  203.3937330      159.0436008      192.7006261      3.265268899      19.25160226      3.337498880     0.8326189824E-01
    93  202.6088309      159.0436008      194.4158909      3.265268899      18.96718521      3.337498880     0.8272373081E-01
    94  230.2684558      159.0436008      194.8161056      3.265268899      13.36897233      3.337498880     0.8774369780E-01
    95  238.8818383      159.0436008      196.1361673      3.265268899      14.59755472      3.337498880     0.8832898087E-01
    96  204.6965105      159.0436008      207.3832216      3.265268899      18.05849216      3.337498880     0.8518152513E-01
    97  211.6697065      159.0436008      195.6157246      3.265268899      16.80092393      3.337498880     0.8589283491E-01
    98  229.4672104      159.0436008      193.4972325      3.273400088      16.39626935      3.337498880     0.8087630345E-01
    99  236.0703806      159.0436008      196.3105529      3.265268899      13.97856907      3.337498880     0.8803201618E-01
   100  202.8640702      159.0436008      196.9006711      3.265268899      19.17158816      3.337498880     0.8409594517E-01
   101  235.6085026      159.0436008      193.4640380      3.265268899      15.82860167      3.337498880     0.8055045980E-01
   102  204.0024304      159.0436008      195.1770504      3.265268899      17.61071123      3.337498880     0.8157778949E-01
   103  234.4670944      159.0436008      196.0044646      3.265268899      13.77687038      3.337498880     0.8790789438E-01
   104  235.3101673      159.0436008      196.1868488      3.265268899      13.87778416      3.337498880     0.8798089746E-01
   105  204.7399888      159.0436008      208.1269810      3.265268899      18.42005528      3.337498880     0.8494365926E-01
   106  236.7475862      159.0436008      196.4065628      3.265268899      14.07952119      3.337498880     0.8808120481E-01
   107  230.6928137      159.0436008      193.0521922      3.272989169      16.30481452      3.337498880     0.8080926098E-01
   108  218.6558736      159.0436008      195.2465915      3.265268899      17.02626270      3.337498880     0.8124928534E-01
   109  213.5518180      159.0436008      195.5897383      3.265268899      14.71508011      3.337498880     0.8673872435E-01
   110  230.2684558      159.0436008      194.8161056      3.265268899      13.36897233      3.337498880     0.8774020316E-01
   111  218.0043268      159.0436008      195.3146833      3.265268899      17.01923543      3.337498880     0.8959442749E-01
   112  203.1500401      159.0436008      192.7468692      3.265268899      19.29122591      3.337498880     0.8354284711E-01
   113  203.5333636      159.0436008      206.5860158      3.265268899      18.76994037      3.337498880     0.8463135784E-01
   114  229.0571331      159.0436008      193.7092983      3.265268899      16.39087534      3.337498880     0.8923125754E-01
   115  212.1053901      159.0436008      195.0867932      3.265268899      17.27663351      3.337498880     0.8974540907E-01
   116  223.7667934      159.0436008      194.8154042      3.265268899      16.75810983      3.337498880     0.8109030875E-01
   117  204.2461326      159.0436008      207.9085935      3.265268899      18.54789485      3.337498880     0.8481915494E-01
   118  206.2621533      159.0436008      203.2555139      3.265268899      17.46995566      3.337498880     0.8553710781E-01
   119  203.3226865      159.0436008      191.5847425      3.265268899      18.42824898      3.337498880     0.8217101236E-01
   120  238.2793354      159.0436008      196.3772552      3.265268899      14.38834468      3.337498880     0.8820473033E-01
   121  217.5607138      159.0436008      195.8844211      3.265268899      14.17083666      3.337498880     0.8690272111E-01
   122  202.9325761      159.0436008      195.5953992      3.265268899      19.19443172      3.337498880     0.8403374643E-01
   123  204.6965105      159.0436008      207.3832216      3.265268899      18.05849216      3.337498880     0.8517629151E-01
   124  234.4670944      159.0436008      196.0044646      3.265268899      13.77687038      3.337498880     0.8793140990E-01
   125  203.4463277      159.0436008      192.7082519      3.265268899      19.23714584      3.337498880     0.8320620570E-01
   126  212.3606823      159.0436008      195.3639423      3.265268899      14.85111552      3.337498880     0.8669928076E-01
   127  204.2461326      159.0436008      207.9085935      3.265268899      18.54789485      3.337498880     0.8481174301E-01
   128  226.7764263      159.0436008      194.2761819      3.270764603      16.57718918      3.337498880     0.8096478831E-01
   129  204.6965105      159.0436008      207.3832216      3.265268899      18.05849216      3.337498880     0.8519713758E-01
   130  238.6226010      159.0436008      196.2917058      3.265268899      14.49282738      3.337498880     0.8829135199E-01
   131  202.7308803      159.0436008      194.3975330      3.265268899      19.00415840      3.337498880     0.8275289557E-01
   132  234.4670944      159.0436008      196.0044646      3.265268899      13.77687038      3.337498880     0.8791585694E-01
   133  203.9534498      159.0436008      194.0470869      3.265268899      17.98368016      3.337498880     0.8180750730E-01
   134  237.4031279      159.0436008      194.1257805      3.265268899      15.52761293      3.337498880     0.8877512393E-01
   135  203.1500401      159.0436008      192.7468692      3.265268899      19.29122591      3.337498880     0.8350781267E-01
   136  211.1205671      159.0436008      196.9200072      3.265268899      16.90174004      3.337498880     0.8580757940E-01
   137  235.3101673      159.0436008      196.1868488      3.265268899      13.87778416      3.337498880     0.8798705286E-01
   138  239.0568288      159.0436008      195.9105778      3.265268899      14.70231396      3.337498880     0.8839738222E-01
   139  204.2461326      159.0436008      207.9085935      3.265268899      18.54789485      3.337498880     0.8480293195E-01
   140  203.0608580      159.0436008      194.1804807      3.265268899      19.07166073      3.337498880     0.8287728147E-01
   141  239.1532606      159.0436008      195.2940156      3.265268899      14.91153263      3.337498880     0.8846962997E-01
   142  232.5911586      159.0436008      192.3938630      3.265268899      16.11406040      3.337498880     0.8907085323E-01
   143  203.1049877      159.0436008      192.6137232      3.265268899      19.26182188      3.337498880     0.8383019151E-01
   144  202.9325761      159.0436008      195.5953992      3.265268899      19.19443172      3.337498880     0.8402876646E-01
   145  208.5699669      159.0436008      195.1700359      3.265268899      17.45060657      3.337498880     0.8147788984E-01
   146  236.1378822      159.0436008      193.6345893      3.265268899      15.72744465      3.337498880     0.8889451374E-01
   147  239.1685110      159.0436008      195.6454288      3.265268899      14.80770403      3.337498880     0.8009246992E-01
   148  202.7772052      159.0436008      198.1367386      3.265268899      19.14634978      3.337498880     0.8414193731E-01
   149  203.1500401      159.0436008      192.7468692      3.265268899      19.29122591      3.337498880     0.8354028993E-01
   150  203.4856385      159.0436008      194.9055514      3.265268899      17.76479350      3.337498880     0.8165292932E-01
   151  231.8382399      159.0436008      192.5641927      3.271425199      16.21225035      3.337498880     0.8078304722E-01
   152  233.8868073      159.0436008      192.6965557      3.265268899      16.02310438      3.337498880     0.8067462827E-01
   153  239.1532606      159.0436008      195.2940156      3.265268899      14.91153263      3.337498880     0.8847735245E-01
   154  236.1378822      159.0436008      193.6345893      3.265268899      15.72744465      3.337498880     0.8886257839E-01
   155  203.2587148      159.0436008      192.7201868      3.265268899      19.27401093      3.337498880     0.8335497897E-01
   156  220.3434449      159.0436008      195.0613618      3.265268899      13.63077336      3.337498880     0.8713151667E-01
   157  223.2132613      159.0436008      194.9530592      3.265268899      16.75253044      3.337498880     0.8940069513E-01
   158  223.1716808      159.0436008      192.6415503      3.265268899      12.85490653      3.337498880     0.8748303342E-01
   159  221.8795977      159.0436008      193.1220448      3.265268899      13.06906331      3.337498880     0.8734261634E-01
   160  222.0672366      159.0436008      192.6979256      3.265268899      12.92440571      3.337498880     0.8735277672E-01
   161  237.3416124      159.0436008      196.4604509      3.265268899      14.18117958      3.337498880     0.8811836245E-01
   162  203.7914737      159.0436008      206.0510990      3.265268899      17.81774798      3.337498880     0.8531768311E-01
   163  202.2043251      159.0436008      202.3819081      3.265268899      19.02184248      3.337498880     0.8430004031E-01
   164  231.8382399      159.0436008      192.5641927      3.271425199      16.21225035      3.337498880     0.8077751235E-01
   165  229.0127292      159.0436008      194.3465660      3.265268899      13.26613402      3.337498880     0.8765009020E-01
   166  204.9338177      159.0436008      207.9022886      3.265268899      18.20966149      3.337498880     0.8506597125E-01
   167  203.1276209      159.0436008      192.6806025      3.265268899      19.27270307      3.337498880     0.8377875534E-01
   168  219.8180823      159.0436008      195.2631959      3.265268899      16.93118015      3.337498880     0.8954093157E-01
   169  202.4874126      159.0436008      204.0768603      3.265268899      18.94658840      3.337498880     0.8443694613E-01
   170  203.8320906      159.0436008      194.3552247      3.265268899      17.91246590      3.337498880     0.8175363199E-01
   171  203.3937330      159.0436008      192.7006261      3.265268899      19.25160226      3.337498880     0.8329292338E-01
   172  202.6813640      159.0436008      199.3033409      3.265268899      19.11872591      3.337498880     0.8416333082E-01
   173  203.4977173      159.0436008      193.0499853      3.265268899      19.20147619      3.337498880     0.8310114652E-01
   174  226.7764263      159.0436008      194.2761819      3.270764603      16.57718918      3.337498880     0.8096949393E-01
   175  202.3926722      159.0436008      201.4265016      3.265268899      19.05641027      3.337498880     0.8428455554E-01
   176  236.3452538      159.0436008      193.7920296      3.265268899      15.72968469      3.337498880     0.8052498572E-01
   177  203.2022177      159.0436008      192.7313088      3.265268899      19.28200646      3.337498880     0.8343500693E-01
   178  203.3226865      159.0436008      191.5847425      3.265268899      18.42824898      3.337498880     0.8216147637E-01
   179  234.4670944      159.0436008      196.0044646      3.265268899      13.77687038      3.337498880     0.8793336662E-01
   180  213.4053029      159.0436008      193.0892698      3.265268899      16.36872892      3.337498880     0.8609276586E-01
   181  222.1425318      159.0436008      195.0286496      3.265268899      16.84826446      3.337498880     0.8111581411E-01
   182  203.1663471      159.0436008      192.7406014      3.265268899      19.28776512      3.337498880     0.8348771298E-01
   183  235.3101673      159.0436008      196.1868488      3.265268899      13.87778416      3.337498880     0.8799213328E-01
   184  203.1276209      159.0436008      192.6806025      3.265268899      19.27270307      3.337498880     0.8378408827E-01
   185  230.3171221      159.0436008      193.2660716      3.265268899      16.29979397      3.337498880     0.8917148635E-01
   186  204.6965105      159.0436008      207.3832216      3.265268899      18.05849216      3.337498880     0.8517112117E-01
   187  225.3114468      159.0436008      194.5620846      3.267967364      16.66743599      3.337498880     0.8103343195E-01
   188  236.1378822      159.0436008      193.6345893      3.265268899      15.72744465      3.337498880     0.8889076086E-01
   189  219.1068176      159.0436008      195.6129398      3.265268899      13.89954451      3.337498880     0.8701772520E-01
   190  217.5607138      159.0436008      195.8844211      3.265268899      14.17083666      3.337498880     0.8690746661E-01
   191  203.1276209      159.0436008      192.6806025      3.265268899      19.27270307      3.337498880     0.8379133639E-01
   192  226.7764263      159.0436008      194.2761819      3.270764603      16.57718918      3.337498880     0.8099072394E-01
   193  223.7667934      159.0436008      194.8154042      3.265268899      16.75810983      3.337498880     0.8109726082E-01
   194  203.4856385      159.0436008      194.9055514      3.265268899      17.76479350      3.337498880     0.8166262175E-01
   195  203.1481603      159.0436008      192.7378630      3.265268899      19.28731540      3.337498880     0.8368367969E-01
   196  203.2163980      159.0436008      195.0761886      3.265268899      17.68852604      3.337498880     0.8160451022E-01
   197  219.1068176      159.0436008      195.6129398      3.265268899      13.89954451      3.337498880     0.8700327619E-01
   198  202.8640702      159.0436008      196.9006711      3.265268899      19.17158816      3.337498880     0.8406297660E-01
   199  213.5898989      159.0436008      193.4485213      3.265268899      15.51506707      3.337498880     0.8644766420E-01
   200  211.6697065      159.0436008      195.6157246      3.265268899      16.80092393      3.337498880     0.8589228103E-01
   201  204.0024304      159.0436008      195.1770504      3.265268899      17.61071123      3.337498880     0.8156730679E-01
   202  203.6826494      159.0436008      194.6651880      3.265268899      17.83946404      3.337498880     0.8172528717E-01
   203  217.5607138      159.0436008      195.8844211      3.265268899      14.17083666      3.337498880     0.8690151351E-01
   204  203.1418738      159.0436008      192.7186775      3.265268899      19.28120375      3.337498880     0.8373754477E-01
   205  217.5607138      159.0436008      195.8844211      3.265268899      14.17083666      3.337498880     0.8691492196E-01
   206  232.5911586      159.0436008      192.3938630      3.265268899      16.11406040      3.337498880     0.8909330830E-01
   207  218.6558736      159.0436008      195.2465915      3.265268899      17.02626270      3.337498880     0.8123258730E-01
   208  213.4053029      159.0436008      193.0892698      3.265268899      16.36872892      3.337498880     0.8609482741E-01
   209  210.4965151      159.0436008      198.1535137      3.265268899      17.00025342      3.337498880     0.8576424651E-01
   210  214.1474001      159.0436008      195.2099598      3.265268899      17.19212340      3.337498880     0.8969111312E-01
   211  239.0743434      159.0436008      194.9301076      3.265268899      15.01557985      3.337498880     0.8853823580E-01
   212  203.5568562      159.0436008      191.6550363      3.265268899      18.36980867      3.337498880     0.8212913185E-01
   213  202.2043251      159.0436008      202.3819081      3.265268899      19.02184248      3.337498880     0.8431892326E-01
   214  237.3416124      159.0436008      196.4604509      3.265268899      14.18117958      3.337498880     0.8814328171E-01
   215  202.7772052      159.0436008      198.1367386      3.265268899      19.14634978      3.337498880     0.8413565975E-01
   216  236.0703806      159.0436008      196.3105529      3.265268899      13.97856907      3.337498880     0.8803339727E-01
   217  221.8795977      159.0436008      193.1220448      3.265268899      13.06906331      3.337498880     0.8730786070E-01
   218  203.4463277      159.0436008      192.7082519      3.265268899      19.23714584      3.337498880     0.8321480209E-01
   219  220.4388074      159.0436008      195.1724319      3.265268899      16.93770952      3.337498880     0.8117867485E-01
   220  203.3251587      159.0436008      194.9642652      3.265268899      17.67802393      3.337498880     0.8998816086E-01
   221  225.3114468      159.0436008      194.5620846      3.267967364      16.66743599      3.337498880     0.8101964872E-01
   222  221.2682760      159.0436008      194.2304289      3.265268899      13.35672022      3.337498880     0.8723602229E-01
   223  211.1205671      159.0436008      196.9200072      3.265268899      16.90174004      3.337498880     0.8582665071E-01
   224  239.0743434      159.0436008      194.9301076      3.265268899      15.01557985      3.337498880     0.8851843205E-01
   225  227.7160789      159.0436008      194.1085513      3.265268899      16.48117104      3.337498880     0.8928749992E-01
   226  204.9424012      159.0436008      208.0509355      3.265268899      18.28209016      3.337498880     0.8501107942E-01
   227  218.6558736      159.0436008      195.2465915      3.265268899      17.02626270      3.337498880     0.8121174723E-01
   228  211.1205671      159.0436008      196.9200072      3.265268899      16.90174004      3.337498880     0.8583568896E-01
   229  237.5678346      159.0436008      194.2404297      3.265268899      15.52922594      3.337498880     0.8042426793E-01
   230  233.8868073      159.0436008      192.6965557      3.265268899      16.02310438      3.337498880     0.8067108682E-01
   231  234.5328987      159.0436008      192.9126812      3.265268899      15.92312242      3.337498880     0.8895617069E-01
   232  213.7932390      159.0436008      192.8596589      3.265268899      15.64280479      3.337498880     0.8636081410E-01
   233  213.9430243      159.0436008      192.5048686      3.265268899      16.01476643      3.337498880     0.8620256808E-01
   234  212.5209798      159.0436008      194.8041369      3.265268899      15.12103672      3.337498880     0.8656171114E-01
   235  202.5024537      159.0436008      194.3649632      3.265268899      18.92809099      3.337498880     0.8267905573E-01
   236  216.6725060      159.0436008      195.9152328      3.265268899      14.30740268      3.337498880     0.8688957916E-01
   237  203.4953298      159.0436008      192.8118884      3.265268899      19.22046385      3.337498880     0.8315693577E-01
   238  238.6614948      159.0436008      194.3449868      3.265268899      15.22218994      3.337498880     0.8861940261E-01
   239  213.9697323      159.0436008      192.3322639      3.265268899      15.89262467      3.337498880     0.8629972979E-01
   240  218.0043268      159.0436008      195.3146833      3.265268899      17.01923543      3.337498880     0.8955854497E-01
   241  236.9985285      159.0436008      194.0508835      3.265268899      15.62985611      3.337498880     0.8046529366E-01
   242  239.1403645      159.0436008      194.9797442      3.265268899      15.01636741      3.337498880     0.8019049742E-01
   243  203.4856385      159.0436008      194.9055514      3.265268899      17.76479350      3.337498880     0.8169018298E-01
   244  217.5607138      159.0436008      195.8844211      3.265268899      14.17083666      3.337498880     0.8690526669E-01
   245  215.7080441      159.0436008      195.8762704      3.265268899      14.44315907      3.337498880     0.8681729836E-01
   246  238.8818383      159.0436008      196.1361673      3.265268899      14.59755472      3.337498880     0.8833357706E-01
   247  202.0418044      159.0436008      193.3819149      3.265268899      18.70168072      3.337498880     0.8242966805E-01
   248  204.0560917      159.0436008      204.7974674      3.265268899      17.64796200      3.337498880     0.8543087711E-01
   249  214.6677020      159.0436008      195.7677101      3.265268899      14.57904036      3.337498880     0.8675164575E-01
   250  204.7399888      159.0436008      208.1269810      3.265268899      18.42005528      3.337498880     0.8491013229E-01
   251  203.3219996      159.0436008      206.0698854      3.265268899      18.81807136      3.337498880     0.8459334026E-01
   252  238.7676585      159.0436008      194.4052124      3.265268899      15.22324026      3.337498880     0.8026972277E-01
   253  203.4463277      159.0436008      192.7082519      3.265268899      19.23714584      3.337498880     0.8323053436E-01
   254  207.2563322      159.0436008      202.3773428      3.265268899      17.37798571      3.337498880     0.8559091674E-01
   255  212.9535042      159.0436008      194.4209089      3.265268899      15.25408685      3.337498880     0.8653764223E-01
   256  237.8522656      159.0436008      196.4445757      3.265268899      14.28440258      3.337498880     0.8815289026E-01
   257  208.1772928      159.0436008      201.4279955      3.265268899      17.28459673      3.337498880     0.8562652832E-01
   258  204.9338177      159.0436008      207.9022886      3.265268899      18.20966149      3.337498880     0.8506150099E-01
   259  238.6614948      159.0436008      194.3449868      3.265268899      15.22218994      3.337498880     0.8864709746E-01
   260  203.8320906      159.0436008      194.3552247      3.265268899      17.91246590      3.337498880     0.8176693692E-01
   261  217.5607138      159.0436008      195.8844211      3.265268899      14.17083666      3.337498880     0.8690888503E-01
   262  227.6748715      159.0436008      193.8082915      3.265268899      13.16320503      3.337498880     0.8763069195E-01
   263  233.6038727      159.0436008      192.4983350      3.265268899      16.01912193      3.337498880     0.8903954167E-01
   264  226.2551458      159.0436008      193.2014304      3.265268899      13.06030241      3.337498880     0.8757682656E-01
   265  203.1418738      159.0436008      192.7186775      3.265268899      19.28120375      3.337498880     0.8372396453E-01
   266  238.3273265      159.0436008      194.3409062      3.265268899      15.32465021      3.337498880     0.8867185428E-01
   267  233.5412861      159.0436008      195.8110846      3.265268899      13.67559132      3.337498880     0.8785484117E-01
   268  213.9198431      159.0436008      192.2724787      3.265268899      15.76866086      3.337498880     0.8631560400E-01
   269  213.7932390      159.0436008      192.8596589      3.265268899      15.64280479      3.337498880     0.8635649900E-01
   270  203.1481603      159.0436008      192.7378630      3.265268899      19.28731540      3.337498880     0.8367873470E-01
   271  239.1532606      159.0436008      195.2940156      3.265268899      14.91153263      3.337498880     0.8849410367E-01
   272  237.5678346      159.0436008      194.2404297      3.265268899      15.52922594      3.337498880     0.8040040323E-01
   273  218.0043268      159.0436008      195.3146833      3.265268899      17.01923543      3.337498880     0.8957709732E-01
   274  202.7672393      159.0436008      192.1253396      3.265268899      18.54223520      3.337498880     0.8227473216E-01
   275  210.7411594      159.0436008      195.1307599      3.265268899      17.36840026      3.337498880     0.8142337473E-01
   276  202.5024537      159.0436008      194.3649632      3.265268899      18.92809099      3.337498880     0.8265911663E-01
   277  203.8320906      159.0436008      194.3552247      3.265268899      17.91246590      3.337498880     0.8177321300E-01
   278  202.1408755      159.0436008      193.0196247      3.265268899      18.65040841      3.337498880     0.8239096811E-01
   279  204.9424012      159.0436008      208.0509355      3.265268899      18.28209016      3.337498880     0.8500097215E-01
   280  214.8539755      159.0436008      195.1854699      3.265268899      17.19989064      3.337498880     0.8133891544E-01
   281  203.4953298      159.0436008      192.8118884      3.265268899      19.22046385      3.337498880     0.8315186178E-01
   282  203.3279860      159.0436008      192.7078925      3.265268899      19.26387350      3.337498880     0.8334101352E-01
   283  202.0418044      159.0436008      193.3819149      3.265268899      18.70168072      3.337498880     0.8241416329E-01
   284  204.2461326      159.0436008      207.9085935      3.265268899      18.54789485      3.337498880     0.8484236445E-01
   285  208.1772928      159.0436008      201.4279955      3.265268899      17.28459673      3.337498880     0.8561931750E-01
   286  203.0742725      159.0436008      192.5241637      3.265268899      19.24856207      3.337498880     0.8386915558E-01
   287  236.1378822      159.0436008      193.6345893      3.265268899      15.72744465      3.337498880     0.8889778807E-01
   288  204.8518624      159.0436008      207.6797353      3.265268899      18.13508215      3.337498880     0.8512405495E-01
   289  203.3251587      159.0436008      194.9642652      3.265268899      17.67802393      3.337498880     0.8999153327E-01
   290  229.0127292      159.0436008      194.3465660      3.265268899      13.26613402      3.337498880     0.8769962364E-01
   291  226.2551458      159.0436008      193.2014304      3.265268899      13.06030241      3.337498880     0.8757455697E-01
   292  207.2563322      159.0436008      202.3773428      3.265268899      17.37798571      3.337498880     0.8557894513E-01
   293  203.7914737      159.0436008      206.0510990      3.265268899      17.81774798      3.337498880     0.8533084542E-01
   294  206.2621533      159.0436008      203.2555139      3.265268899      17.46995566      3.337498880     0.8551894158E-01
   295  216.6725060      159.0436008      195.9152328      3.265268899      14.30740268      3.337498880     0.8685112099E-01
   296  214.6677020      159.0436008      195.7677101      3.265268899      14.57904036      3.337498880     0.8679040346E-01
   297  213.9198431      159.0436008      192.2724787      3.265268899      15.76866086      3.337498880     0.8631089836E-01
   298  221.6132178      159.0436008      193.7107648      3.265268899      13.21478486      3.337498880     0.8726868973E-01
   299  204.5293861      159.0436008      208.0545821      3.265268899      18.48544960      3.337498880     0.8486821156E-01
   300  239.0529316      159.0436008      195.9214697      3.265268899      14.70287401      3.337498880     0.8003172620E-01
   301  203.4463277      159.0436008      192.7082519      3.265268899      19.23714584      3.337498880     0.8322227720E-01
   302  215.7080441      159.0436008      195.8762704      3.265268899      14.44315907      3.337498880     0.8681287613E-01
   303  202.9325761      159.0436008      195.5953992      3.265268899      19.19443172      3.337498880     0.8400913091E-01
   304  208.5699669      159.0436008      195.1700359      3.265268899      17.45060657      3.337498880     0.8146314249E-01
   305  225.3114468      159.0436008      194.5620846      3.267967364      16.66743599      3.337498880     0.8103574721E-01
   306  232.5328469      159.0436008      195.5484819      3.265268899      13.57382262      3.337498880     0.8780331229E-01
   307  238.7676585      159.0436008      194.4052124      3.265268899      15.22324026      3.337498880     0.8026961726E-01
   308  208.5699669      159.0436008      195.1700359      3.265268899      17.45060657      3.337498880     0.8145731387E-01
   309  203.4851445      159.0436008      193.3133817      3.265268899      19.18012340      3.337498880     0.8307425714E-01
   310  233.6038727      159.0436008      192.4983350      3.265268899      16.01912193      3.337498880     0.8903979250E-01
   311  203.8320906      159.0436008      194.3552247      3.265268899      17.91246590      3.337498880     0.8179250036E-01
   312  212.5209798      159.0436008      194.8041369      3.265268899      15.12103672      3.337498880     0.8655354785E-01
   313  205.1952453      159.0436008      204.0623224      3.265268899      17.56000678      3.337498880     0.8547865463E-01
   314  212.1053901      159.0436008      195.0867932      3.265268899      17.27663351      3.337498880     0.8974840174E-01
   315  212.8360948      159.0436008      195.0615288      3.265268899      17.28481490      3.337498880     0.8138803607E-01
   316  237.9078823      159.0436008      194.2678503      3.265268899      15.42647799      3.337498880     0.8872221463E-01
   317  202.3926722      159.0436008      201.4265016      3.265268899      19.05641027      3.337498880     0.8426125863E-01
   318  234.5328987      159.0436008      192.9126812      3.265268899      15.92312242      3.337498880     0.8897384479E-01
   319  203.2022177      159.0436008      192.7313088      3.265268899      19.28200646      3.337498880     0.8340940712E-01
   320  203.9928789      159.0436008      193.2341682      3.265268899      18.12023090      3.337498880     0.8190549585E-01
   321  209.0245721      159.0436008      200.4075581      3.265268899      17.19033534      3.337498880     0.8566877207E-01
   322  204.9338177      159.0436008      207.9022886      3.265268899      18.20966149      3.337498880     0.8505218914E-01
   323  203.5568562      159.0436008      191.6550363      3.265268899      18.36980867      3.337498880     0.8214280006E-01
   324  202.9325761      159.0436008      195.5953992      3.265268899      19.19443172      3.337498880     0.8404054862E-01
   325  219.8180823      159.0436008      195.2631959      3.265268899      16.93118015      3.337498880     0.8950068484E-01
   326  236.0703806      159.0436008      196.3105529      3.265268899      13.97856907      3.337498880     0.8801011213E-01
   327  212.6676189      159.0436008      193.4032137      3.265268899      16.59195608      3.337498880     0.8595464865E-01
   328  209.9884682      159.0436008      195.0880143      3.265268899      17.35978890      3.337498880     0.8977986442E-01
   329  239.1403645      159.0436008      194.9797442      3.265268899      15.01636741      3.337498880     0.8018129264E-01
   330  218.3722784      159.0436008      195.7836887      3.265268899      14.03359735      3.337498880     0.8698540266E-01
   331  203.1481603      159.0436008      192.7378630      3.265268899      19.28731540      3.337498880     0.8366250615E-01
   332  209.7977600      159.0436008      199.3160568      3.265268899      17.09591069      3.337498880     0.8574083048E-01
   333  213.6605887      159.0436008      192.8821398      3.265268899      16.25403103      3.337498880     0.8613783041E-01
   334  239.0743434      159.0436008      194.9301076      3.265268899      15.01557985      3.337498880     0.8851567321E-01
   335  203.2171928      159.0436008      194.0319579      3.265268899      19.10215015      3.337498880     0.8291962739E-01
   336  239.1403645      159.0436008      194.9797442      3.265268899      15.01636741      3.337498880     0.8017758006E-01
   337  203.3219996      159.0436008      206.0698854      3.265268899      18.81807136      3.337498880     0.8458803020E-01
   338  225.3114468      159.0436008      194.5620846      3.267967364      16.66743599      3.337498880     0.8102359925E-01
   339  203.1484807      159.0436008      192.7467275      3.265268899      19.29102734      3.337498880     0.8363251291E-01
   340  203.2163980      159.0436008      195.0761886      3.265268899      17.68852604      3.337498880     0.8164454300E-01
   341  207.7972399      159.0436008      195.1265959      3.265268899      17.44154769      3.337498880     0.8983428483E-01
   342  204.2461326      159.0436008      207.9085935      3.265268899      18.54789485      3.337498880     0.8482519756E-01
   343  219.7639774      159.0436008      195.3721469      3.265268899      13.76474164      3.337498880     0.8709544066E-01
   344  203.4851445      159.0436008      193.3133817      3.265268899      19.18012340      3.337498880     0.8307120699E-01
   345  231.4418705      159.0436008      195.2167831      3.265268899      13.47158105      3.337498880     0.8777582163E-01
   346  238.2793354      159.0436008      196.3772552      3.265268899      14.38834468      3.337498880     0.8823411652E-01
   347  231.8382399      159.0436008      192.5641927      3.271425199      16.21225035      3.337498880     0.8079631883E-01
   348  203.1418738      159.0436008      192.7186775      3.265268899      19.28120375      3.337498880     0.8373053493E-01
   349  231.4953575      159.0436008      192.7931907      3.265268899      16.20758889      3.337498880     0.8910059405E-01
   350  203.1481603      159.0436008      192.7378630      3.265268899      19.28731540      3.337498880     0.8368411726E-01
   351  234.5328987      159.0436008      192.9126812      3.265268899      15.92312242      3.337498880     0.8895887115E-01
   352  203.6826494      159.0436008      194.6651880      3.265268899      17.83946404      3.337498880     0.8174741644E-01
   353  236.8130911      159.0436008      193.9146856      3.265268899      15.62797243      3.337498880     0.8882819005E-01
   354  203.3444137      159.0436008      205.4605472      3.265268899      17.73385647      3.337498880     0.8539013135E-01
   355  203.9928789      159.0436008      193.2341682      3.265268899      18.12023090      3.337498880     0.8193760487E-01
   356  203.7914737      159.0436008      206.0510990      3.265268899      17.81774798      3.337498880     0.8532510744E-01
   357  232.5911586      159.0436008      192.3938630      3.265268899      16.11406040      3.337498880     0.8908069776E-01
   358  227.7160789      159.0436008      194.1085513      3.265268899      16.48117104      3.337498880     0.8928730750E-01
   359  203.8320906      159.0436008      194.3552247      3.265268899      17.91246590      3.337498880     0.8177714537E-01
   360  239.1532606      159.0436008      195.2940156      3.265268899      14.91153263      3.337498880     0.8848230859E-01
   361  203.3226865      159.0436008      191.5847425      3.265268899      18.42824898      3.337498880     0.8216050475E-01
   362  203.2163980      159.0436008      195.0761886      3.265268899      17.68852604      3.337498880     0.8160325584E-01
   363  212.1855622      159.0436008      194.2409984      3.265268899      16.69818352      3.337498880     0.8592091574E-01
   364  202.8924126      159.0436008      194.3097580      3.265268899      19.03898985      3.337498880     0.8283078806E-01
   365  219.7639774      159.0436008      195.3721469      3.265268899      13.76474164      3.337498880     0.8705494811E-01
   366  202.2062521      159.0436008      193.9737607      3.265268899      18.79834261      3.337498880     0.8251291092E-01
   367  202.7928325      159.0436008      204.8150028      3.265268899      18.90592239      3.337498880     0.8449385539E-01
   368  238.2793354      159.0436008      196.3772552      3.265268899      14.38834468      3.337498880     0.8822752402E-01
   369  203.3251587      159.0436008      194.9642652      3.265268899      17.67802393      3.337498880     0.8999613957E-01
   370  204.8518624      159.0436008      207.6797353      3.265268899      18.13508215      3.337498880     0.8511783357E-01
   371  204.0560917      159.0436008      204.7974674      3.265268899      17.64796200      3.337498880     0.8542873552E-01
   372  231.8382399      159.0436008      192.5641927      3.271425199      16.21225035      3.337498880     0.8075793874E-01
   373  238.3273265      159.0436008      194.3409062      3.265268899      15.32465021      3.337498880     0.8867632822E-01
   374  203.4274886      159.0436008      193.5806895      3.265268899      19.15642510      3.337498880     0.8304840563E-01
   375  203.3219996      159.0436008      206.0698854      3.265268899      18.81807136      3.337498880     0.8455350287E-01
   376  232.9030801      159.0436008      192.2675524      3.268708148      16.11837607      3.337498880     0.8072265867E-01
   377  209.7977600      159.0436008      199.3160568      3.265268899      17.09591069      3.337498880     0.8572421826E-01
   378  217.5607138      159.0436008      195.8844211      3.265268899      14.17083666      3.337498880     0.8693633332E-01
   379  234.5328987      159.0436008      192.9126812      3.265268899      15.92312242      3.337498880     0.8895407135E-01
   380  223.7667934      159.0436008      194.8154042      3.265268899      16.75810983      3.337498880     0.8107719357E-01
   381  202.1638532      159.0436008      203.2656042      3.265268899      18.98521512      3.337498880     0.8439228224E-01
   382  223.7667934      159.0436008      194.8154042      3.265268899      16.75810983      3.337498880     0.8108765927E-01
   383  238.7676585      159.0436008      194.4052124      3.265268899      15.22324026      3.337498880     0.8028930524E-01
   384  202.1408755      159.0436008      193.0196247      3.265268899      18.65040841      3.337498880     0.8235315388E-01
   385  221.5545909      159.0436008      195.1426218      3.265268899      16.84221822      3.337498880     0.8945721284E-01
   386  222.0672366      159.0436008      192.6979256      3.265268899      12.92440571      3.337498880     0.8737612285E-01
   387  236.9985285      159.0436008      194.0508835      3.265268899      15.62985611      3.337498880     0.8049667235E-01
   388  226.2551458      159.0436008      193.2014304      3.265268899      13.06030241      3.337498880     0.8757211177E-01
   389  202.7928325      159.0436008      204.8150028      3.265268899      18.90592239      3.337498880     0.8448252362E-01
   390  231.4418705      159.0436008      195.2167831      3.265268899      13.47158105      3.337498880     0.8777454989E-01
   391  216.6725060      159.0436008      195.9152328      3.265268899      14.30740268      3.337498880     0.8685998902E-01
   392  211.1205671      159.0436008      196.9200072      3.265268899      16.90174004      3.337498880     0.8583538831E-01
   393  203.3444137      159.0436008      205.4605472      3.265268899      17.73385647      3.337498880     0.8537140741E-01
   394  221.2682760      159.0436008      194.2304289      3.265268899      13.35672022      3.337498880     0.8724430583E-01
   395  204.9424012      159.0436008      208.0509355      3.265268899      18.28209016      3.337498880     0.8504805513E-01
   396  202.5024537      159.0436008      194.3649632      3.265268899      18.92809099      3.337498880     0.8266264168E-01
   397  225.3114468      159.0436008      194.5620846      3.267967364      16.66743599      3.337498880     0.8101875003E-01
   398  203.5568562      159.0436008      191.6550363      3.265268899      18.36980867      3.337498880     0.8213183399E-01
   399  212.1053901      159.0436008      195.0867932      3.265268899      17.27663351      3.337498880     0.8973393533E-01
   400  238.6226010      159.0436008      196.2917058      3.265268899      14.49282738      3.337498880     0.8825107464E-01
   401  211.1205671      159.0436008      196.9200072      3.265268899      16.90174004      3.337498880     0.8581139953E-01
   402  203.3226865      159.0436008      191.5847425      3.265268899      18.42824898      3.337498880     0.8219192530E-01
   403  214.1474001      159.0436008      195.2099598      3.265268899      17.19212340      3.337498880     0.8968846078E-01
   404  202.9884923      159.0436008      194.2211151      3.265268899      19.21487586      3.337498880     0.8396041046E-01
   405  202.4020972      159.0436008      194.2905039      3.265268899      18.88689992      3.337498880     0.8261853659E-01
   406  212.1053901      159.0436008      195.0867932      3.265268899      17.27663351      3.337498880     0.8974449868E-01
   407  210.4965151      159.0436008      198.1535137      3.265268899      17.00025342      3.337498880     0.8578936553E-01
   408  204.0026296      159.0436008      193.6751467      3.265268899      18.05296663      3.337498880     0.8186644564E-01
   409  224.7934867      159.0436008      194.7009917      3.265268899      16.66230585      3.337498880     0.8935195041E-01
   410  238.2793354      159.0436008      196.3772552      3.265268899      14.38834468      3.337498880     0.8823059542E-01
   411  203.2163980      159.0436008      195.0761886      3.265268899      17.68852604      3.337498880     0.8161722767E-01
   412  232.9030801      159.0436008      192.2675524      3.268708148      16.11837607      3.337498880     0.8074549038E-01
   413  221.5545909      159.0436008      195.1426218      3.265268899      16.84221822      3.337498880     0.8945681630E-01
   414  232.9030801      159.0436008      192.2675524      3.268708148      16.11837607      3.337498880     0.8071157810E-01
   415  221.5545909      159.0436008      195.1426218      3.265268899      16.84221822      3.337498880     0.8949317903E-01
   416  204.0026296      159.0436008      193.6751467      3.265268899      18.05296663      3.337498880     0.8185999659E-01
   417  226.7764263      159.0436008      194.2761819      3.270764603      16.57718918      3.337498880     0.8096268421E-01
   418  207.7972399      159.0436008      195.1265959      3.265268899      17.44154769      3.337498880     0.8983353156E-01
   419  203.3226865      159.0436008      191.5847425      3.265268899      18.42824898      3.337498880     0.8216487133E-01
   420  204.8777310      159.0436008      208.1257919      3.265268899      18.35224985      3.337498880     0.8499245087E-01
   421  237.3416124      159.0436008      196.4604509      3.265268899      14.18117958      3.337498880     0.8812175819E-01
   422  202.1408755      159.0436008      193.0196247      3.265268899      18.65040841      3.337498880     0.8238991566E-01
   423  221.8795977      159.0436008      193.1220448      3.265268899      13.06906331      3.337498880     0.8731251672E-01
   424  208.5699669      159.0436008      195.1700359      3.265268899      17.45060657      3.337498880     0.8146855519E-01
   425  203.8754327      159.0436008      192.1901245      3.265268899      18.24860535      3.337498880     0.8200711557E-01
   426  203.1468241      159.0436008      192.7491702      3.265268899      19.29232660      3.337498880     0.8359135201E-01
   427  205.5323258      159.0436008      195.1416636      3.265268899      17.52186717      3.337498880     0.8985321567E-01
   428  203.3374159      159.0436008      193.8139569      3.265268899      19.13042103      3.337498880     0.8299575247E-01
   429  216.1139065      159.0436008      195.2969748      3.265268899      17.10629784      3.337498880     0.8961176497E-01
   430  204.7399888      159.0436008      208.1269810      3.265268899      18.42005528      3.337498880     0.8493391432E-01
   431  202.3926722      159.0436008      201.4265016      3.265268899      19.05641027      3.337498880     0.8429799268E-01
   432  213.7932390      159.0436008      192.8596589      3.265268899      15.64280479      3.337498880     0.8636301013E-01
   433  203.4977173      159.0436008      193.0499853      3.265268899      19.20147619      3.337498880     0.8311117766E-01
   434  218.0043268      159.0436008      195.3146833      3.265268899      17.01923543      3.337498880     0.8956294914E-01
   435  202.7928325      159.0436008      204.8150028      3.265268899      18.90592239      3.337498880     0.8448615495E-01
   436  236.8130911      159.0436008      193.9146856      3.265268899      15.62797243      3.337498880     0.8880622091E-01
   437  213.8399035      159.0436008      192.6674433      3.265268899      16.13536848      3.337498880     0.8615486494E-01
   438  204.2461326      159.0436008      207.9085935      3.265268899      18.54789485      3.337498880     0.8481498284E-01
   439  204.0560917      159.0436008      204.7974674      3.265268899      17.64796200      3.337498880     0.8541667417E-01
   440  236.0703806      159.0436008      196.3105529      3.265268899      13.97856907      3.337498880     0.8804276578E-01
   441  203.9427701      159.0436008      207.6889220      3.265268899      18.60782282      3.337498880     0.8476447071E-01
   442  213.3099165      159.0436008      193.9689896      3.265268899      15.38547683      3.337498880     0.8645925165E-01
   443  234.7888216      159.0436008      193.0899824      3.265268899      15.92646524      3.337498880     0.8064247973E-01
   444  237.8522656      159.0436008      196.4445757      3.265268899      14.28440258      3.337498880     0.8815679312E-01
   445  218.6558736      159.0436008      195.2465915      3.265268899      17.02626270      3.337498880     0.8122199005E-01
   446  235.3101673      159.0436008      196.1868488      3.265268899      13.87778416      3.337498880     0.8798677683E-01
   447  203.1276209      159.0436008      192.6806025      3.265268899      19.27270307      3.337498880     0.8375822358E-01
   448  202.7928325      159.0436008      204.8150028      3.265268899      18.90592239      3.337498880     0.8446363221E-01
   449  238.7676585      159.0436008      194.4052124      3.265268899      15.22324026      3.337498880     0.8026649714E-01
   450  233.6038727      159.0436008      192.4983350      3.265268899      16.01912193      3.337498880     0.8901743102E-01
   451  212.6676189      159.0436008      193.4032137      3.265268899      16.59195608      3.337498880     0.8596320479E-01
   452  203.1468241      159.0436008      192.7491702      3.265268899      19.29232660      3.337498880     0.8358290367E-01
   453  233.5412861      159.0436008      195.8110846      3.265268899      13.67559132      3.337498880     0.8786205916E-01
   454  227.6748715      159.0436008      193.8082915      3.265268899      13.16320503      3.337498880     0.8762831897E-01
   455  230.3171221      159.0436008      193.2660716      3.265268899      16.29979397      3.337498880     0.8915699003E-01
   456  206.3234031      159.0436008      195.2081595      3.265268899      17.53139124      3.337498880     0.8153147203E-01
   457  221.5545909      159.0436008      195.1426218      3.265268899      16.84221822      3.337498880     0.8945048442E-01
   458  202.3926722      159.0436008      201.4265016      3.265268899      19.05641027      3.337498880     0.8429158293E-01
   459  238.6614948      159.0436008      194.3449868      3.265268899      15.22218994      3.337498880     0.8863436775E-01
   460  232.5328469      159.0436008      195.5484819      3.265268899      13.57382262      3.337498880     0.8781881096E-01
   461  231.8382399      159.0436008      192.5641927      3.271425199      16.21225035      3.337498880     0.8075583928E-01
   462  203.2587148      159.0436008      192.7201868      3.265268899      19.27401093      3.337498880     0.8339075110E-01
   463  239.0568288      159.0436008      195.9105778      3.265268899      14.70231396      3.337498880     0.8835367276E-01
   464  239.1403645      159.0436008      194.9797442      3.265268899      15.01636741      3.337498880     0.8017812045E-01
   465  203.1481603      159.0436008      192.7378630      3.265268899      19.28731540      3.337498880     0.8367037520E-01
   466  235.3101673      159.0436008      196.1868488      3.265268899      13.87778416      3.337498880     0.8799598363E-01
   467  239.1532606      159.0436008      195.2940156      3.265268899      14.91153263      3.337498880     0.8849681381E-01
   468  212.1855622      159.0436008      194.2409984      3.265268899      16.69818352      3.337498880     0.8594963753E-01
   469  207.2563322      159.0436008      202.3773428      3.265268899      17.37798571      3.337498880     0.8555795691E-01
   470  202.3029403      159.0436008      194.1665997      3.265268899      18.84364130      3.337498880     0.8258174759E-01
   471  210.7411594      159.0436008      195.1307599      3.265268899      17.36840026      3.337498880     0.8143166525E-01
   472  203.9701912      159.0436008      192.7244503      3.265268899      18.18542979      3.337498880     0.8199783833E-01
   473  229.0127292      159.0436008      194.3465660      3.265268899      13.26613402      3.337498880     0.8766886690E-01
   474  234.7888216      159.0436008      193.0899824      3.265268899      15.92646524      3.337498880     0.8064599793E-01
   475  221.6132178      159.0436008      193.7107648      3.265268899      13.21478486      3.337498880     0.8728720426E-01
   476  213.0742526      159.0436008      193.2521756      3.265268899      16.48170536      3.337498880     0.8604199235E-01
   477  231.4418705      159.0436008      195.2167831      3.265268899      13.47158105      3.337498880     0.8776545052E-01
   478  203.0353304      159.0436008      192.7780086      3.265268899      19.23291720      3.337498880     0.8392694217E-01
   479  239.1976168      159.0436008      195.3238223      3.265268899      14.91221968      3.337498880     0.8011710762E-01
   480  238.2793354      159.0436008      196.3772552      3.265268899      14.38834468      3.337498880     0.8822777803E-01
   481  202.3926722      159.0436008      201.4265016      3.265268899      19.05641027      3.337498880     0.8426542401E-01
   482  234.5328987      159.0436008      192.9126812      3.265268899      15.92312242      3.337498880     0.8898126566E-01
   483  237.3416124      159.0436008      196.4604509      3.265268899      14.18117958      3.337498880     0.8813199291E-01
   484  202.4874126      159.0436008      204.0768603      3.265268899      18.94658840      3.337498880     0.8440490298E-01
   485  203.4463277      159.0436008      192.7082519      3.265268899      19.23714584      3.337498880     0.8320433656E-01
   486  204.1660711      159.0436008      206.5686550      3.265268899      17.89976888      3.337498880     0.8528454761E-01
   487  222.0672366      159.0436008      192.6979256      3.265268899      12.92440571      3.337498880     0.8739164787E-01
   488  210.7411594      159.0436008      195.1307599      3.265268899      17.36840026      3.337498880     0.8142571034E-01
   489  203.9928789      159.0436008      193.2341682      3.265268899      18.12023090      3.337498880     0.8191360213E-01
   490  203.9928789      159.0436008      193.2341682      3.265268899      18.12023090      3.337498880     0.8191106904E-01
   491  226.2946414      159.0436008      194.4391408      3.265268899      16.57183026      3.337498880     0.8933734207E-01
   492  202.6088309      159.0436008      194.4158909      3.265268899      18.96718521      3.337498880     0.8270815664E-01
   493  212.6676189      159.0436008      193.4032137      3.265268899      16.59195608      3.337498880     0.8598858654E-01
   494  239.1403645      159.0436008      194.9797442      3.265268899      15.01636741      3.337498880     0.8017395200E-01
   495  203.1484807      159.0436008      192.7467275      3.265268899      19.29102734      3.337498880     0.8361122203E-01
   496  203.1049877      159.0436008      192.6137232      3.265268899      19.26182188      3.337498880     0.8380861821E-01
   497  210.7411594      159.0436008      195.1307599      3.265268899      17.36840026      3.337498880     0.8144622697E-01
   498  213.5518180      159.0436008      195.5897383      3.265268899      14.71508011      3.337498880     0.8673670103E-01
   499  203.1418738      159.0436008      192.7186775      3.265268899      19.28120375      3.337498880     0.8373415914E-01
   500  239.0529316      159.0436008      195.9214697      3.265268899      14.70287401      3.337498880     0.8001267815E-01
