 Run#  Vfa              Vfb              Vfc              Ifa              Ifb              Ifc              Time                                                               
     1  159.0132565      159.0436008      159.0798204      19.47534316      25.48397876      27.70432731     0.8154622162E-01
     2  159.0132565      159.0436008      159.0798204      27.35538509      18.47209390      25.98001054     0.8734681752E-01
     3  159.0132565      159.0436008      159.0798204      26.11531493      20.31493367      27.14987247     0.8796212365E-01
     4  159.0132565      159.0436008      159.0798204      21.31433049      24.39314974      27.96869090     0.8941223433E-01
     5  159.0132565      159.0436008      159.0798204      19.91811720      25.25061625      27.80351480     0.8142242026E-01
     6  159.0132565      159.0436008      159.0798204      27.99330123      21.43744296      24.32564932     0.8661725103E-01
     7  159.0132565      159.0436008      159.0798204      28.01171959      23.36198717      22.97526563     0.8613810019E-01
     8  159.0132565      159.0436008      159.0798204      22.07426800      27.86935787      24.46829234     0.8304995850E-01
     9  159.0132565      159.0436008      159.0798204      22.97057086      23.30972285      28.07958833     0.8065256602E-01
    10  159.0132565      159.0436008      159.0798204      26.76451031      19.45219473      26.66088324     0.8767704697E-01
    11  159.0132565      159.0436008      159.0798204      25.74243887      20.74976695      27.35777010     0.8812846137E-01
    12  159.0132565      159.0436008      159.0798204      26.97689314      26.42513089      19.95254398     0.8505026636E-01
    13  159.0132565      159.0436008      159.0798204      19.59984574      25.37413370      27.68023446     0.8982670396E-01
    14  159.0132565      159.0436008      159.0798204      27.20507063      18.74850652      26.18579761     0.8741339303E-01
    15  159.0132565      159.0436008      159.0798204      27.84886738      20.38529284      24.95486342     0.8689664966E-01
    16  159.0132565      159.0436008      159.0798204      19.04777253      26.43590051      27.07376582     0.8199088306E-01
    17  159.0132565      159.0436008      159.0798204      22.59522158      23.58412459      28.08953998     0.8077163294E-01
    18  159.0132565      159.0436008      159.0798204      23.60572430      22.76611268      27.96790687     0.8883482151E-01
    19  159.0132565      159.0436008      159.0798204      27.88511720      20.60007101      24.83202374     0.8684514292E-01
    20  159.0132565      159.0436008      159.0798204      28.04678966      22.62334282      23.52819025     0.8631704018E-01
    21  159.0132565      159.0436008      159.0798204      23.68729183      22.75031959      28.01814548     0.8049427402E-01
    22  159.0132565      159.0436008      159.0798204      27.42496241      18.60331078      25.87390239     0.8726341433E-01
    23  159.0132565      159.0436008      159.0798204      28.03621006      22.99827776      23.25355772     0.8620460470E-01
    24  159.0132565      159.0436008      159.0798204      22.59522158      23.58412459      28.08953998     0.8079127626E-01
    25  159.0132565      159.0436008      159.0798204      23.06883383      23.18563885      28.01544110     0.8898003444E-01
    26  159.0132565      159.0436008      159.0798204      27.20507063      18.74850652      26.18579761     0.8743883780E-01
    27  159.0132565      159.0436008      159.0798204      25.94781641      27.41734365      18.49001653     0.8454691880E-01
    28  159.0132565      159.0436008      159.0798204      24.97800873      21.60306034      27.73531633     0.8006429323E-01
    29  159.0132565      159.0436008      159.0798204      23.33471845      23.03164093      28.05572136     0.8057623805E-01
    30  159.0132565      159.0436008      159.0798204      26.54494848      26.93139234      19.23875379     0.8483291297E-01
    31  159.0132565      159.0436008      159.0798204      27.91767321      20.81273724      24.70759615     0.8676828327E-01
    32  159.0132565      159.0436008      159.0798204      25.94781641      27.41734365      18.49001653     0.8453699255E-01
    33  159.0132565      159.0436008      159.0798204      22.64520618      27.99185519      23.80512189     0.8323372770E-01
    34  159.0132565      159.0436008      159.0798204      21.92224916      24.00083907      28.01642832     0.8926141789E-01
    35  159.0132565      159.0436008      159.0798204      27.97175165      21.23148429      24.45419472     0.8665050221E-01
    36  159.0132565      159.0436008      159.0798204      26.81170518      26.63857894      19.66567998     0.8499064103E-01
    37  159.0132565      159.0436008      159.0798204      26.66537297      19.59500619      26.74885569     0.8770371316E-01
    38  159.0132565      159.0436008      159.0798204      28.04678966      22.62334282      23.52819025     0.8630714055E-01
    39  159.0132565      159.0436008      159.0798204      25.03664648      27.85673650      20.27983725     0.8411122028E-01
    40  159.0132565      159.0436008      159.0798204      27.42496241      18.60331078      25.87390239     0.8727932019E-01
    41  159.0132565      159.0436008      159.0798204      23.48113787      28.07440953      22.72169080     0.8353451706E-01
    42  159.0132565      159.0436008      159.0798204      26.15583229      27.27021173      18.67784123     0.8462817739E-01
    43  159.0132565      159.0436008      159.0798204      27.81946590      24.54220639      21.97999025     0.8577739029E-01
    44  159.0132565      159.0436008      159.0798204      23.33471845      23.03164093      28.05572136     0.8059852489E-01
    45  159.0132565      159.0436008      159.0798204      21.31433049      24.39314974      27.96869090     0.8940787634E-01
    46  159.0132565      159.0436008      159.0798204      25.61113551      20.89488374      27.42135656     0.8817762174E-01
    47  159.0132565      159.0436008      159.0798204      20.56913807      24.88752216      27.92443406     0.8128859982E-01
    48  159.0132565      159.0436008      159.0798204      27.12434445      18.88785641      26.28537462     0.8749716709E-01
    49  159.0132565      159.0436008      159.0798204      26.63633517      26.83745531      19.38054802     0.8488732388E-01
    50  159.0132565      159.0436008      159.0798204      20.56913807      24.88752216      27.92443406     0.8125245200E-01
    51  159.0132565      159.0436008      159.0798204      18.92574476      25.71378672      27.51088859     0.8996077455E-01
    52  159.0132565      159.0436008      159.0798204      22.78427052      23.44741139      28.08631611     0.8073780254E-01
    53  159.0132565      159.0436008      159.0798204      24.51749769      22.03596475      27.86568225     0.8024721649E-01
    54  159.0132565      159.0436008      159.0798204      26.81170518      26.63857894      19.66567998     0.8496747274E-01
    55  159.0132565      159.0436008      159.0798204      25.19701393      21.33002306      27.59440601     0.8831429369E-01
    56  159.0132565      159.0436008      159.0798204      25.19701393      21.33002306      27.59440601     0.8833400377E-01
    57  159.0132565      159.0436008      159.0798204      20.47347224      24.89650608      27.85398111     0.8960128325E-01
    58  159.0132565      159.0436008      159.0798204      23.77897576      22.62476473      27.94526194     0.8876766422E-01
    59  159.0132565      159.0436008      159.0798204      25.74243887      20.74976695      27.35777010     0.8813258595E-01
    60  159.0132565      159.0436008      159.0798204      25.62011135      27.61007618      19.17336350     0.8437201902E-01
    61  159.0132565      159.0436008      159.0798204      23.51247478      22.89135772      28.03863380     0.8052367053E-01
    62  159.0132565      159.0436008      159.0798204      20.35414642      25.01021881      27.88783181     0.8133052265E-01
    63  159.0132565      159.0436008      159.0798204      19.33053961      26.62353999      26.89324037     0.8209415634E-01
    64  159.0132565      159.0436008      159.0798204      28.03617990      22.04094670      23.93229888     0.8648557185E-01
    65  159.0132565      159.0436008      159.0798204      22.07426800      27.86935787      24.46829234     0.8300616655E-01
    66  159.0132565      159.0436008      159.0798204      26.15583229      27.27021173      18.67784123     0.8464115667E-01
    67  159.0132565      159.0436008      159.0798204      24.54012871      27.98740133      21.12999493     0.8392021538E-01
    68  159.0132565      159.0436008      159.0798204      27.66674356      19.50784713      25.42925970     0.8705988174E-01
    69  159.0132565      159.0436008      159.0798204      27.46972595      25.56763971      20.96658277     0.8543235406E-01
    70  159.0132565      159.0436008      159.0798204      19.25154618      25.59788241      27.64914173     0.8157469766E-01
    71  159.0132565      159.0436008      159.0798204      27.92181199      24.05418726      22.40948406     0.8594354173E-01
    72  159.0132565      159.0436008      159.0798204      22.36084825      27.93720099      24.14291787     0.8310585269E-01
    73  159.0132565      159.0436008      159.0798204      24.97800873      21.60306034      27.73531633     0.8006614701E-01
    74  159.0132565      159.0436008      159.0798204      18.57034559      25.92782927      27.46118337     0.8173277928E-01
    75  159.0132565      159.0436008      159.0798204      21.49622300      27.69515125      25.08049592     0.8282137727E-01
    76  159.0132565      159.0436008      159.0798204      23.42949074      22.90674532      27.98716990     0.8888778204E-01
    77  159.0132565      159.0436008      159.0798204      27.76524634      19.94977008      25.19556303     0.8695267584E-01
    78  159.0132565      159.0436008      159.0798204      23.75300620      28.07411504      22.33903183     0.8362284842E-01
    79  159.0132565      159.0436008      159.0798204      22.11994398      23.86754471      28.02512926     0.8921341443E-01
    80  159.0132565      159.0436008      159.0798204      19.37673638      25.48911523      27.62751182     0.8985631359E-01
    81  159.0132565      159.0436008      159.0798204      26.97689314      26.42513089      19.95254398     0.8506255230E-01
    82  159.0132565      159.0436008      159.0798204      28.04678966      22.62334282      23.52819025     0.8631645654E-01
    83  159.0132565      159.0436008      159.0798204      22.97057086      23.30972285      28.07958833     0.8068509411E-01
    84  159.0132565      159.0436008      159.0798204      25.62011135      27.61007618      19.17336350     0.8437664509E-01
    85  159.0132565      159.0436008      159.0798204      25.33818960      21.18506435      27.53971487     0.8827403156E-01
    86  159.0132565      159.0436008      159.0798204      19.02606577      25.70986091      27.59022322     0.8164843000E-01
    87  159.0132565      159.0436008      159.0798204      27.13153025      26.19749103      20.24073937     0.8516302390E-01
    88  159.0132565      159.0436008      159.0798204      26.72526969      26.73984623      19.52287288     0.8494265349E-01
    89  159.0132565      159.0436008      159.0798204      20.99274231      24.63741055      27.98657485     0.8117718638E-01
    90  159.0132565      159.0436008      159.0798204      26.81170518      26.63857894      19.66567998     0.8497140632E-01
    91  159.0132565      159.0436008      159.0798204      25.73136763      27.54956383      18.94680390     0.8442598273E-01
    92  159.0132565      159.0436008      159.0798204      27.12434445      18.88785641      26.28537462     0.8749178553E-01
    93  159.0132565      159.0436008      159.0798204      25.73136763      27.54956383      18.94680390     0.8443946136E-01
    94  159.0132565      159.0436008      159.0798204      24.79150950      27.92942953      20.70886161     0.8402706118E-01
    95  159.0132565      159.0436008      159.0798204      21.49622300      27.69515125      25.08049592     0.8281717776E-01
    96  159.0132565      159.0436008      159.0798204      25.19701393      21.33002306      27.59440601     0.8830668830E-01
    97  159.0132565      159.0436008      159.0798204      23.51247478      22.89135772      28.03863380     0.8051021915E-01
    98  159.0132565      159.0436008      159.0798204      27.27525451      25.95607345      20.53073365     0.8525332440E-01
    99  159.0132565      159.0436008      159.0798204      20.91542645      27.47154344      25.64107520     0.8262317995E-01
   100  159.0132565      159.0436008      159.0798204      26.56258959      19.73827566      26.83430079     0.8778545281E-01
   101  159.0132565      159.0436008      159.0798204      24.82777068      21.74768934      27.78193241     0.8010534664E-01
   102  159.0132565      159.0436008      159.0798204      23.33471845      23.03164093      28.05572136     0.8056092631E-01
   103  159.0132565      159.0436008      159.0798204      27.12434445      18.88785641      26.28537462     0.8748843036E-01
   104  159.0132565      159.0436008      159.0798204      25.99455207      20.45974038      27.22198555     0.8804914036E-01
   105  159.0132565      159.0436008      159.0798204      18.90771719      26.33854843      27.15849872     0.8190206568E-01
   106  159.0132565      159.0436008      159.0798204      25.99455207      20.45974038      27.22198555     0.8801785778E-01
   107  159.0132565      159.0436008      159.0798204      28.01171959      23.36198717      22.97526563     0.8613565742E-01
   108  159.0132565      159.0436008      159.0798204      19.04777253      26.43590051      27.07376582     0.8199423411E-01
   109  159.0132565      159.0436008      159.0798204      27.66674356      19.50784713      25.42925970     0.8709276883E-01
   110  159.0132565      159.0436008      159.0798204      25.61113551      20.89488374      27.42135656     0.8816576982E-01
   111  159.0132565      159.0436008      159.0798204      19.33053961      26.62353999      26.89324037     0.8209341470E-01
   112  159.0132565      159.0436008      159.0798204      24.79150950      27.92942953      20.70886161     0.8402090485E-01
   113  159.0132565      159.0436008      159.0798204      21.72204390      24.13290836      28.00413338     0.8934788033E-01
   114  159.0132565      159.0436008      159.0798204      19.59984574      25.37413370      27.68023446     0.8982476275E-01
   115  159.0132565      159.0436008      159.0798204      26.45115685      27.02164676      19.09753795     0.8478760750E-01
   116  159.0132565      159.0436008      159.0798204      27.34291437      25.83007980      20.67595973     0.8531921725E-01
   117  159.0132565      159.0436008      159.0798204      24.97800873      21.60306034      27.73531633     0.8008424863E-01
   118  159.0132565      159.0436008      159.0798204      27.94933687      23.88565532      22.55193972     0.8596668366E-01
   119  159.0132565      159.0436008      159.0798204      19.33053961      26.62353999      26.89324037     0.8205222140E-01
   120  159.0132565      159.0436008      159.0798204      18.79897441      25.81986073      27.52757031     0.8168509701E-01
   121  159.0132565      159.0436008      159.0798204      19.91811720      25.25061625      27.80351480     0.8142542685E-01
   122  159.0132565      159.0436008      159.0798204      27.61189673      19.28419235      25.54334550     0.8714906506E-01
   123  159.0132565      159.0436008      159.0798204      25.50690459      27.66685686      19.39826248     0.8433640324E-01
   124  159.0132565      159.0436008      159.0798204      18.90771719      26.33854843      27.15849872     0.8192929618E-01
   125  159.0132565      159.0436008      159.0798204      27.73508797      24.85180090      21.69166986     0.8568084428E-01
   126  159.0132565      159.0436008      159.0798204      26.23251971      20.17033300      27.07500275     0.8794979476E-01
   127  159.0132565      159.0436008      159.0798204      19.75889231      26.88661908      26.59495116     0.8220049918E-01
   128  159.0132565      159.0436008      159.0798204      24.15232883      28.04699002      21.74553087     0.8378976297E-01
   129  159.0132565      159.0436008      159.0798204      25.94781641      27.41734365      18.49001653     0.8454628311E-01
   130  159.0132565      159.0436008      159.0798204      21.51938501      24.26369700      27.98822657     0.8938028176E-01
   131  159.0132565      159.0436008      159.0798204      25.62011135      27.61007618      19.17336350     0.8439551017E-01
   132  159.0132565      159.0436008      159.0798204      27.34291437      25.83007980      20.67595973     0.8533942486E-01
   133  159.0132565      159.0436008      159.0798204      20.04055682      25.13875243      27.77452351     0.8971369062E-01
   134  159.0132565      159.0436008      159.0798204      26.11531493      20.31493367      27.14987247     0.8799818407E-01
   135  159.0132565      159.0436008      159.0798204      27.52886462      25.43124351      21.11187445     0.8547969563E-01
   136  159.0132565      159.0436008      159.0798204      27.49099534      18.83185127      25.76572029     0.8724448501E-01
   137  159.0132565      159.0436008      159.0798204      25.87025246      20.60470195      27.29129911     0.8805956376E-01
   138  159.0132565      159.0436008      159.0798204      27.66674356      19.50784713      25.42925970     0.8708814129E-01
   139  159.0132565      159.0436008      159.0798204      24.02816709      22.46619797      27.96707659     0.8039067746E-01
   140  159.0132565      159.0436008      159.0798204      28.01171959      23.36198717      22.97526563     0.8611609682E-01
   141  159.0132565      159.0436008      159.0798204      22.64520618      27.99185519      23.80512189     0.8323921916E-01
   142  159.0132565      159.0436008      159.0798204      19.25154618      25.59788241      27.64914173     0.8155638182E-01
   143  159.0132565      159.0436008      159.0798204      25.74243887      20.74976695      27.35777010     0.8810927270E-01
   144  159.0132565      159.0436008      159.0798204      20.62526819      27.34201581      25.90078681     0.8254632906E-01
   145  159.0132565      159.0436008      159.0798204      28.02569173      23.18156144      23.11484128     0.8615246265E-01
   146  159.0132565      159.0436008      159.0798204      25.73136763      27.54956383      18.94680390     0.8443983953E-01
   147  159.0132565      159.0436008      159.0798204      24.02816709      22.46619797      27.96707659     0.8038293391E-01
   148  159.0132565      159.0436008      159.0798204      27.94933687      23.88565532      22.55193972     0.8597030671E-01
   149  159.0132565      159.0436008      159.0798204      21.78591168      27.78858186      24.78091813     0.8294489611E-01
   150  159.0132565      159.0436008      159.0798204      26.63633517      26.83745531      19.38054802     0.8486885551E-01
   151  159.0132565      159.0436008      159.0798204      22.20905857      23.85440296      28.08538068     0.8085449920E-01
   152  159.0132565      159.0436008      159.0798204      19.25154618      25.59788241      27.64914173     0.8156798886E-01
   153  159.0132565      159.0436008      159.0798204      22.50333358      27.96619189      23.97555110     0.8318872675E-01
   154  159.0132565      159.0436008      159.0798204      21.78591168      27.78858186      24.78091813     0.8293056257E-01
   155  159.0132565      159.0436008      159.0798204      24.66657175      27.96024939      20.92020431     0.8396507028E-01
   156  159.0132565      159.0436008      159.0798204      22.01205523      23.98785688      28.07795273     0.8093615287E-01
   157  159.0132565      159.0436008      159.0798204      24.54012871      27.98740133      21.12999493     0.8392129065E-01
   158  159.0132565      159.0436008      159.0798204      27.05555335      26.31298325      20.09650068     0.8513198579E-01
   159  159.0132565      159.0436008      159.0798204      22.78641053      28.01416200      23.63167402     0.8328508909E-01
   160  159.0132565      159.0436008      159.0798204      20.48031412      27.27296757      26.02539032     0.8249233788E-01
   161  159.0132565      159.0436008      159.0798204      23.94919915      22.48275793      27.91926382     0.8872267012E-01
   162  159.0132565      159.0436008      159.0798204      18.90771719      26.33854843      27.15849872     0.8191677825E-01
   163  159.0132565      159.0436008      159.0798204      27.27525451      25.95607345      20.53073365     0.8529207279E-01
   164  159.0132565      159.0436008      159.0798204      24.41223635      28.01089896      21.33752269     0.8386741864E-01
   165  159.0132565      159.0436008      159.0798204      20.04055682      25.13875243      27.77452351     0.8970503941E-01
   166  159.0132565      159.0436008      159.0798204      20.77032339      27.40822201      25.77267324     0.8259739153E-01
   167  159.0132565      159.0436008      159.0798204      25.62011135      27.61007618      19.17336350     0.8435947968E-01
   168  159.0132565      159.0436008      159.0798204      19.82114213      25.25732844      27.72923647     0.8977504258E-01
   169  159.0132565      159.0436008      159.0798204      22.50758096      23.59750436      28.03182760     0.8914064771E-01
   170  159.0132565      159.0436008      159.0798204      27.84886738      20.38529284      24.95486342     0.8686598204E-01
   171  159.0132565      159.0436008      159.0798204      28.01121126      21.64104524      24.19582165     0.8656013457E-01
   172  159.0132565      159.0436008      159.0798204      28.02569173      23.18156144      23.11484128     0.8618178691E-01
   173  159.0132565      159.0436008      159.0798204      27.42496241      18.60331078      25.87390239     0.8729253013E-01
   174  159.0132565      159.0436008      159.0798204      27.63812085      25.14823422      21.40215343     0.8555389937E-01
   175  159.0132565      159.0436008      159.0798204      25.62011135      27.61007618      19.17336350     0.8438675731E-01
   176  159.0132565      159.0436008      159.0798204      25.47636804      21.04000032      27.48201861     0.8823005765E-01
   177  159.0132565      159.0436008      159.0798204      20.77032339      27.40822201      25.77267324     0.8257894513E-01
   178  159.0132565      159.0436008      159.0798204      25.50690459      27.66685686      19.39826248     0.8433085324E-01
   179  159.0132565      159.0436008      159.0798204      24.11635069      22.34014866      27.88994241     0.8865047937E-01
   180  159.0132565      159.0436008      159.0798204      24.28038743      22.19699542      27.85732886     0.8860672631E-01
   181  159.0132565      159.0436008      159.0798204      22.64520618      27.99185519      23.80512189     0.8324905359E-01
   182  159.0132565      159.0436008      159.0798204      27.88511720      20.60007101      24.83202374     0.8684366559E-01
   183  159.0132565      159.0436008      159.0798204      19.69738497      25.36820431      27.75578331     0.8148764891E-01
   184  159.0132565      159.0436008      159.0798204      21.78591168      27.78858186      24.78091813     0.8291525618E-01
   185  159.0132565      159.0436008      159.0798204      27.94654705      21.02322885      24.58163483     0.8671059092E-01
   186  159.0132565      159.0436008      159.0798204      26.72526969      26.73984623      19.52287288     0.8490157360E-01
   187  159.0132565      159.0436008      159.0798204      22.78427052      23.44741139      28.08631611     0.8074756903E-01
   188  159.0132565      159.0436008      159.0798204      25.62011135      27.61007618      19.17336350     0.8439263298E-01
   189  159.0132565      159.0436008      159.0798204      27.76524634      19.94977008      25.19556303     0.8698255886E-01
   190  159.0132565      159.0436008      159.0798204      27.89097076      24.21974282      22.26667555     0.8586671255E-01
   191  159.0132565      159.0436008      159.0798204      18.62972840      26.13746631      27.31721775     0.8183788440E-01
   192  159.0132565      159.0436008      159.0798204      21.72204390      24.13290836      28.00413338     0.8932307890E-01
   193  159.0132565      159.0436008      159.0798204      21.93028376      27.83056961      24.62621824     0.8298701407E-01
   194  159.0132565      159.0436008      159.0798204      21.20564024      27.58936601      25.36753335     0.8274540653E-01
   195  159.0132565      159.0436008      159.0798204      19.18879760      26.53091380      26.98534331     0.8204749068E-01
   196  159.0132565      159.0436008      159.0798204      19.61563458      26.80143984      26.69803302     0.8217591601E-01
   197  159.0132565      159.0436008      159.0798204      23.15406945      23.17111431      28.06938157     0.8062039008E-01
   198  159.0132565      159.0436008      159.0798204      27.84886738      20.38529284      24.95486342     0.8689614061E-01
   199  159.0132565      159.0436008      159.0798204      23.20546172      28.06067024      23.09367490     0.8343517445E-01
   200  159.0132565      159.0436008      159.0798204      26.81170518      26.63857894      19.66567998     0.8497701271E-01
   201  159.0132565      159.0436008      159.0798204      24.11635069      22.34014866      27.88994241     0.8865265112E-01
   202  159.0132565      159.0436008      159.0798204      27.05555335      26.31298325      20.09650068     0.8510742552E-01
   203  159.0132565      159.0436008      159.0798204      23.51247478      22.89135772      28.03863380     0.8050077357E-01
   204  159.0132565      159.0436008      159.0798204      28.02549806      21.84223240      24.06468612     0.8650137201E-01
   205  159.0132565      159.0436008      159.0798204      24.44126829      22.05335366      27.82145560     0.8855941481E-01
   206  159.0132565      159.0436008      159.0798204      25.87025246      20.60470195      27.29129911     0.8808477143E-01
   207  159.0132565      159.0436008      159.0798204      22.59522158      23.58412459      28.08953998     0.8075337973E-01
   208  159.0132565      159.0436008      159.0798204      19.33053961      26.62353999      26.89324037     0.8205312089E-01
   209  159.0132565      159.0436008      159.0798204      27.88511720      20.60007101      24.83202374     0.8680274666E-01
   210  159.0132565      159.0436008      159.0798204      24.15232883      28.04699002      21.74553087     0.8376313783E-01
   211  159.0132565      159.0436008      159.0798204      27.66674356      19.50784713      25.42925970     0.8705757665E-01
   212  159.0132565      159.0436008      159.0798204      27.97175165      21.23148429      24.45419472     0.8669073053E-01
   213  159.0132565      159.0436008      159.0798204      21.20122491      24.51010669      28.01213545     0.8110809865E-01
   214  159.0132565      159.0436008      159.0798204      24.28295091      28.03075682      21.54272159     0.8381393121E-01
   215  159.0132565      159.0436008      159.0798204      22.78427052      23.44741139      28.08631611     0.8074181315E-01
   216  159.0132565      159.0436008      159.0798204      26.76451031      19.45219473      26.66088324     0.8765354353E-01
   217  159.0132565      159.0436008      159.0798204      22.36084825      27.93720099      24.14291787     0.8310616915E-01
   218  159.0132565      159.0436008      159.0798204      27.40771475      25.70059372      20.82126029     0.8538486929E-01
   219  159.0132565      159.0436008      159.0798204      23.34367436      28.06928277      22.90895831     0.8349822350E-01
   220  159.0132565      159.0436008      159.0798204      26.15583229      27.27021173      18.67784123     0.8464228779E-01
   221  159.0132565      159.0436008      159.0798204      21.78591168      27.78858186      24.78091813     0.8293093589E-01
   222  159.0132565      159.0436008      159.0798204      24.51749769      22.03596475      27.86568225     0.8023954878E-01
   223  159.0132565      159.0436008      159.0798204      27.99431872      23.53950987      22.83488636     0.8609628513E-01
   224  159.0132565      159.0436008      159.0798204      24.35753759      22.17971804      27.90274461     0.8026414763E-01
   225  159.0132565      159.0436008      159.0798204      20.89806633      24.64782780      27.91867505     0.8952925013E-01
   226  159.0132565      159.0436008      159.0798204      25.74243887      20.74976695      27.35777010     0.8810699480E-01
   227  159.0132565      159.0436008      159.0798204      25.39180108      27.71990823      19.62142905     0.8426160897E-01
   228  159.0132565      159.0436008      159.0798204      26.63633517      26.83745531      19.38054802     0.8486193544E-01
   229  159.0132565      159.0436008      159.0798204      25.94781641      27.41734365      18.49001653     0.8454893875E-01
   230  159.0132565      159.0436008      159.0798204      24.79150950      27.92942953      20.70886161     0.8401359606E-01
   231  159.0132565      159.0436008      159.0798204      28.02549806      21.84223240      24.06468612     0.8650902336E-01
   232  159.0132565      159.0436008      159.0798204      27.55331461      19.05883631      25.65551691     0.8715558381E-01
   233  159.0132565      159.0436008      159.0798204      24.41223635      28.01089896      21.33752269     0.8389704213E-01
   234  159.0132565      159.0436008      159.0798204      26.95179305      19.16860766      26.47764600     0.8758711143E-01
   235  159.0132565      159.0436008      159.0798204      28.01121126      21.64104524      24.19582165     0.8658177355E-01
   236  159.0132565      159.0436008      159.0798204      19.37673638      25.48911523      27.62751182     0.8986807925E-01
   237  159.0132565      159.0436008      159.0798204      21.49622300      27.69515125      25.08049592     0.8280798077E-01
   238  159.0132565      159.0436008      159.0798204      24.02042649      28.05961557      21.94589090     0.8373284314E-01
   239  159.0132565      159.0436008      159.0798204      26.34614646      20.02598935      26.99742060     0.8789465425E-01
   240  159.0132565      159.0436008      159.0798204      27.52886462      25.43124351      21.11187445     0.8545389684E-01
   241  159.0132565      159.0436008      159.0798204      23.75300620      28.07411504      22.33903183     0.8364414038E-01
   242  159.0132565      159.0436008      159.0798204      27.66674356      19.50784713      25.42925970     0.8706733988E-01
   243  159.0132565      159.0436008      159.0798204      22.59522158      23.58412459      28.08953998     0.8078128418E-01
   244  159.0132565      159.0436008      159.0798204      21.61123549      24.25128096      28.05229973     0.8104328988E-01
   245  159.0132565      159.0436008      159.0798204      26.05290421      27.34563973      18.53941450     0.8457304149E-01
   246  159.0132565      159.0436008      159.0798204      22.50758096      23.59750436      28.03182760     0.8910826900E-01
   247  159.0132565      159.0436008      159.0798204      21.06052370      27.53193904      25.50601935     0.8267700492E-01
   248  159.0132565      159.0436008      159.0798204      20.33551410      27.20112074      26.14645935     0.8242162283E-01
   249  159.0132565      159.0436008      159.0798204      24.51749769      22.03596475      27.86568225     0.8021493021E-01
   250  159.0132565      159.0436008      159.0798204      20.04658510      27.04920383      26.37790335     0.8233202991E-01
   251  159.0132565      159.0436008      159.0798204      25.73136763      27.54956383      18.94680390     0.8442672836E-01
   252  159.0132565      159.0436008      159.0798204      25.12493358      21.45817830      27.68558905     0.8002360278E-01
   253  159.0132565      159.0436008      159.0798204      27.97175165      21.23148429      24.45419472     0.8669196984E-01
   254  159.0132565      159.0436008      159.0798204      18.90771719      26.33854843      27.15849872     0.8193711953E-01
   255  159.0132565      159.0436008      159.0798204      27.55331461      19.05883631      25.65551691     0.8716791755E-01
   256  159.0132565      159.0436008      159.0798204      20.99274231      24.63741055      27.98657485     0.8119024979E-01
   257  159.0132565      159.0436008      159.0798204      25.94781641      27.41734365      18.49001653     0.8452814328E-01
   258  159.0132565      159.0436008      159.0798204      25.94781641      27.41734365      18.49001653     0.8450414552E-01
   259  159.0132565      159.0436008      159.0798204      20.99274231      24.63741055      27.98657485     0.8117377101E-01
   260  159.0132565      159.0436008      159.0798204      26.95179305      19.16860766      26.47764600     0.8756937057E-01
   261  159.0132565      159.0436008      159.0798204      24.90459025      21.62005695      27.69461897     0.8841111397E-01
   262  159.0132565      159.0436008      159.0798204      27.63812085      25.14823422      21.40215343     0.8559246539E-01
   263  159.0132565      159.0436008      159.0798204      20.77032339      27.40822201      25.77267324     0.8256587674E-01
   264  159.0132565      159.0436008      159.0798204      26.25655013      27.19106535      18.81703518     0.8469029587E-01
   265  159.0132565      159.0436008      159.0798204      19.59984574      25.37413370      27.68023446     0.8980260557E-01
   266  159.0132565      159.0436008      159.0798204      20.19092050      27.12651820      26.26397085     0.8239174012E-01
   267  159.0132565      159.0436008      159.0798204      26.11531493      20.31493367      27.14987247     0.8797623148E-01
   268  159.0132565      159.0436008      159.0798204      28.02549806      21.84223240      24.06468612     0.8652250012E-01
   269  159.0132565      159.0436008      159.0798204      23.88730024      28.06865100      22.14374346     0.8365947571E-01
   270  159.0132565      159.0436008      159.0798204      26.54494848      26.93139234      19.23875379     0.8480822808E-01
   271  159.0132565      159.0436008      159.0798204      18.76835365      26.23903365      27.23964803     0.8188939655E-01
   272  159.0132565      159.0436008      159.0798204      26.97689314      26.42513089      19.95254398     0.8508778593E-01
   273  159.0132565      159.0436008      159.0798204      23.85912435      22.60858139      27.99428370     0.8041809333E-01
   274  159.0132565      159.0436008      159.0798204      27.84886738      20.38529284      24.95486342     0.8689460439E-01
   275  159.0132565      159.0436008      159.0798204      26.85998740      19.30991415      26.57043105     0.8761606053E-01
   276  159.0132565      159.0436008      159.0798204      22.36084825      27.93720099      24.14291787     0.8312930629E-01
   277  159.0132565      159.0436008      159.0798204      25.39180108      27.71990823      19.62142905     0.8425078293E-01
   278  159.0132565      159.0436008      159.0798204      21.78591168      27.78858186      24.78091813     0.8290871138E-01
   279  159.0132565      159.0436008      159.0798204      27.94654705      21.02322885      24.58163483     0.8671222320E-01
   280  159.0132565      159.0436008      159.0798204      20.04658510      27.04920383      26.37790335     0.8233526751E-01
   281  159.0132565      159.0436008      159.0798204      23.60572430      22.76611268      27.96790687     0.8884096939E-01
   282  159.0132565      159.0436008      159.0798204      24.67425476      21.89200933      27.82539984     0.8017247001E-01
   283  159.0132565      159.0436008      159.0798204      23.94919915      22.48275793      27.91926382     0.8870348880E-01
   284  159.0132565      159.0436008      159.0798204      20.89806633      24.64782780      27.91867505     0.8953634106E-01
   285  159.0132565      159.0436008      159.0798204      27.42496241      18.60331078      25.87390239     0.8728412839E-01
   286  159.0132565      159.0436008      159.0798204      25.50690459      27.66685686      19.39826248     0.8434584937E-01
   287  159.0132565      159.0436008      159.0798204      22.97057086      23.30972285      28.07958833     0.8069040542E-01
   288  159.0132565      159.0436008      159.0798204      23.75300620      28.07411504      22.33903183     0.8364382154E-01
   289  159.0132565      159.0436008      159.0798204      18.57034559      25.92782927      27.46118337     0.8170870311E-01
   290  159.0132565      159.0436008      159.0798204      25.61113551      20.89488374      27.42135656     0.8817312044E-01
   291  159.0132565      159.0436008      159.0798204      27.68815966      25.00167981      21.54703390     0.8563523616E-01
   292  159.0132565      159.0436008      159.0798204      19.91811720      25.25061625      27.80351480     0.8141421482E-01
   293  159.0132565      159.0436008      159.0798204      23.94919915      22.48275793      27.91926382     0.8870848526E-01
   294  159.0132565      159.0436008      159.0798204      23.48113787      28.07440953      22.72169080     0.8351171794E-01
   295  159.0132565      159.0436008      159.0798204      19.91811720      25.25061625      27.80351480     0.8144334694E-01
   296  159.0132565      159.0436008      159.0798204      25.19701393      21.33002306      27.59440601     0.8833193764E-01
   297  159.0132565      159.0436008      159.0798204      26.63633517      26.83745531      19.38054802     0.8487591764E-01
   298  159.0132565      159.0436008      159.0798204      20.89806633      24.64782780      27.91867505     0.8954780664E-01
   299  159.0132565      159.0436008      159.0798204      18.92574476      25.71378672      27.51088859     0.8998616625E-01
   300  159.0132565      159.0436008      159.0798204      27.12434445      18.88785641      26.28537462     0.8749617863E-01
   301  159.0132565      159.0436008      159.0798204      25.33818960      21.18506435      27.53971487     0.8827428985E-01
   302  159.0132565      159.0436008      159.0798204      27.94933687      23.88565532      22.55193972     0.8598956050E-01
   303  159.0132565      159.0436008      159.0798204      28.02549806      21.84223240      24.06468612     0.8654335115E-01
   304  159.0132565      159.0436008      159.0798204      25.03664648      27.85673650      20.27983725     0.8410276863E-01
   305  159.0132565      159.0436008      159.0798204      27.20477873      26.07855127      20.38563447     0.8523236167E-01
   306  159.0132565      159.0436008      159.0798204      24.19441381      22.32322438      27.93655339     0.8030265410E-01
   307  159.0132565      159.0436008      159.0798204      27.94654705      21.02322885      24.58163483     0.8670745520E-01
   308  159.0132565      159.0436008      159.0798204      19.61563458      26.80143984      26.69803302     0.8219950738E-01
   309  159.0132565      159.0436008      159.0798204      27.61189673      19.28419235      25.54334550     0.8712061388E-01
   310  159.0132565      159.0436008      159.0798204      28.02569173      23.18156144      23.11484128     0.8615745063E-01
   311  159.0132565      159.0436008      159.0798204      25.33818960      21.18506435      27.53971487     0.8827269822E-01
   312  159.0132565      159.0436008      159.0798204      22.11994398      23.86754471      28.02512926     0.8923903037E-01
   313  159.0132565      159.0436008      159.0798204      24.02816709      22.46619797      27.96707659     0.8038347781E-01
   314  159.0132565      159.0436008      159.0798204      27.05555335      26.31298325      20.09650068     0.8511150601E-01
   315  159.0132565      159.0436008      159.0798204      22.69740835      23.46099382      28.02986729     0.8908144732E-01
   316  159.0132565      159.0436008      159.0798204      18.76835365      26.23903365      27.23964803     0.8188517931E-01
   317  159.0132565      159.0436008      159.0798204      25.27509906      27.76923440      19.84279271     0.8420858578E-01
   318  159.0132565      159.0436008      159.0798204      24.02042649      28.05961557      21.94589090     0.8370128627E-01
   319  159.0132565      159.0436008      159.0798204      27.03991560      19.02790589      26.38267385     0.8751835796E-01
   320  159.0132565      159.0436008      159.0798204      21.61123549      24.25128096      28.05229973     0.8104230109E-01
   321  159.0132565      159.0436008      159.0798204      26.11531493      20.31493367      27.14987247     0.8795437247E-01
   322  159.0132565      159.0436008      159.0798204      22.50758096      23.59750436      28.03182760     0.8913817003E-01
   323  159.0132565      159.0436008      159.0798204      27.20477873      26.07855127      20.38563447     0.8522374954E-01
   324  159.0132565      159.0436008      159.0798204      27.63812085      25.14823422      21.40215343     0.8555849394E-01
   325  159.0132565      159.0436008      159.0798204      19.02606577      25.70986091      27.59022322     0.8160766446E-01
   326  159.0132565      159.0436008      159.0798204      25.12493358      21.45817830      27.68558905     0.8001659712E-01
   327  159.0132565      159.0436008      159.0798204      23.25032519      23.04660620      28.00302348     0.8894776620E-01
   328  159.0132565      159.0436008      159.0798204      27.05555335      26.31298325      20.09650068     0.8510651026E-01
   329  159.0132565      159.0436008      159.0798204      27.05555335      26.31298325      20.09650068     0.8511788826E-01
   330  159.0132565      159.0436008      159.0798204      28.04678966      22.62334282      23.52819025     0.8634802086E-01
   331  159.0132565      159.0436008      159.0798204      20.99274231      24.63741055      27.98657485     0.8118653403E-01
   332  159.0132565      159.0436008      159.0798204      19.33053961      26.62353999      26.89324037     0.8207747325E-01
   333  159.0132565      159.0436008      159.0798204      27.99431872      23.53950987      22.83488636     0.8609290136E-01
   334  159.0132565      159.0436008      159.0798204      23.06659331      28.04859586      23.27590541     0.8339320930E-01
   335  159.0132565      159.0436008      159.0798204      20.25802230      25.01846001      27.81610241     0.8966868476E-01
   336  159.0132565      159.0436008      159.0798204      19.25154618      25.59788241      27.64914173     0.8158483882E-01
   337  159.0132565      159.0436008      159.0798204      28.04680528      22.43179088      23.66399462     0.8638597667E-01
   338  159.0132565      159.0436008      159.0798204      22.50758096      23.59750436      28.03182760     0.8910990092E-01
   339  159.0132565      159.0436008      159.0798204      24.82777068      21.74768934      27.78193241     0.8010475078E-01
   340  159.0132565      159.0436008      159.0798204      23.51247478      22.89135772      28.03863380     0.8054630420E-01
   341  159.0132565      159.0436008      159.0798204      18.57034559      25.92782927      27.46118337     0.8173472237E-01
   342  159.0132565      159.0436008      159.0798204      27.52886462      25.43124351      21.11187445     0.8547885960E-01
   343  159.0132565      159.0436008      159.0798204      22.50333358      27.96619189      23.97555110     0.8319325643E-01
   344  159.0132565      159.0436008      159.0798204      22.69740835      23.46099382      28.02986729     0.8906086517E-01
   345  159.0132565      159.0436008      159.0798204      27.94933687      23.88565532      22.55193972     0.8596083199E-01
   346  159.0132565      159.0436008      159.0798204      24.02042649      28.05961557      21.94589090     0.8370332606E-01
   347  159.0132565      159.0436008      159.0798204      18.62972840      26.13746631      27.31721775     0.8180106413E-01
   348  159.0132565      159.0436008      159.0798204      23.68729183      22.75031959      28.01814548     0.8048486129E-01
   349  159.0132565      159.0436008      159.0798204      22.69740835      23.46099382      28.02986729     0.8906376882E-01
   350  159.0132565      159.0436008      159.0798204      26.45115685      27.02164676      19.09753795     0.8476254883E-01
   351  159.0132565      159.0436008      159.0798204      25.15673604      27.81484130      20.06228458     0.8415818218E-01
   352  159.0132565      159.0436008      159.0798204      28.01121126      21.64104524      24.19582165     0.8656787737E-01
   353  159.0132565      159.0436008      159.0798204      28.04678966      22.62334282      23.52819025     0.8631497656E-01
   354  159.0132565      159.0436008      159.0798204      27.85684452      24.38256389      22.12356534     0.8581101427E-01
   355  159.0132565      159.0436008      159.0798204      27.77886873      24.69863122      21.83600681     0.8571685695E-01
   356  159.0132565      159.0436008      159.0798204      22.64520618      27.99185519      23.80512189     0.8321481842E-01
   357  159.0132565      159.0436008      159.0798204      19.69738497      25.36820431      27.75578331     0.8145314562E-01
   358  159.0132565      159.0436008      159.0798204      22.07426800      27.86935787      24.46829234     0.8301839105E-01
   359  159.0132565      159.0436008      159.0798204      24.97800873      21.60306034      27.73531633     0.8009829810E-01
   360  159.0132565      159.0436008      159.0798204      19.33053961      26.62353999      26.89324037     0.8209614885E-01
   361  159.0132565      159.0436008      159.0798204      18.92574476      25.71378672      27.51088859     0.8997366675E-01
   362  159.0132565      159.0436008      159.0798204      27.20507063      18.74850652      26.18579761     0.8741709658E-01
   363  159.0132565      159.0436008      159.0798204      22.50758096      23.59750436      28.03182760     0.8914219056E-01
   364  159.0132565      159.0436008      159.0798204      21.35101601      27.64378347      25.22564591     0.8279669999E-01
   365  159.0132565      159.0436008      159.0798204      25.03664648      27.85673650      20.27983725     0.8413669992E-01
   366  159.0132565      159.0436008      159.0798204      27.58500952      25.29143217      21.25708242     0.8551554960E-01
   367  159.0132565      159.0436008      159.0798204      19.59984574      25.37413370      27.68023446     0.8984212550E-01
   368  159.0132565      159.0436008      159.0798204      27.99330123      21.43744296      24.32564932     0.8660325524E-01
   369  159.0132565      159.0436008      159.0798204      22.01205523      23.98785688      28.07795273     0.8091085885E-01
   370  159.0132565      159.0436008      159.0798204      23.60572430      22.76611268      27.96790687     0.8880473030E-01
   371  159.0132565      159.0436008      159.0798204      21.20122491      24.51010669      28.01213545     0.8110210909E-01
   372  159.0132565      159.0436008      159.0798204      22.36084825      27.93720099      24.14291787     0.8314749140E-01
   373  159.0132565      159.0436008      159.0798204      19.37673638      25.48911523      27.62751182     0.8988795531E-01
   374  159.0132565      159.0436008      159.0798204      27.84886738      20.38529284      24.95486342     0.8686496958E-01
   375  159.0132565      159.0436008      159.0798204      20.89806633      24.64782780      27.91867505     0.8954380774E-01
   376  159.0132565      159.0436008      159.0798204      21.35101601      27.64378347      25.22564591     0.8277667239E-01
   377  159.0132565      159.0436008      159.0798204      27.03991560      19.02790589      26.38267385     0.8753285402E-01
   378  159.0132565      159.0436008      159.0798204      26.25655013      27.19106535      18.81703518     0.8467756745E-01
   379  159.0132565      159.0436008      159.0798204      27.89097076      24.21974282      22.26667555     0.8587615865E-01
   380  159.0132565      159.0436008      159.0798204      23.33471845      23.03164093      28.05572136     0.8059836753E-01
   381  159.0132565      159.0436008      159.0798204      27.91767321      20.81273724      24.70759615     0.8676303311E-01
   382  159.0132565      159.0436008      159.0798204      28.04325044      22.81218630      23.39135930     0.8629749664E-01
   383  159.0132565      159.0436008      159.0798204      19.18879760      26.53091380      26.98534331     0.8202601723E-01
   384  159.0132565      159.0436008      159.0798204      20.56913807      24.88752216      27.92443406     0.8127158488E-01
   385  159.0132565      159.0436008      159.0798204      19.47534316      25.48397876      27.70432731     0.8152711281E-01
   386  159.0132565      159.0436008      159.0798204      28.02569173      23.18156144      23.11484128     0.8618502429E-01
   387  159.0132565      159.0436008      159.0798204      18.57034559      25.92782927      27.46118337     0.8170317102E-01
   388  159.0132565      159.0436008      159.0798204      27.13153025      26.19749103      20.24073937     0.8519538406E-01
   389  159.0132565      159.0436008      159.0798204      23.60572430      22.76611268      27.96790687     0.8881982806E-01
   390  159.0132565      159.0436008      159.0798204      26.63633517      26.83745531      19.38054802     0.8485021849E-01
   391  159.0132565      159.0436008      159.0798204      26.85998740      19.30991415      26.57043105     0.8762222676E-01
   392  159.0132565      159.0436008      159.0798204      27.91767321      20.81273724      24.70759615     0.8676522712E-01
   393  159.0132565      159.0436008      159.0798204      22.50333358      27.96619189      23.97555110     0.8317221804E-01
   394  159.0132565      159.0436008      159.0798204      27.52886462      25.43124351      21.11187445     0.8546863257E-01
   395  159.0132565      159.0436008      159.0798204      20.35414642      25.01021881      27.88783181     0.8130763900E-01
   396  159.0132565      159.0436008      159.0798204      27.12434445      18.88785641      26.28537462     0.8748868334E-01
   397  159.0132565      159.0436008      159.0798204      20.04658510      27.04920383      26.37790335     0.8230081546E-01
   398  159.0132565      159.0436008      159.0798204      19.59984574      25.37413370      27.68023446     0.8980547445E-01
   399  159.0132565      159.0436008      159.0798204      23.15406945      23.17111431      28.06938157     0.8060914023E-01
   400  159.0132565      159.0436008      159.0798204      26.45617660      19.88195342      26.91717130     0.8781982483E-01
   401  159.0132565      159.0436008      159.0798204      26.56258959      19.73827566      26.83430079     0.8779595828E-01
   402  159.0132565      159.0436008      159.0798204      27.97175165      21.23148429      24.45419472     0.8667074157E-01
   403  159.0132565      159.0436008      159.0798204      27.13153025      26.19749103      20.24073937     0.8515352834E-01
   404  159.0132565      159.0436008      159.0798204      27.40771475      25.70059372      20.82126029     0.8535085342E-01
   405  159.0132565      159.0436008      159.0798204      18.49188660      26.03371477      27.39106460     0.8179337559E-01
   406  159.0132565      159.0436008      159.0798204      20.56913807      24.88752216      27.92443406     0.8126360019E-01
   407  159.0132565      159.0436008      159.0798204      27.35538509      18.47209390      25.98001054     0.8732835912E-01
   408  159.0132565      159.0436008      159.0798204      26.66537297      19.59500619      26.74885569     0.8773173341E-01
   409  159.0132565      159.0436008      159.0798204      27.49099534      18.83185127      25.76572029     0.8724349279E-01
   410  159.0132565      159.0436008      159.0798204      20.13711689      25.13126907      27.84752835     0.8138329267E-01
   411  159.0132565      159.0436008      159.0798204      23.06883383      23.18563885      28.01544110     0.8899992160E-01
   412  159.0132565      159.0436008      159.0798204      18.79897441      25.81986073      27.52757031     0.8168225073E-01
   413  159.0132565      159.0436008      159.0798204      23.61760023      28.07602759      22.53170101     0.8358799697E-01
   414  159.0132565      159.0436008      159.0798204      23.34367436      28.06928277      22.90895831     0.8346508606E-01
   415  159.0132565      159.0436008      159.0798204      26.66537297      19.59500619      26.74885569     0.8770133765E-01
   416  159.0132565      159.0436008      159.0798204      28.04680528      22.43179088      23.66399462     0.8638193520E-01
   417  159.0132565      159.0436008      159.0798204      20.99274231      24.63741055      27.98657485     0.8118492038E-01
   418  159.0132565      159.0436008      159.0798204      26.81170518      26.63857894      19.66567998     0.8495683412E-01
   419  159.0132565      159.0436008      159.0798204      20.89806633      24.64782780      27.91867505     0.8951102673E-01
   420  159.0132565      159.0436008      159.0798204      18.62972840      26.13746631      27.31721775     0.8182626007E-01
   421  159.0132565      159.0436008      159.0798204      24.66657175      27.96024939      20.92020431     0.8395303176E-01
   422  159.0132565      159.0436008      159.0798204      24.28038743      22.19699542      27.85732886     0.8860470680E-01
   423  159.0132565      159.0436008      159.0798204      21.72204390      24.13290836      28.00413338     0.8930718580E-01
   424  159.0132565      159.0436008      159.0798204      27.89097076      24.21974282      22.26667555     0.8587177902E-01
   425  159.0132565      159.0436008      159.0798204      27.76524634      19.94977008      25.19556303     0.8699003416E-01
   426  159.0132565      159.0436008      159.0798204      19.47534316      25.48397876      27.70432731     0.8150412265E-01
   427  159.0132565      159.0436008      159.0798204      19.82114213      25.25732844      27.72923647     0.8978934758E-01
   428  159.0132565      159.0436008      159.0798204      20.68684155      24.77294408      27.88816862     0.8956475476E-01
   429  159.0132565      159.0436008      159.0798204      26.54494848      26.93139234      19.23875379     0.8483329307E-01
   430  159.0132565      159.0436008      159.0798204      22.50333358      27.96619189      23.97555110     0.8315663545E-01
   431  159.0132565      159.0436008      159.0798204      23.61760023      28.07602759      22.53170101     0.8357194229E-01
   432  159.0132565      159.0436008      159.0798204      23.75300620      28.07411504      22.33903183     0.8363402262E-01
   433  159.0132565      159.0436008      159.0798204      27.71785847      19.72972955      25.31331346     0.8701810173E-01
   434  159.0132565      159.0436008      159.0798204      22.64520618      27.99185519      23.80512189     0.8323571227E-01
   435  159.0132565      159.0436008      159.0798204      20.91542645      27.47154344      25.64107520     0.8261607319E-01
   436  159.0132565      159.0436008      159.0798204      25.19701393      21.33002306      27.59440601     0.8834214440E-01
   437  159.0132565      159.0436008      159.0798204      28.04327566      22.23759084      23.79871626     0.8642093148E-01
   438  159.0132565      159.0436008      159.0798204      28.01121126      21.64104524      24.19582165     0.8659544848E-01
   439  159.0132565      159.0436008      159.0798204      20.04055682      25.13875243      27.77452351     0.8970256085E-01
   440  159.0132565      159.0436008      159.0798204      22.01205523      23.98785688      28.07795273     0.8094028893E-01
   441  159.0132565      159.0436008      159.0798204      23.20546172      28.06067024      23.09367490     0.8343604158E-01
   442  159.0132565      159.0436008      159.0798204      20.68684155      24.77294408      27.88816862     0.8955080796E-01
   443  159.0132565      159.0436008      159.0798204      23.85912435      22.60858139      27.99428370     0.8042946404E-01
   444  159.0132565      159.0436008      159.0798204      25.99455207      20.45974038      27.22198555     0.8800209778E-01
   445  159.0132565      159.0436008      159.0798204      20.56913807      24.88752216      27.92443406     0.8125743350E-01
   446  159.0132565      159.0436008      159.0798204      23.88730024      28.06865100      22.14374346     0.8368484671E-01
   447  159.0132565      159.0436008      159.0798204      20.78202522      24.76323428      27.95734488     0.8121864380E-01
   448  159.0132565      159.0436008      159.0798204      18.57034559      25.92782927      27.46118337     0.8174640907E-01
   449  159.0132565      159.0436008      159.0798204      18.76835365      26.23903365      27.23964803     0.8189724890E-01
   450  159.0132565      159.0436008      159.0798204      27.66674356      19.50784713      25.42925970     0.8706228548E-01
   451  159.0132565      159.0436008      159.0798204      27.85684452      24.38256389      22.12356534     0.8583199391E-01
   452  159.0132565      159.0436008      159.0798204      25.19701393      21.33002306      27.59440601     0.8832171480E-01
   453  159.0132565      159.0436008      159.0798204      22.21780806      27.90491255      24.30717887     0.8306065927E-01
   454  159.0132565      159.0436008      159.0798204      23.51247478      22.89135772      28.03863380     0.8050034022E-01
   455  159.0132565      159.0436008      159.0798204      22.11994398      23.86754471      28.02512926     0.8921799625E-01
   456  159.0132565      159.0436008      159.0798204      27.84886738      20.38529284      24.95486342     0.8686301302E-01
   457  159.0132565      159.0436008      159.0798204      27.97175165      21.23148429      24.45419472     0.8665983029E-01
   458  159.0132565      159.0436008      159.0798204      18.49188660      26.03371477      27.39106460     0.8176760913E-01
   459  159.0132565      159.0436008      159.0798204      25.47636804      21.04000032      27.48201861     0.8820664037E-01
   460  159.0132565      159.0436008      159.0798204      22.88451132      23.32378686      28.02439724     0.8900476601E-01
   461  159.0132565      159.0436008      159.0798204      22.36084825      27.93720099      24.14291787     0.8310239631E-01
   462  159.0132565      159.0436008      159.0798204      19.04777253      26.43590051      27.07376582     0.8197476465E-01
   463  159.0132565      159.0436008      159.0798204      19.37673638      25.48911523      27.62751182     0.8986953087E-01
   464  159.0132565      159.0436008      159.0798204      27.49099534      18.83185127      25.76572029     0.8720527819E-01
   465  159.0132565      159.0436008      159.0798204      22.50758096      23.59750436      28.03182760     0.8911057760E-01
   466  159.0132565      159.0436008      159.0798204      19.69738497      25.36820431      27.75578331     0.8147763927E-01
   467  159.0132565      159.0436008      159.0798204      26.25655013      27.19106535      18.81703518     0.8468314444E-01
   468  159.0132565      159.0436008      159.0798204      20.47347224      24.89650608      27.85398111     0.8960867008E-01
   469  159.0132565      159.0436008      159.0798204      21.78591168      27.78858186      24.78091813     0.8291806416E-01
   470  159.0132565      159.0436008      159.0798204      24.54012871      27.98740133      21.12999493     0.8390430193E-01
   471  159.0132565      159.0436008      159.0798204      20.47347224      24.89650608      27.85398111     0.8960247783E-01
   472  159.0132565      159.0436008      159.0798204      23.60572430      22.76611268      27.96790687     0.8884488407E-01
   473  159.0132565      159.0436008      159.0798204      27.94933687      23.88565532      22.55193972     0.8596664326E-01
   474  159.0132565      159.0436008      159.0798204      20.13711689      25.13126907      27.84752835     0.8137320560E-01
   475  159.0132565      159.0436008      159.0798204      21.10708387      24.52121156      27.94551165     0.8946659771E-01
   476  159.0132565      159.0436008      159.0798204      27.05555335      26.31298325      20.09650068     0.8510767321E-01
   477  159.0132565      159.0436008      159.0798204      26.25655013      27.19106535      18.81703518     0.8466361938E-01
   478  159.0132565      159.0436008      159.0798204      19.69738497      25.36820431      27.75578331     0.8145088536E-01
   479  159.0132565      159.0436008      159.0798204      26.89559510      26.53366965      19.80892027     0.8503029035E-01
   480  159.0132565      159.0436008      159.0798204      24.91488612      27.89492910      20.49538459     0.8408994151E-01
   481  159.0132565      159.0436008      159.0798204      20.47347224      24.89650608      27.85398111     0.8964695926E-01
   482  159.0132565      159.0436008      159.0798204      28.04327566      22.23759084      23.79871626     0.8644432880E-01
   483  159.0132565      159.0436008      159.0798204      19.59984574      25.37413370      27.68023446     0.8983411115E-01
   484  159.0132565      159.0436008      159.0798204      18.90771719      26.33854843      27.15849872     0.8190604009E-01
   485  159.0132565      159.0436008      159.0798204      26.54494848      26.93139234      19.23875379     0.8481584114E-01
   486  159.0132565      159.0436008      159.0798204      19.59984574      25.37413370      27.68023446     0.8984208146E-01
   487  159.0132565      159.0436008      159.0798204      27.89097076      24.21974282      22.26667555     0.8586311550E-01
   488  159.0132565      159.0436008      159.0798204      20.13711689      25.13126907      27.84752835     0.8138223415E-01
   489  159.0132565      159.0436008      159.0798204      20.78202522      24.76323428      27.95734488     0.8120941031E-01
   490  159.0132565      159.0436008      159.0798204      28.01121126      21.64104524      24.19582165     0.8655913309E-01
   491  159.0132565      159.0436008      159.0798204      21.72204390      24.13290836      28.00413338     0.8934984933E-01
   492  159.0132565      159.0436008      159.0798204      21.78591168      27.78858186      24.78091813     0.8291770427E-01
   493  159.0132565      159.0436008      159.0798204      26.34614646      20.02598935      26.99742060     0.8785561418E-01
   494  159.0132565      159.0436008      159.0798204      21.72204390      24.13290836      28.00413338     0.8930753350E-01
   495  159.0132565      159.0436008      159.0798204      18.57034559      25.92782927      27.46118337     0.8171557242E-01
   496  159.0132565      159.0436008      159.0798204      23.75300620      28.07411504      22.33903183     0.8362568490E-01
   497  159.0132565      159.0436008      159.0798204      27.84886738      20.38529284      24.95486342     0.8688609924E-01
   498  159.0132565      159.0436008      159.0798204      26.25655013      27.19106535      18.81703518     0.8466985218E-01
   499  159.0132565      159.0436008      159.0798204      28.03621006      22.99827776      23.25355772     0.8620558568E-01
   500  159.0132565      159.0436008      159.0798204      27.42496241      18.60331078      25.87390239     0.8727854053E-01
