 Run#  Vfa              Vfb              Vfc              Ifa              Ifb              Ifc              Time                                                               
     1  159.0132565      203.4072897      159.0798204      19.70736344      3.288328591      24.71523759     0.8154622162E-01
     2  159.0132565      223.7678494      159.0798204      24.83823381      3.288328591      25.11951888     0.8734681752E-01
     3  159.0132565      205.2472961      159.0798204      24.30676774      3.288328591      25.77308261     0.8796212365E-01
     4  159.0132565      204.1960520      159.0798204      21.11677855      3.288328591      25.33426541     0.8941223433E-01
     5  159.0132565      202.8708005      159.0798204      20.05430404      3.288328591      24.89195823     0.8142242026E-01
     6  159.0132565      230.7255885      159.0798204      24.82603475      3.288328591      23.95841723     0.8661725103E-01
     7  159.0132565      225.9483234      159.0798204      24.43857294      3.288328591      22.88773676     0.8613810019E-01
     8  159.0132565      203.9060130      159.0798204      17.82777232      3.288328591      20.60215553     0.8304995850E-01
     9  159.0132565      206.2755155      159.0798204      22.30402508      3.288328591      25.80941472     0.8065256602E-01
    10  159.0132565      214.3871916      159.0798204      24.61471269      3.288328591      25.53397846     0.8767704697E-01
    11  159.0132565      203.8186073      159.0798204      24.10206817      3.288328591      25.84907432     0.8812846137E-01
    12  159.0132565      215.1270244      159.0798204      22.83078368      3.288328591      20.26491571     0.8505026636E-01
    13  159.0132565      203.1894657      159.0798204      19.80205294      3.288328591      24.71246920     0.8982670396E-01
    14  159.0132565      221.4828565      159.0798204      24.78867712      3.288328591      25.25146723     0.8741339303E-01
    15  159.0132565      230.0566873      159.0798204      24.90584063      3.288328591      24.41998790     0.8689664966E-01
    16  159.0132565      204.6267952      159.0798204      18.03320429      3.288328591      23.76364976     0.8199088306E-01
    17  159.0132565      206.1033234      159.0798204      22.04350717      3.288328591      25.73334803     0.8077163294E-01
    18  159.0132565      206.0726441      159.0798204      22.73602186      3.288328591      25.84960596     0.8883482151E-01
    19  159.0132565      230.3520885      159.0798204      24.89694665      3.288328591      24.33220184     0.8684514292E-01
    20  159.0132565      228.8401666      159.0798204      24.62472450      3.288328591      23.33709705     0.8631704018E-01
    21  159.0132565      205.9821834      159.0798204      22.79676325      3.288328591      25.91812081     0.8049427402E-01
    22  159.0132565      224.7898753      159.0798204      24.85853217      3.288328591      25.04986734     0.8726341433E-01
    23  159.0132565      227.5573031      159.0798204      24.53672150      3.288328591      23.11556993     0.8620460470E-01
    24  159.0132565      206.1033234      159.0798204      22.04350717      3.288328591      25.73334803     0.8079127626E-01
    25  159.0132565      206.3191866      159.0798204      22.36695123      3.288328591      25.76991633     0.8898003444E-01
    26  159.0132565      221.4828565      159.0798204      24.78867712      3.288328591      25.25146723     0.8743883780E-01
    27  159.0132565      204.0013247      159.0798204      21.64756628      3.288328591      18.81058604     0.8454691880E-01
    28  159.0132565      203.5972451      159.0798204      23.64773037      3.288328591      25.97757409     0.8006429323E-01
    29  159.0132565      206.2259298      159.0798204      22.55499692      3.288328591      25.87076156     0.8057623805E-01
    30  159.0132565      211.0634794      159.0798204      22.31464085      3.288328591      19.60238289     0.8483291297E-01
    31  159.0132565      230.5668767      159.0798204      24.88457778      3.288328591      24.24210666     0.8676828327E-01
    32  159.0132565      204.0013247      159.0798204      21.64756628      3.288328591      18.81058604     0.8453699255E-01
    33  159.0132565      203.9794548      159.0798204      18.35564155      3.288328591      19.87790213     0.8323372770E-01
    34  159.0132565      205.4210242      159.0798204      21.56240928      3.288328591      25.51211885     0.8926141789E-01
    35  159.0132565      230.7538638      159.0798204      24.84908745      3.288328591      24.05513983     0.8665050221E-01
    36  159.0132565      213.7307662      159.0798204      22.62887339      3.288328591      20.00033660     0.8499064103E-01
    37  159.0132565      212.7356689      159.0798204      24.57135506      3.288328591      25.58164768     0.8770371316E-01
    38  159.0132565      228.8401666      159.0798204      24.62472450      3.288328591      23.33709705     0.8630714055E-01
    39  159.0132565      203.5315428      159.0798204      20.68614685      3.288328591      17.84535357     0.8411122028E-01
    40  159.0132565      224.7898753      159.0798204      24.85853217      3.288328591      25.04986734     0.8727932019E-01
    41  159.0132565      203.7378191      159.0798204      19.14590603      3.288328591      18.73311014     0.8353451706E-01
    42  159.0132565      206.5007707      159.0798204      21.87545778      3.288328591      19.07356693     0.8462817739E-01
    43  159.0132565      217.7782078      159.0798204      24.01994021      3.288328591      22.05319745     0.8577739029E-01
    44  159.0132565      206.2259298      159.0798204      22.55499692      3.288328591      25.87076156     0.8059852489E-01
    45  159.0132565      204.1960520      159.0798204      21.11677855      3.288328591      25.33426541     0.8940787634E-01
    46  159.0132565      203.2084160      159.0798204      24.02612543      3.288328591      25.86777560     0.8817762174E-01
    47  159.0132565      202.7166310      159.0798204      20.55740486      3.288328591      25.13557041     0.8128859982E-01
    48  159.0132565      220.2207196      159.0798204      24.75958250      3.288328591      25.31356297     0.8749716709E-01
    49  159.0132565      212.0287030      159.0798204      22.42078317      3.288328591      19.73487314     0.8488732388E-01
    50  159.0132565      202.7166310      159.0798204      20.55740486      3.288328591      25.13557041     0.8125245200E-01
    51  159.0132565      203.9652398      159.0798204      19.26793077      3.288328591      24.43024596     0.8996077455E-01
    52  159.0132565      206.2258736      159.0798204      22.17498863      3.288328591      25.77325950     0.8073780254E-01
    53  159.0132565      204.7776337      159.0798204      23.35267262      3.288328591      25.97860144     0.8024721649E-01
    54  159.0132565      213.7307662      159.0798204      22.62887339      3.288328591      20.00033660     0.8496747274E-01
    55  159.0132565      202.8110306      159.0798204      23.77738850      3.288328591      25.90599816     0.8831429369E-01
    56  159.0132565      202.8110306      159.0798204      23.77738850      3.288328591      25.90599816     0.8833400377E-01
    57  159.0132565      202.7180967      159.0798204      20.48086169      3.288328591      25.04721878     0.8960128325E-01
    58  159.0132565      205.9241087      159.0798204      22.85412513      3.288328591      25.86937413     0.8876766422E-01
    59  159.0132565      203.8186073      159.0798204      24.10206817      3.288328591      25.84907432     0.8813258595E-01
    60  159.0132565      202.9756962      159.0798204      21.29593832      3.288328591      18.41844660     0.8437201902E-01
    61  159.0132565      206.1292095      159.0798204      22.67707805      3.288328591      25.89614706     0.8052367053E-01
    62  159.0132565      202.7701481      159.0798204      20.39221985      3.288328591      25.05714008     0.8133052265E-01
    63  159.0132565      204.6657821      159.0798204      17.64121742      3.288328591      23.51841052     0.8209415634E-01
    64  159.0132565      230.1511237      159.0798204      24.73767400      3.288328591      23.65623997     0.8648557185E-01
    65  159.0132565      203.9060130      159.0798204      17.82777232      3.288328591      20.60215553     0.8300616655E-01
    66  159.0132565      206.5007707      159.0798204      21.87545778      3.288328591      19.07356693     0.8464115667E-01
    67  159.0132565      203.6523902      159.0798204      20.18251998      3.288328591      17.94997362     0.8392021538E-01
    68  159.0132565      228.0696151      159.0798204      24.90811472      3.288328591      24.74970484     0.8705988174E-01
    69  159.0132565      217.5960512      159.0798204      23.48135241      3.288328591      21.17737048     0.8543235406E-01
    70  159.0132565      203.6827762      159.0798204      19.53025409      3.288328591      24.62222210     0.8157469766E-01
    71  159.0132565      221.7585059      159.0798204      24.21354853      3.288328591      22.41642901     0.8594354173E-01
    72  159.0132565      203.9914085      159.0798204      18.09152276      3.288328591      20.24381111     0.8310585269E-01
    73  159.0132565      203.5972451      159.0798204      23.64773037      3.288328591      25.97757409     0.8006614701E-01
    74  159.0132565      204.2922617      159.0798204      18.98477871      3.288328591      24.32401886     0.8173277928E-01
    75  159.0132565      203.4623725      159.0798204      17.30307503      3.288328591      21.29168069     0.8282137727E-01
    76  159.0132565      206.2192486      159.0798204      22.61534422      3.288328591      25.82648482     0.8888778204E-01
    77  159.0132565      229.2243381      159.0798204      24.91352113      3.288328591      24.58878686     0.8695267584E-01
    78  159.0132565      203.7364403      159.0798204      19.40786405      3.288328591      18.33726207     0.8362284842E-01
    79  159.0132565      205.7125776      159.0798204      21.70378305      3.288328591      25.56446359     0.8921341443E-01
    80  159.0132565      203.4684233      159.0798204      19.62612289      3.288328591      24.62154491     0.8985631359E-01
    81  159.0132565      215.1270244      159.0798204      22.83078368      3.288328591      20.26491571     0.8506255230E-01
    82  159.0132565      228.8401666      159.0798204      24.62472450      3.288328591      23.33709705     0.8631645654E-01
    83  159.0132565      206.2755155      159.0798204      22.30402508      3.288328591      25.80941472     0.8068509411E-01
    84  159.0132565      202.9756962      159.0798204      21.29593832      3.288328591      18.41844660     0.8437664509E-01
    85  159.0132565      202.2873756      159.0798204      23.86370622      3.288328591      25.89603473     0.8827403156E-01
    86  159.0132565      203.9214364      159.0798204      19.35076627      3.288328591      24.52603723     0.8164843000E-01
    87  159.0132565      216.2163980      159.0798204      23.02599861      3.288328591      20.52813375     0.8516302390E-01
    88  159.0132565      212.9178716      159.0798204      22.52546090      3.288328591      19.86768151     0.8494265349E-01
    89  159.0132565      203.2722872      159.0798204      20.87972742      3.288328591      25.28362881     0.8117718638E-01
    90  159.0132565      213.7307662      159.0798204      22.62887339      3.288328591      20.00033660     0.8497140632E-01
    91  159.0132565      202.9852748      159.0798204      21.41442127      3.288328591      18.54882868     0.8442598273E-01
    92  159.0132565      220.2207196      159.0798204      24.75958250      3.288328591      25.31356297     0.8749178553E-01
    93  159.0132565      202.9852748      159.0798204      21.41442127      3.288328591      18.54882868     0.8443946136E-01
    94  159.0132565      203.5801971      159.0798204      20.43586423      3.288328591      17.89832361     0.8402706118E-01
    95  159.0132565      203.4623725      159.0798204      17.30307503      3.288328591      21.29168069     0.8281717776E-01
    96  159.0132565      202.8110306      159.0798204      23.77738850      3.288328591      25.90599816     0.8830668830E-01
    97  159.0132565      206.1292095      159.0798204      22.67707805      3.288328591      25.89614706     0.8051021915E-01
    98  159.0132565      216.9984424      159.0798204      23.21417453      3.288328591      20.78957198     0.8525332440E-01
    99  159.0132565      203.0551213      159.0798204      16.78492889      3.288328591      21.94477150     0.8262317995E-01
   100  159.0132565      211.0082329      159.0798204      24.52526506      3.288328591      25.62621324     0.8778545281E-01
   101  159.0132565      204.0526974      159.0798204      23.55270301      3.288328591      25.98078502     0.8010534664E-01
   102  159.0132565      206.2259298      159.0798204      22.55499692      3.288328591      25.87076156     0.8056092631E-01
   103  159.0132565      220.2207196      159.0798204      24.75958250      3.288328591      25.31356297     0.8748843036E-01
   104  159.0132565      204.8220171      159.0798204      24.24252608      3.288328591      25.80176246     0.8804914036E-01
   105  159.0132565      204.5245154      159.0798204      18.22706186      3.288328591      23.88195817     0.8190206568E-01
   106  159.0132565      204.8220171      159.0798204      24.24252608      3.288328591      25.80176246     0.8801785778E-01
   107  159.0132565      225.9483234      159.0798204      24.43857294      3.288328591      22.88773676     0.8613565742E-01
   108  159.0132565      204.6267952      159.0798204      18.03320429      3.288328591      23.76364976     0.8199423411E-01
   109  159.0132565      228.0696151      159.0798204      24.90811472      3.288328591      24.74970484     0.8709276883E-01
   110  159.0132565      203.2084160      159.0798204      24.02612543      3.288328591      25.86777560     0.8816576982E-01
   111  159.0132565      204.6657821      159.0798204      17.64121742      3.288328591      23.51841052     0.8209341470E-01
   112  159.0132565      203.5801971      159.0798204      20.43586423      3.288328591      17.89832361     0.8402090485E-01
   113  159.0132565      205.0564715      159.0798204      21.41754782      3.288328591      25.45640076     0.8934788033E-01
   114  159.0132565      203.1894657      159.0798204      19.80205294      3.288328591      24.71246920     0.8982476275E-01
   115  159.0132565      210.0224593      159.0798204      22.20699774      3.288328591      19.46994297     0.8478760750E-01
   116  159.0132565      217.2742789      159.0798204      23.30538795      3.288328591      20.91948570     0.8531921725E-01
   117  159.0132565      203.5972451      159.0798204      23.64773037      3.288328591      25.97757409     0.8008424863E-01
   118  159.0132565      222.9266874      159.0798204      24.27317775      3.288328591      22.53592093     0.8596668366E-01
   119  159.0132565      204.6657821      159.0798204      17.64121742      3.288328591      23.51841052     0.8205222140E-01
   120  159.0132565      204.1270391      159.0798204      19.16892781      3.288328591      24.42662984     0.8168509701E-01
   121  159.0132565      202.8708005      159.0798204      20.05430404      3.288328591      24.89195823     0.8142542685E-01
   122  159.0132565      227.3710739      159.0798204      24.90054625      3.288328591      24.82771575     0.8714906506E-01
   123  159.0132565      203.0259589      159.0798204      21.17621814      3.288328591      18.28843032     0.8433640324E-01
   124  159.0132565      204.5245154      159.0798204      18.22706186      3.288328591      23.88195817     0.8192929618E-01
   125  159.0132565      217.0637301      159.0798204      23.87856357      3.288328591      21.80761981     0.8568084428E-01
   126  159.0132565      205.6408450      159.0798204      24.36692631      3.288328591      25.74112147     0.8794979476E-01
   127  159.0132565      204.3661555      159.0798204      17.04603260      3.288328591      23.12670404     0.8220049918E-01
   128  159.0132565      203.7227920      159.0798204      19.79762054      3.288328591      18.09876563     0.8378976297E-01
   129  159.0132565      204.0013247      159.0798204      21.64756628      3.288328591      18.81058604     0.8454628311E-01
   130  159.0132565      204.6277295      159.0798204      21.26890746      3.288328591      25.39719630     0.8938028176E-01
   131  159.0132565      202.9756962      159.0798204      21.29593832      3.288328591      18.41844660     0.8439551017E-01
   132  159.0132565      217.2742789      159.0798204      23.30538795      3.288328591      20.91948570     0.8533942486E-01
   133  159.0132565      202.8229909      159.0798204      20.14650834      3.288328591      24.88545634     0.8971369062E-01
   134  159.0132565      205.2472961      159.0798204      24.30676774      3.288328591      25.77308261     0.8799818407E-01
   135  159.0132565      217.6422242      159.0798204      23.56581408      3.288328591      21.30519783     0.8547969563E-01
   136  159.0132565      225.7311850      159.0798204      24.87572374      3.288328591      24.97792031     0.8724448501E-01
   137  159.0132565      204.3565427      159.0798204      24.17427244      3.288328591      25.82709386     0.8805956376E-01
   138  159.0132565      228.0696151      159.0798204      24.90811472      3.288328591      24.74970484     0.8708814129E-01
   139  159.0132565      205.5943933      159.0798204      23.02819096      3.288328591      25.95206721     0.8039067746E-01
   140  159.0132565      225.9483234      159.0798204      24.43857294      3.288328591      22.88773676     0.8611609682E-01
   141  159.0132565      203.9794548      159.0798204      18.35564155      3.288328591      19.87790213     0.8323921916E-01
   142  159.0132565      203.6827762      159.0798204      19.53025409      3.288328591      24.62222210     0.8155638182E-01
   143  159.0132565      203.8186073      159.0798204      24.10206817      3.288328591      25.84907432     0.8810927270E-01
   144  159.0132565      202.9522966      159.0798204      16.67374607      3.288328591      22.25717589     0.8254632906E-01
   145  159.0132565      226.7935041      159.0798204      24.48889891      3.288328591      23.00239610     0.8615246265E-01
   146  159.0132565      202.9852748      159.0798204      21.41442127      3.288328591      18.54882868     0.8443983953E-01
   147  159.0132565      205.5943933      159.0798204      23.02819096      3.288328591      25.95206721     0.8038293391E-01
   148  159.0132565      222.9266874      159.0798204      24.27317775      3.288328591      22.53592093     0.8597030671E-01
   149  159.0132565      203.7046210      159.0798204      17.56485070      3.288328591      20.95155962     0.8294489611E-01
   150  159.0132565      212.0287030      159.0798204      22.42078317      3.288328591      19.73487314     0.8486885551E-01
   151  159.0132565      205.7413899      159.0798204      21.77222062      3.288328591      25.64321359     0.8085449920E-01
   152  159.0132565      203.6827762      159.0798204      19.53025409      3.288328591      24.62222210     0.8156798886E-01
   153  159.0132565      204.0041269      159.0798204      18.22356808      3.288328591      20.06190164     0.8318872675E-01
   154  159.0132565      203.7046210      159.0798204      17.56485070      3.288328591      20.95155962     0.8293056257E-01
   155  159.0132565      203.6200944      159.0798204      20.30954690      3.288328591      17.92431782     0.8396507028E-01
   156  159.0132565      205.4752560      159.0798204      21.63173873      3.288328591      25.59256114     0.8093615287E-01
   157  159.0132565      203.6523902      159.0798204      20.18251998      3.288328591      17.94997362     0.8392129065E-01
   158  159.0132565      215.7101163      159.0798204      22.92924169      3.288328591      20.39672125     0.8513198579E-01
   159  159.0132565      203.9381940      159.0798204      18.48768030      3.288328591      19.69186821     0.8328508909E-01
   160  159.0132565      202.9266811      159.0798204      16.62635476      3.288328591      22.40927128     0.8249233788E-01
   161  159.0132565      205.7079830      159.0798204      22.96944674      3.288328591      25.88583539     0.8872267012E-01
   162  159.0132565      204.5245154      159.0798204      18.22706186      3.288328591      23.88195817     0.8191677825E-01
   163  159.0132565      216.9984424      159.0798204      23.21417453      3.288328591      20.78957198     0.8529207279E-01
   164  159.0132565      203.6801421      159.0798204      20.05482903      3.288328591      17.97528292     0.8386741864E-01
   165  159.0132565      202.8229909      159.0798204      20.14650834      3.288328591      24.88545634     0.8970503941E-01
   166  159.0132565      202.9822557      159.0798204      16.72118867      3.288328591      22.10226016     0.8259739153E-01
   167  159.0132565      202.9756962      159.0798204      21.29593832      3.288328591      18.41844660     0.8435947968E-01
   168  159.0132565      202.9007654      159.0798204      19.97552649      3.288328591      24.80039016     0.8977504258E-01
   169  159.0132565      206.0987704      159.0798204      21.97691798      3.288328591      25.65791978     0.8914064771E-01
   170  159.0132565      230.0566873      159.0798204      24.90584063      3.288328591      24.41998790     0.8686598204E-01
   171  159.0132565      230.6158212      159.0798204      24.79962551      3.288328591      23.85964943     0.8656013457E-01
   172  159.0132565      226.7935041      159.0798204      24.48889891      3.288328591      23.00239610     0.8618178691E-01
   173  159.0132565      224.7898753      159.0798204      24.85853217      3.288328591      25.04986734     0.8729253013E-01
   174  159.0132565      217.5055979      159.0798204      23.72723859      3.288328591      21.55827916     0.8555389937E-01
   175  159.0132565      202.9756962      159.0798204      21.29593832      3.288328591      18.41844660     0.8438675731E-01
   176  159.0132565      202.5735490      159.0798204      23.94665484      3.288328591      25.88335514     0.8823005765E-01
   177  159.0132565      202.9822557      159.0798204      16.72118867      3.288328591      22.10226016     0.8257894513E-01
   178  159.0132565      203.0259589      159.0798204      21.17621814      3.288328591      18.28843032     0.8433085324E-01
   179  159.0132565      205.4844435      159.0798204      23.08178104      3.288328591      25.89902370     0.8865047937E-01
   180  159.0132565      205.2347149      159.0798204      23.19097994      3.288328591      25.90898706     0.8860672631E-01
   181  159.0132565      203.9794548      159.0798204      18.35564155      3.288328591      19.87790213     0.8324905359E-01
   182  159.0132565      230.3520885      159.0798204      24.89694665      3.288328591      24.33220184     0.8684366559E-01
   183  159.0132565      203.1220287      159.0798204      19.88205906      3.288328591      24.80510229     0.8148764891E-01
   184  159.0132565      203.7046210      159.0798204      17.56485070      3.288328591      20.95155962     0.8291525618E-01
   185  159.0132565      230.7008777      159.0798204      24.86863172      3.288328591      24.14973123     0.8671059092E-01
   186  159.0132565      212.9178716      159.0798204      22.52546090      3.288328591      19.86768151     0.8490157360E-01
   187  159.0132565      206.2258736      159.0798204      22.17498863      3.288328591      25.77325950     0.8074756903E-01
   188  159.0132565      202.9756962      159.0798204      21.29593832      3.288328591      18.41844660     0.8439263298E-01
   189  159.0132565      229.2243381      159.0798204      24.91352113      3.288328591      24.58878686     0.8698255886E-01
   190  159.0132565      220.5105983      159.0798204      24.15146952      3.288328591      22.29601711     0.8586671255E-01
   191  159.0132565      204.4865886      159.0798204      18.60977158      3.288328591      24.10926756     0.8183788440E-01
   192  159.0132565      205.0564715      159.0798204      21.41754782      3.288328591      25.45640076     0.8932307890E-01
   193  159.0132565      203.8162263      159.0798204      17.69618425      3.288328591      20.77800767     0.8298701407E-01
   194  159.0132565      203.2388468      159.0798204      17.04315212      3.288328591      21.62264715     0.8274540653E-01
   195  159.0132565      204.6718742      159.0798204      17.83781989      3.288328591      23.64258421     0.8204749068E-01
   196  159.0132565      204.5384449      159.0798204      17.24548216      3.288328591      23.26053568     0.8217591601E-01
   197  159.0132565      206.2521414      159.0798204      22.43065407      3.288328591      25.84188310     0.8062039008E-01
   198  159.0132565      230.0566873      159.0798204      24.90584063      3.288328591      24.41998790     0.8689614061E-01
   199  159.0132565      203.7903444      159.0798204      18.88302649      3.288328591      19.12211689     0.8343517445E-01
   200  159.0132565      213.7307662      159.0798204      22.62887339      3.288328591      20.00033660     0.8497701271E-01
   201  159.0132565      205.4844435      159.0798204      23.08178104      3.288328591      25.89902370     0.8865265112E-01
   202  159.0132565      215.7101163      159.0798204      22.92924169      3.288328591      20.39672125     0.8510742552E-01
   203  159.0132565      206.1292095      159.0798204      22.67707805      3.288328591      25.89614706     0.8050077357E-01
   204  159.0132565      230.4243753      159.0798204      24.77008666      3.288328591      23.75890670     0.8650137201E-01
   205  159.0132565      204.9363122      159.0798204      23.29695275      3.288328591      25.91576707     0.8855941481E-01
   206  159.0132565      204.3565427      159.0798204      24.17427244      3.288328591      25.82709386     0.8808477143E-01
   207  159.0132565      206.1033234      159.0798204      22.04350717      3.288328591      25.73334803     0.8075337973E-01
   208  159.0132565      204.6657821      159.0798204      17.64121742      3.288328591      23.51841052     0.8205312089E-01
   209  159.0132565      230.3520885      159.0798204      24.89694665      3.288328591      24.33220184     0.8680274666E-01
   210  159.0132565      203.7227920      159.0798204      19.79762054      3.288328591      18.09876563     0.8376313783E-01
   211  159.0132565      228.0696151      159.0798204      24.90811472      3.288328591      24.74970484     0.8705757665E-01
   212  159.0132565      230.7538638      159.0798204      24.84908745      3.288328591      24.05513983     0.8669073053E-01
   213  159.0132565      203.8223456      159.0798204      21.03647723      3.288328591      25.35273196     0.8110809865E-01
   214  159.0132565      203.7040533      159.0798204      19.92651567      3.288328591      18.02602299     0.8381393121E-01
   215  159.0132565      206.2258736      159.0798204      22.17498863      3.288328591      25.77325950     0.8074181315E-01
   216  159.0132565      214.3871916      159.0798204      24.61471269      3.288328591      25.53397846     0.8765354353E-01
   217  159.0132565      203.9914085      159.0798204      18.09152276      3.288328591      20.24381111     0.8310616915E-01
   218  159.0132565      217.4734423      159.0798204      23.39449776      3.288328591      21.04877555     0.8538486929E-01
   219  159.0132565      203.7554992      159.0798204      19.01442219      3.288328591      18.92849580     0.8349822350E-01
   220  159.0132565      206.5007707      159.0798204      21.87545778      3.288328591      19.07356693     0.8464228779E-01
   221  159.0132565      203.7046210      159.0798204      17.56485070      3.288328591      20.95155962     0.8293093589E-01
   222  159.0132565      204.7776337      159.0798204      23.35267262      3.288328591      25.97860144     0.8023954878E-01
   223  159.0132565      225.0219530      159.0798204      24.38579186      3.288328591      22.77169443     0.8609628513E-01
   224  159.0132565      205.0982040      159.0798204      23.24771175      3.288328591      25.97295060     0.8026414763E-01
   225  159.0132565      203.1154892      159.0798204      20.80466041      3.288328591      25.19743863     0.8952925013E-01
   226  159.0132565      203.8186073      159.0798204      24.10206817      3.288328591      25.84907432     0.8810699480E-01
   227  159.0132565      203.2179432      159.0798204      21.05529661      3.288328591      18.15881866     0.8426160897E-01
   228  159.0132565      212.0287030      159.0798204      22.42078317      3.288328591      19.73487314     0.8486193544E-01
   229  159.0132565      204.0013247      159.0798204      21.64756628      3.288328591      18.81058604     0.8454893875E-01
   230  159.0132565      203.5801971      159.0798204      20.43586423      3.288328591      17.89832361     0.8401359606E-01
   231  159.0132565      230.4243753      159.0798204      24.77008666      3.288328591      23.75890670     0.8650902336E-01
   232  159.0132565      226.5916065      159.0798204      24.88974233      3.288328591      24.90382403     0.8715558381E-01
   233  159.0132565      203.6801421      159.0798204      20.05482903      3.288328591      17.97528292     0.8389704213E-01
   234  159.0132565      217.4597558      159.0798204      24.69289821      3.288328591      25.42954931     0.8758711143E-01
   235  159.0132565      230.6158212      159.0798204      24.79962551      3.288328591      23.85964943     0.8658177355E-01
   236  159.0132565      203.4684233      159.0798204      19.62612289      3.288328591      24.62154491     0.8986807925E-01
   237  159.0132565      203.4623725      159.0798204      17.30307503      3.288328591      21.29168069     0.8280798077E-01
   238  159.0132565      203.7344659      159.0798204      19.66818482      3.288328591      18.17083449     0.8373284314E-01
   239  159.0132565      207.3285763      159.0798204      24.42312576      3.288328591      25.70596197     0.8789465425E-01
   240  159.0132565      217.6422242      159.0798204      23.56581408      3.288328591      21.30519783     0.8545389684E-01
   241  159.0132565      203.7364403      159.0798204      19.40786405      3.288328591      18.33726207     0.8364414038E-01
   242  159.0132565      228.0696151      159.0798204      24.90811472      3.288328591      24.74970484     0.8706733988E-01
   243  159.0132565      206.1033234      159.0798204      22.04350717      3.288328591      25.73334803     0.8078128418E-01
   244  159.0132565      204.7253517      159.0798204      21.34029623      3.288328591      25.48009261     0.8104328988E-01
   245  159.0132565      205.2879046      159.0798204      21.76218081      3.288328591      18.94193020     0.8457304149E-01
   246  159.0132565      206.0987704      159.0798204      21.97691798      3.288328591      25.65791978     0.8910826900E-01
   247  159.0132565      203.1377826      159.0798204      16.91383506      3.288328591      21.78485953     0.8267700492E-01
   248  159.0132565      203.1719313      159.0798204      16.57902883      3.288328591      22.55850707     0.8242162283E-01
   249  159.0132565      204.7776337      159.0798204      23.35267262      3.288328591      25.97860144     0.8021493021E-01
   250  159.0132565      203.8575975      159.0798204      16.64295322      3.288328591      22.84907103     0.8233202991E-01
   251  159.0132565      202.9852748      159.0798204      21.41442127      3.288328591      18.54882868     0.8442672836E-01
   252  159.0132565      203.1268461      159.0798204      23.73942296      3.288328591      25.97170039     0.8002360278E-01
   253  159.0132565      230.7538638      159.0798204      24.84908745      3.288328591      24.05513983     0.8669196984E-01
   254  159.0132565      204.5245154      159.0798204      18.22706186      3.288328591      23.88195817     0.8193711953E-01
   255  159.0132565      226.5916065      159.0798204      24.88974233      3.288328591      24.90382403     0.8716791755E-01
   256  159.0132565      203.2722872      159.0798204      20.87972742      3.288328591      25.28362881     0.8119024979E-01
   257  159.0132565      204.0013247      159.0798204      21.64756628      3.288328591      18.81058604     0.8452814328E-01
   258  159.0132565      204.0013247      159.0798204      21.64756628      3.288328591      18.81058604     0.8450414552E-01
   259  159.0132565      203.2722872      159.0798204      20.87972742      3.288328591      25.28362881     0.8117377101E-01
   260  159.0132565      217.4597558      159.0798204      24.69289821      3.288328591      25.42954931     0.8756937057E-01
   261  159.0132565      203.7882992      159.0798204      23.59507102      3.288328591      25.91810541     0.8841111397E-01
   262  159.0132565      217.5055979      159.0798204      23.72723859      3.288328591      21.55827916     0.8559246539E-01
   263  159.0132565      202.9822557      159.0798204      16.72118867      3.288328591      22.10226016     0.8256587674E-01
   264  159.0132565      207.7143228      159.0798204      21.98737169      3.288328591      19.20547467     0.8469029587E-01
   265  159.0132565      203.1894657      159.0798204      19.80205294      3.288328591      24.71246920     0.8980260557E-01
   266  159.0132565      203.5506654      159.0798204      16.53178247      3.288328591      22.70534672     0.8239174012E-01
   267  159.0132565      205.2472961      159.0798204      24.30676774      3.288328591      25.77308261     0.8797623148E-01
   268  159.0132565      230.4243753      159.0798204      24.77008666      3.288328591      23.75890670     0.8652250012E-01
   269  159.0132565      203.7383672      159.0798204      19.53825082      3.288328591      18.24220682     0.8365947571E-01
   270  159.0132565      211.0634794      159.0798204      22.31464085      3.288328591      19.60238289     0.8480822808E-01
   271  159.0132565      204.5418451      159.0798204      18.41913398      3.288328591      23.99717489     0.8188939655E-01
   272  159.0132565      215.1270244      159.0798204      22.83078368      3.288328591      20.26491571     0.8508778593E-01
   273  159.0132565      205.8110916      159.0798204      22.91386987      3.288328591      25.93674549     0.8041809333E-01
   274  159.0132565      230.0566873      159.0798204      24.90584063      3.288328591      24.41998790     0.8689460439E-01
   275  159.0132565      215.9621085      159.0798204      24.65525442      3.288328591      25.48325403     0.8761606053E-01
   276  159.0132565      203.9914085      159.0798204      18.09152276      3.288328591      20.24381111     0.8312930629E-01
   277  159.0132565      203.2179432      159.0798204      21.05529661      3.288328591      18.15881866     0.8425078293E-01
   278  159.0132565      203.7046210      159.0798204      17.56485070      3.288328591      20.95155962     0.8290871138E-01
   279  159.0132565      230.7008777      159.0798204      24.86863172      3.288328591      24.14973123     0.8671222320E-01
   280  159.0132565      203.8575975      159.0798204      16.64295322      3.288328591      22.84907103     0.8233526751E-01
   281  159.0132565      206.0726441      159.0798204      22.73602186      3.288328591      25.84960596     0.8884096939E-01
   282  159.0132565      204.4481100      159.0798204      23.45434642      3.288328591      25.98117147     0.8017247001E-01
   283  159.0132565      205.7079830      159.0798204      22.96944674      3.288328591      25.88583539     0.8870348880E-01
   284  159.0132565      203.1154892      159.0798204      20.80466041      3.288328591      25.19743863     0.8953634106E-01
   285  159.0132565      224.7898753      159.0798204      24.85853217      3.288328591      25.04986734     0.8728412839E-01
   286  159.0132565      203.0259589      159.0798204      21.17621814      3.288328591      18.28843032     0.8434584937E-01
   287  159.0132565      206.2755155      159.0798204      22.30402508      3.288328591      25.80941472     0.8069040542E-01
   288  159.0132565      203.7364403      159.0798204      19.40786405      3.288328591      18.33726207     0.8364382154E-01
   289  159.0132565      204.2922617      159.0798204      18.98477871      3.288328591      24.32401886     0.8170870311E-01
   290  159.0132565      203.2084160      159.0798204      24.02612543      3.288328591      25.86777560     0.8817312044E-01
   291  159.0132565      217.3228438      159.0798204      23.80415742      3.288328591      21.68342868     0.8563523616E-01
   292  159.0132565      202.8708005      159.0798204      20.05430404      3.288328591      24.89195823     0.8141421482E-01
   293  159.0132565      205.7079830      159.0798204      22.96944674      3.288328591      25.88583539     0.8870848526E-01
   294  159.0132565      203.7378191      159.0798204      19.14590603      3.288328591      18.73311014     0.8351171794E-01
   295  159.0132565      202.8708005      159.0798204      20.05430404      3.288328591      24.89195823     0.8144334694E-01
   296  159.0132565      202.8110306      159.0798204      23.77738850      3.288328591      25.90599816     0.8833193764E-01
   297  159.0132565      212.0287030      159.0798204      22.42078317      3.288328591      19.73487314     0.8487591764E-01
   298  159.0132565      203.1154892      159.0798204      20.80466041      3.288328591      25.19743863     0.8954780664E-01
   299  159.0132565      203.9652398      159.0798204      19.26793077      3.288328591      24.43024596     0.8998616625E-01
   300  159.0132565      220.2207196      159.0798204      24.75958250      3.288328591      25.31356297     0.8749617863E-01
   301  159.0132565      202.2873756      159.0798204      23.86370622      3.288328591      25.89603473     0.8827428985E-01
   302  159.0132565      222.9266874      159.0798204      24.27317775      3.288328591      22.53592093     0.8598956050E-01
   303  159.0132565      230.4243753      159.0798204      24.77008666      3.288328591      23.75890670     0.8654335115E-01
   304  159.0132565      203.5315428      159.0798204      20.68614685      3.288328591      17.84535357     0.8410276863E-01
   305  159.0132565      216.6458355      159.0798204      23.12100403      3.288328591      20.65910183     0.8523236167E-01
   306  159.0132565      205.3485481      159.0798204      23.13952096      3.288328591      25.96411966     0.8030265410E-01
   307  159.0132565      230.7008777      159.0798204      24.86863172      3.288328591      24.14973123     0.8670745520E-01
   308  159.0132565      204.5384449      159.0798204      17.24548216      3.288328591      23.26053568     0.8219950738E-01
   309  159.0132565      227.3710739      159.0798204      24.90054625      3.288328591      24.82771575     0.8712061388E-01
   310  159.0132565      226.7935041      159.0798204      24.48889891      3.288328591      23.00239610     0.8615745063E-01
   311  159.0132565      202.2873756      159.0798204      23.86370622      3.288328591      25.89603473     0.8827269822E-01
   312  159.0132565      205.7125776      159.0798204      21.70378305      3.288328591      25.56446359     0.8923903037E-01
   313  159.0132565      205.5943933      159.0798204      23.02819096      3.288328591      25.95206721     0.8038347781E-01
   314  159.0132565      215.7101163      159.0798204      22.92924169      3.288328591      20.39672125     0.8511150601E-01
   315  159.0132565      206.2457164      159.0798204      22.10934939      3.288328591      25.69898332     0.8908144732E-01
   316  159.0132565      204.5418451      159.0798204      18.41913398      3.288328591      23.99717489     0.8188517931E-01
   317  159.0132565      203.3939962      159.0798204      20.93322318      3.288328591      18.02965842     0.8420858578E-01
   318  159.0132565      203.7344659      159.0798204      19.66818482      3.288328591      18.17083449     0.8370128627E-01
   319  159.0132565      218.8794956      159.0798204      24.72766049      3.288328591      25.37295477     0.8751835796E-01
   320  159.0132565      204.7253517      159.0798204      21.34029623      3.288328591      25.48009261     0.8104230109E-01
   321  159.0132565      205.2472961      159.0798204      24.30676774      3.288328591      25.77308261     0.8795437247E-01
   322  159.0132565      206.0987704      159.0798204      21.97691798      3.288328591      25.65791978     0.8913817003E-01
   323  159.0132565      216.6458355      159.0798204      23.12100403      3.288328591      20.65910183     0.8522374954E-01
   324  159.0132565      217.5055979      159.0798204      23.72723859      3.288328591      21.55827916     0.8555849394E-01
   325  159.0132565      203.9214364      159.0798204      19.35076627      3.288328591      24.52603723     0.8160766446E-01
   326  159.0132565      203.1268461      159.0798204      23.73942296      3.288328591      25.97170039     0.8001659712E-01
   327  159.0132565      206.2930566      159.0798204      22.49227555      3.288328591      25.79994839     0.8894776620E-01
   328  159.0132565      215.7101163      159.0798204      22.92924169      3.288328591      20.39672125     0.8510651026E-01
   329  159.0132565      215.7101163      159.0798204      22.92924169      3.288328591      20.39672125     0.8511788826E-01
   330  159.0132565      228.8401666      159.0798204      24.62472450      3.288328591      23.33709705     0.8634802086E-01
   331  159.0132565      203.2722872      159.0798204      20.87972742      3.288328591      25.28362881     0.8118653403E-01
   332  159.0132565      204.6657821      159.0798204      17.64121742      3.288328591      23.51841052     0.8207747325E-01
   333  159.0132565      225.0219530      159.0798204      24.38579186      3.288328591      22.77169443     0.8609290136E-01
   334  159.0132565      203.8395271      159.0798204      18.75142383      3.288328591      19.31392076     0.8339320930E-01
   335  159.0132565      202.7712898      159.0798204      20.31496533      3.288328591      24.96771339     0.8966868476E-01
   336  159.0132565      203.6827762      159.0798204      19.53025409      3.288328591      24.62222210     0.8158483882E-01
   337  159.0132565      229.3590034      159.0798204      24.66491435      3.288328591      23.44529191     0.8638597667E-01
   338  159.0132565      206.0987704      159.0798204      21.97691798      3.288328591      25.65791978     0.8910990092E-01
   339  159.0132565      204.0526974      159.0798204      23.55270301      3.288328591      25.98078502     0.8010475078E-01
   340  159.0132565      206.1292095      159.0798204      22.67707805      3.288328591      25.89614706     0.8054630420E-01
   341  159.0132565      204.2922617      159.0798204      18.98477871      3.288328591      24.32401886     0.8173472237E-01
   342  159.0132565      217.6422242      159.0798204      23.56581408      3.288328591      21.30519783     0.8547885960E-01
   343  159.0132565      204.0041269      159.0798204      18.22356808      3.288328591      20.06190164     0.8319325643E-01
   344  159.0132565      206.2457164      159.0798204      22.10934939      3.288328591      25.69898332     0.8906086517E-01
   345  159.0132565      222.9266874      159.0798204      24.27317775      3.288328591      22.53592093     0.8596083199E-01
   346  159.0132565      203.7344659      159.0798204      19.66818482      3.288328591      18.17083449     0.8370332606E-01
   347  159.0132565      204.4865886      159.0798204      18.60977158      3.288328591      24.10926756     0.8180106413E-01
   348  159.0132565      205.9821834      159.0798204      22.79676325      3.288328591      25.91812081     0.8048486129E-01
   349  159.0132565      206.2457164      159.0798204      22.10934939      3.288328591      25.69898332     0.8906376882E-01
   350  159.0132565      210.0224593      159.0798204      22.20699774      3.288328591      19.46994297     0.8476254883E-01
   351  159.0132565      203.4985359      159.0798204      20.81006139      3.288328591      17.90100108     0.8415818218E-01
   352  159.0132565      230.6158212      159.0798204      24.79962551      3.288328591      23.85964943     0.8656787737E-01
   353  159.0132565      228.8401666      159.0798204      24.62472450      3.288328591      23.33709705     0.8631497656E-01
   354  159.0132565      219.1835863      159.0798204      24.08693301      3.288328591      22.17476574     0.8581101427E-01
   355  159.0132565      216.7281467      159.0798204      23.95048613      3.288328591      21.93086443     0.8571685695E-01
   356  159.0132565      203.9794548      159.0798204      18.35564155      3.288328591      19.87790213     0.8321481842E-01
   357  159.0132565      203.1220287      159.0798204      19.88205906      3.288328591      24.80510229     0.8145314562E-01
   358  159.0132565      203.9060130      159.0798204      17.82777232      3.288328591      20.60215553     0.8301839105E-01
   359  159.0132565      203.5972451      159.0798204      23.64773037      3.288328591      25.97757409     0.8009829810E-01
   360  159.0132565      204.6657821      159.0798204      17.64121742      3.288328591      23.51841052     0.8209614885E-01
   361  159.0132565      203.9652398      159.0798204      19.26793077      3.288328591      24.43024596     0.8997366675E-01
   362  159.0132565      221.4828565      159.0798204      24.78867712      3.288328591      25.25146723     0.8741709658E-01
   363  159.0132565      206.0987704      159.0798204      21.97691798      3.288328591      25.65791978     0.8914219056E-01
   364  159.0132565      203.3469898      159.0798204      17.17284226      3.288328591      21.45827970     0.8279669999E-01
   365  159.0132565      203.5315428      159.0798204      20.68614685      3.288328591      17.84535357     0.8413669992E-01
   366  159.0132565      217.6120562      159.0798204      23.64778902      3.288328591      21.43218779     0.8551554960E-01
   367  159.0132565      203.1894657      159.0798204      19.80205294      3.288328591      24.71246920     0.8984212550E-01
   368  159.0132565      230.7255885      159.0798204      24.82603475      3.288328591      23.95841723     0.8660325524E-01
   369  159.0132565      205.4752560      159.0798204      21.63173873      3.288328591      25.59256114     0.8091085885E-01
   370  159.0132565      206.0726441      159.0798204      22.73602186      3.288328591      25.84960596     0.8880473030E-01
   371  159.0132565      203.8223456      159.0798204      21.03647723      3.288328591      25.35273196     0.8110210909E-01
   372  159.0132565      203.9914085      159.0798204      18.09152276      3.288328591      20.24381111     0.8314749140E-01
   373  159.0132565      203.4684233      159.0798204      19.62612289      3.288328591      24.62154491     0.8988795531E-01
   374  159.0132565      230.0566873      159.0798204      24.90584063      3.288328591      24.41998790     0.8686496958E-01
   375  159.0132565      203.1154892      159.0798204      20.80466041      3.288328591      25.19743863     0.8954380774E-01
   376  159.0132565      203.3469898      159.0798204      17.17284226      3.288328591      21.45827970     0.8277667239E-01
   377  159.0132565      218.8794956      159.0798204      24.72766049      3.288328591      25.37295477     0.8753285402E-01
   378  159.0132565      207.7143228      159.0798204      21.98737169      3.288328591      19.20547467     0.8467756745E-01
   379  159.0132565      220.5105983      159.0798204      24.15146952      3.288328591      22.29601711     0.8587615865E-01
   380  159.0132565      206.2259298      159.0798204      22.55499692      3.288328591      25.87076156     0.8059836753E-01
   381  159.0132565      230.5668767      159.0798204      24.88457778      3.288328591      24.24210666     0.8676303311E-01
   382  159.0132565      228.2395661      159.0798204      24.58200027      3.288328591      23.22716515     0.8629749664E-01
   383  159.0132565      204.6718742      159.0798204      17.83781989      3.288328591      23.64258421     0.8202601723E-01
   384  159.0132565      202.7166310      159.0798204      20.55740486      3.288328591      25.13557041     0.8127158488E-01
   385  159.0132565      203.4072897      159.0798204      19.70736344      3.288328591      24.71523759     0.8152711281E-01
   386  159.0132565      226.7935041      159.0798204      24.48889891      3.288328591      23.00239610     0.8618502429E-01
   387  159.0132565      204.2922617      159.0798204      18.98477871      3.288328591      24.32401886     0.8170317102E-01
   388  159.0132565      216.2163980      159.0798204      23.02599861      3.288328591      20.52813375     0.8519538406E-01
   389  159.0132565      206.0726441      159.0798204      22.73602186      3.288328591      25.84960596     0.8881982806E-01
   390  159.0132565      212.0287030      159.0798204      22.42078317      3.288328591      19.73487314     0.8485021849E-01
   391  159.0132565      215.9621085      159.0798204      24.65525442      3.288328591      25.48325403     0.8762222676E-01
   392  159.0132565      230.5668767      159.0798204      24.88457778      3.288328591      24.24210666     0.8676522712E-01
   393  159.0132565      204.0041269      159.0798204      18.22356808      3.288328591      20.06190164     0.8317221804E-01
   394  159.0132565      217.6422242      159.0798204      23.56581408      3.288328591      21.30519783     0.8546863257E-01
   395  159.0132565      202.7701481      159.0798204      20.39221985      3.288328591      25.05714008     0.8130763900E-01
   396  159.0132565      220.2207196      159.0798204      24.75958250      3.288328591      25.31356297     0.8748868334E-01
   397  159.0132565      203.8575975      159.0798204      16.64295322      3.288328591      22.84907103     0.8230081546E-01
   398  159.0132565      203.1894657      159.0798204      19.80205294      3.288328591      24.71246920     0.8980547445E-01
   399  159.0132565      206.2521414      159.0798204      22.43065407      3.288328591      25.84188310     0.8060914023E-01
   400  159.0132565      209.2056113      159.0798204      24.47588423      3.288328591      25.66765385     0.8781982483E-01
   401  159.0132565      211.0082329      159.0798204      24.52526506      3.288328591      25.62621324     0.8779595828E-01
   402  159.0132565      230.7538638      159.0798204      24.84908745      3.288328591      24.05513983     0.8667074157E-01
   403  159.0132565      216.2163980      159.0798204      23.02599861      3.288328591      20.52813375     0.8515352834E-01
   404  159.0132565      217.4734423      159.0798204      23.39449776      3.288328591      21.04877555     0.8535085342E-01
   405  159.0132565      204.4216609      159.0798204      18.79837519      3.288328591      24.21822310     0.8179337559E-01
   406  159.0132565      202.7166310      159.0798204      20.55740486      3.288328591      25.13557041     0.8126360019E-01
   407  159.0132565      223.7678494      159.0798204      24.83823381      3.288328591      25.11951888     0.8732835912E-01
   408  159.0132565      212.7356689      159.0798204      24.57135506      3.288328591      25.58164768     0.8773173341E-01
   409  159.0132565      225.7311850      159.0798204      24.87572374      3.288328591      24.97792031     0.8724349279E-01
   410  159.0132565      202.8221749      159.0798204      20.22445785      3.288328591      24.97595538     0.8138329267E-01
   411  159.0132565      206.3191866      159.0798204      22.36695123      3.288328591      25.76991633     0.8899992160E-01
   412  159.0132565      204.1270391      159.0798204      19.16892781      3.288328591      24.42662984     0.8168225073E-01
   413  159.0132565      203.7338186      159.0798204      19.27706786      3.288328591      18.53601190     0.8358799697E-01
   414  159.0132565      203.7554992      159.0798204      19.01442219      3.288328591      18.92849580     0.8346508606E-01
   415  159.0132565      212.7356689      159.0798204      24.57135506      3.288328591      25.58164768     0.8770133765E-01
   416  159.0132565      229.3590034      159.0798204      24.66491435      3.288328591      23.44529191     0.8638193520E-01
   417  159.0132565      203.2722872      159.0798204      20.87972742      3.288328591      25.28362881     0.8118492038E-01
   418  159.0132565      213.7307662      159.0798204      22.62887339      3.288328591      20.00033660     0.8495683412E-01
   419  159.0132565      203.1154892      159.0798204      20.80466041      3.288328591      25.19743863     0.8951102673E-01
   420  159.0132565      204.4865886      159.0798204      18.60977158      3.288328591      24.10926756     0.8182626007E-01
   421  159.0132565      203.6200944      159.0798204      20.30954690      3.288328591      17.92431782     0.8395303176E-01
   422  159.0132565      205.2347149      159.0798204      23.19097994      3.288328591      25.90898706     0.8860470680E-01
   423  159.0132565      205.0564715      159.0798204      21.41754782      3.288328591      25.45640076     0.8930718580E-01
   424  159.0132565      220.5105983      159.0798204      24.15146952      3.288328591      22.29601711     0.8587177902E-01
   425  159.0132565      229.2243381      159.0798204      24.91352113      3.288328591      24.58878686     0.8699003416E-01
   426  159.0132565      203.4072897      159.0798204      19.70736344      3.288328591      24.71523759     0.8150412265E-01
   427  159.0132565      202.9007654      159.0798204      19.97552649      3.288328591      24.80039016     0.8978934758E-01
   428  159.0132565      202.6654577      159.0798204      20.64409529      3.288328591      25.12388463     0.8956475476E-01
   429  159.0132565      211.0634794      159.0798204      22.31464085      3.288328591      19.60238289     0.8483329307E-01
   430  159.0132565      204.0041269      159.0798204      18.22356808      3.288328591      20.06190164     0.8315663545E-01
   431  159.0132565      203.7338186      159.0798204      19.27706786      3.288328591      18.53601190     0.8357194229E-01
   432  159.0132565      203.7364403      159.0798204      19.40786405      3.288328591      18.33726207     0.8363402262E-01
   433  159.0132565      228.6873268      159.0798204      24.91244466      3.288328591      24.66999567     0.8701810173E-01
   434  159.0132565      203.9794548      159.0798204      18.35564155      3.288328591      19.87790213     0.8323571227E-01
   435  159.0132565      203.0551213      159.0798204      16.78492889      3.288328591      21.94477150     0.8261607319E-01
   436  159.0132565      202.8110306      159.0798204      23.77738850      3.288328591      25.90599816     0.8834214440E-01
   437  159.0132565      229.7960021      159.0798204      24.70257932      3.288328591      23.55168843     0.8642093148E-01
   438  159.0132565      230.6158212      159.0798204      24.79962551      3.288328591      23.85964943     0.8659544848E-01
   439  159.0132565      202.8229909      159.0798204      20.14650834      3.288328591      24.88545634     0.8970256085E-01
   440  159.0132565      205.4752560      159.0798204      21.63173873      3.288328591      25.59256114     0.8094028893E-01
   441  159.0132565      203.7903444      159.0798204      18.88302649      3.288328591      19.12211689     0.8343604158E-01
   442  159.0132565      202.6654577      159.0798204      20.64409529      3.288328591      25.12388463     0.8955080796E-01
   443  159.0132565      205.8110916      159.0798204      22.91386987      3.288328591      25.93674549     0.8042946404E-01
   444  159.0132565      204.8220171      159.0798204      24.24252608      3.288328591      25.80176246     0.8800209778E-01
   445  159.0132565      202.7166310      159.0798204      20.55740486      3.288328591      25.13557041     0.8125743350E-01
   446  159.0132565      203.7383672      159.0798204      19.53825082      3.288328591      18.24220682     0.8368484671E-01
   447  159.0132565      202.6636828      159.0798204      20.71990957      3.288328591      25.21115798     0.8121864380E-01
   448  159.0132565      204.2922617      159.0798204      18.98477871      3.288328591      24.32401886     0.8174640907E-01
   449  159.0132565      204.5418451      159.0798204      18.41913398      3.288328591      23.99717489     0.8189724890E-01
   450  159.0132565      228.0696151      159.0798204      24.90811472      3.288328591      24.74970484     0.8706228548E-01
   451  159.0132565      219.1835863      159.0798204      24.08693301      3.288328591      22.17476574     0.8583199391E-01
   452  159.0132565      202.8110306      159.0798204      23.77738850      3.288328591      25.90599816     0.8832171480E-01
   453  159.0132565      203.9620496      159.0798204      17.95957014      3.288328591      20.42404381     0.8306065927E-01
   454  159.0132565      206.1292095      159.0798204      22.67707805      3.288328591      25.89614706     0.8050034022E-01
   455  159.0132565      205.7125776      159.0798204      21.70378305      3.288328591      25.56446359     0.8921799625E-01
   456  159.0132565      230.0566873      159.0798204      24.90584063      3.288328591      24.41998790     0.8686301302E-01
   457  159.0132565      230.7538638      159.0798204      24.84908745      3.288328591      24.05513983     0.8665983029E-01
   458  159.0132565      204.4216609      159.0798204      18.79837519      3.288328591      24.21822310     0.8176760913E-01
   459  159.0132565      202.5735490      159.0798204      23.94665484      3.288328591      25.88335514     0.8820664037E-01
   460  159.0132565      206.3192114      159.0798204      22.23934876      3.288328591      25.73629303     0.8900476601E-01
   461  159.0132565      203.9914085      159.0798204      18.09152276      3.288328591      20.24381111     0.8310239631E-01
   462  159.0132565      204.6267952      159.0798204      18.03320429      3.288328591      23.76364976     0.8197476465E-01
   463  159.0132565      203.4684233      159.0798204      19.62612289      3.288328591      24.62154491     0.8986953087E-01
   464  159.0132565      225.7311850      159.0798204      24.87572374      3.288328591      24.97792031     0.8720527819E-01
   465  159.0132565      206.0987704      159.0798204      21.97691798      3.288328591      25.65791978     0.8911057760E-01
   466  159.0132565      203.1220287      159.0798204      19.88205906      3.288328591      24.80510229     0.8147763927E-01
   467  159.0132565      207.7143228      159.0798204      21.98737169      3.288328591      19.20547467     0.8468314444E-01
   468  159.0132565      202.7180967      159.0798204      20.48086169      3.288328591      25.04721878     0.8960867008E-01
   469  159.0132565      203.7046210      159.0798204      17.56485070      3.288328591      20.95155962     0.8291806416E-01
   470  159.0132565      203.6523902      159.0798204      20.18251998      3.288328591      17.94997362     0.8390430193E-01
   471  159.0132565      202.7180967      159.0798204      20.48086169      3.288328591      25.04721878     0.8960247783E-01
   472  159.0132565      206.0726441      159.0798204      22.73602186      3.288328591      25.84960596     0.8884488407E-01
   473  159.0132565      222.9266874      159.0798204      24.27317775      3.288328591      22.53592093     0.8596664326E-01
   474  159.0132565      202.8221749      159.0798204      20.22445785      3.288328591      24.97595538     0.8137320560E-01
   475  159.0132565      203.6919002      159.0798204      20.96217884      3.288328591      25.26763151     0.8946659771E-01
   476  159.0132565      215.7101163      159.0798204      22.92924169      3.288328591      20.39672125     0.8510767321E-01
   477  159.0132565      207.7143228      159.0798204      21.98737169      3.288328591      19.20547467     0.8466361938E-01
   478  159.0132565      203.1220287      159.0798204      19.88205906      3.288328591      24.80510229     0.8145088536E-01
   479  159.0132565      214.4672015      159.0798204      22.73065444      3.288328591      20.13276885     0.8503029035E-01
   480  159.0132565      203.5282771      159.0798204      20.56141875      3.288328591      17.87199932     0.8408994151E-01
   481  159.0132565      202.7180967      159.0798204      20.48086169      3.288328591      25.04721878     0.8964695926E-01
   482  159.0132565      229.7960021      159.0798204      24.70257932      3.288328591      23.55168843     0.8644432880E-01
   483  159.0132565      203.1894657      159.0798204      19.80205294      3.288328591      24.71246920     0.8983411115E-01
   484  159.0132565      204.5245154      159.0798204      18.22706186      3.288328591      23.88195817     0.8190604009E-01
   485  159.0132565      211.0634794      159.0798204      22.31464085      3.288328591      19.60238289     0.8481584114E-01
   486  159.0132565      203.1894657      159.0798204      19.80205294      3.288328591      24.71246920     0.8984208146E-01
   487  159.0132565      220.5105983      159.0798204      24.15146952      3.288328591      22.29601711     0.8586311550E-01
   488  159.0132565      202.8221749      159.0798204      20.22445785      3.288328591      24.97595538     0.8138223415E-01
   489  159.0132565      202.6636828      159.0798204      20.71990957      3.288328591      25.21115798     0.8120941031E-01
   490  159.0132565      230.6158212      159.0798204      24.79962551      3.288328591      23.85964943     0.8655913309E-01
   491  159.0132565      205.0564715      159.0798204      21.41754782      3.288328591      25.45640076     0.8934984933E-01
   492  159.0132565      203.7046210      159.0798204      17.56485070      3.288328591      20.95155962     0.8291770427E-01
   493  159.0132565      207.3285763      159.0798204      24.42312576      3.288328591      25.70596197     0.8785561418E-01
   494  159.0132565      205.0564715      159.0798204      21.41754782      3.288328591      25.45640076     0.8930753350E-01
   495  159.0132565      204.2922617      159.0798204      18.98477871      3.288328591      24.32401886     0.8171557242E-01
   496  159.0132565      203.7364403      159.0798204      19.40786405      3.288328591      18.33726207     0.8362568490E-01
   497  159.0132565      230.0566873      159.0798204      24.90584063      3.288328591      24.41998790     0.8688609924E-01
   498  159.0132565      207.7143228      159.0798204      21.98737169      3.288328591      19.20547467     0.8466985218E-01
   499  159.0132565      227.5573031      159.0798204      24.53672150      3.288328591      23.11556993     0.8620558568E-01
   500  159.0132565      224.7898753      159.0798204      24.85853217      3.288328591      25.04986734     0.8727854053E-01
