 Run#  Vfa              Vfb              Vfc              Ifa              Ifb              Ifc              Time                                                               
     1  201.9963483      202.3188664      159.0798204      3.275566985      3.288328591      19.05169316     0.8154872606E-01
     2  192.4781363      203.0722986      159.0798204      3.297500556      3.288328591      19.20138482     0.8943890973E-01
     3  200.3565043      202.5651174      159.0798204      3.295359140      3.288328591      19.04302283     0.8975582676E-01
     4  193.0815887      234.8764165      159.0798204      3.279089894      3.288328591      15.86984319     0.8618027655E-01
     5  207.2345120      203.8214488      159.0798204      3.271520806      3.288328591      18.70417504     0.8190793623E-01
     6  195.0538679      222.2687794      159.0798204      3.277872619      3.288328591      16.79186228     0.8668419066E-01
     7  193.6126120      203.0287187      159.0798204      3.276140994      3.288328591      19.23738657     0.8119237738E-01
     8  193.4324256      203.4795130      159.0798204      3.274970663      3.288328591      19.18366738     0.8028666790E-01
     9  193.6304145      202.1058189      159.0798204      3.290181877      3.288328591      18.69796312     0.8802741588E-01
    10  195.2913161      218.7840171      159.0798204      3.275638057      3.288328591      16.97005309     0.8677877367E-01
    11  192.7327608      203.1668617      159.0798204      3.276282584      3.288328591      19.30601902     0.8084912617E-01
    12  196.3622885      202.9189245      159.0798204      3.276112358      3.288328591      19.19620605     0.8126350542E-01
    13  195.0926909      239.0779397      159.0798204      3.265268899      3.288328591      14.95930408     0.8573561471E-01
    14  193.9922443      203.1954936      159.0798204      3.291475203      3.288328591      19.05077010     0.8847646840E-01
    15  195.8275182      215.2217911      159.0798204      3.265268899      3.288328591      14.51914882     0.8400437288E-01
    16  201.0125971      202.4886404      159.0798204      3.275767497      3.288328591      19.08522143     0.8149494493E-01
    17  196.2069987      238.7364372      159.0798204      3.265268899      3.288328591      14.54083932     0.8553943584E-01
    18  196.3622885      202.9189245      159.0798204      3.276112358      3.288328591      19.19620605     0.8129824110E-01
    19  194.1369042      202.9875890      159.0798204      3.297762103      3.288328591      19.16812012     0.8953815116E-01
    20  191.5727932      203.3443000      159.0798204      3.296103725      3.288328591      18.37472722     0.8770655618E-01
    21  195.8977933      216.2184569      159.0798204      3.265268899      3.288328591      14.38324387     0.8408978584E-01
    22  195.1110559      208.7401115      159.0798204      3.276813028      3.288328591      17.39492103     0.8703068228E-01
    23  192.6730861      222.3970944      159.0798204      3.265268899      3.288328591      12.81109177     0.8467713042E-01
    24  193.7829936      203.3165850      159.0798204      3.292853471      3.288328591      19.07924501     0.8853095457E-01
    25  200.3565043      202.5651174      159.0798204      3.295359140      3.288328591      19.04302283     0.8975343940E-01
    26  193.7734928      236.4048313      159.0798204      3.273477040      3.288328591      15.67292315     0.8605604663E-01
    27  195.6874632      214.1489845      159.0798204      3.265268899      3.288328591      14.65473359     0.8397568384E-01
    28  192.6254684      203.1246972      159.0798204      3.297164343      3.288328591      19.22509190     0.8931836116E-01
    29  193.7304676      213.4123431      159.0798204      3.266249641      3.288328591      15.45810423     0.8369603224E-01
    30  192.6810152      203.1446406      159.0798204      3.296934714      3.288328591      19.23925539     0.8921390319E-01
    31  193.8968586      202.1953911      159.0798204      3.289391868      3.288328591      18.74546671     0.8807094903E-01
    32  194.1328360      203.0381379      159.0798204      3.290243424      3.288328591      19.02008167     0.8844036525E-01
    33  194.8711702      203.4527718      159.0798204      3.282951331      3.288328591      17.70962986     0.8721868567E-01
    34  193.9404844      221.4275468      159.0798204      3.265268899      3.288328591      13.29377987     0.8445006228E-01
    35  208.1239918      204.7887468      159.0798204      3.271932104      3.288328591      18.39724963     0.8219670528E-01
    36  194.3467887      202.8384031      159.0798204      3.274400262      3.288328591      19.03756196     0.8002559339E-01
    37  194.0968171      203.1733115      159.0798204      3.274560523      3.288328591      19.10269123     0.8014805489E-01
    38  194.2628818      202.8686917      159.0798204      3.289221756      3.288328591      18.98721675     0.8835849605E-01
    39  195.0225310      202.9784524      159.0798204      3.276131249      3.288328591      19.21799708     0.8124318366E-01
    40  195.8285125      217.9826672      159.0798204      3.265268899      3.288328591      14.10997774     0.8418769483E-01
    41  205.7595772      203.5262251      159.0798204      3.275473072      3.288328591      17.78646005     0.8258696045E-01
    42  192.6818789      203.1649197      159.0798204      3.296957783      3.288328591      19.23877979     0.8904426898E-01
    43  195.1110559      208.7401115      159.0798204      3.276813028      3.288328591      17.39492103     0.8702871853E-01
    44  204.5121091      202.6737904      159.0798204      3.274554138      3.288328591      18.93882690     0.8167239209E-01
    45  192.5138970      202.4833727      159.0798204      3.293202349      3.288328591      18.54356517     0.8789382026E-01
    46  199.9569618      202.6332122      159.0798204      3.275912860      3.288328591      19.11650321     0.8143710428E-01
    47  192.5654080      213.8679149      159.0798204      3.265268899      3.288328591      16.08415324     0.8341170961E-01
    48  192.7094236      203.2371309      159.0798204      3.276122141      3.288328591      19.29266639     0.8060344824E-01
    49  208.1239918      204.7887468      159.0798204      3.271932104      3.288328591      18.39724963     0.8215451324E-01
    50  192.7107953      203.1614004      159.0798204      3.276235080      3.288328591      19.29837567     0.8090410181E-01
    51  196.2551233      235.7111964      159.0798204      3.265268899      3.288328591      13.92316520     0.8523910347E-01
    52  193.1785896      213.6567158      159.0798204      3.265481436      3.288328591      15.58710242     0.8361196734E-01
    53  192.5559829      231.9557571      159.0798204      3.283214104      3.288328591      16.15586260     0.8633503526E-01
    54  199.8343020      209.4192058      159.0798204      3.265268899      3.288328591      17.15270849     0.8293766163E-01
    55  193.1608127      213.2256259      159.0798204      3.265268899      3.288328591      16.43423948     0.8327908707E-01
    56  203.7465251      202.3759336      159.0798204      3.274966563      3.288328591      18.97848543     0.8161630790E-01
    57  196.3512280      236.4245686      159.0798204      3.265268899      3.288328591      14.02421316     0.8528684582E-01
    58  194.0223088      237.0423255      159.0798204      3.270072623      3.288328591      15.57303150     0.8601767592E-01
    59  192.6885560      203.1475084      159.0798204      3.296877548      3.288328591      19.24247233     0.8907917847E-01
    60  194.6292365      212.6936086      159.0798204      3.266147933      3.288328591      15.19534976     0.8375260384E-01
    61  194.3467887      202.8384031      159.0798204      3.274400262      3.288328591      19.03756196     0.8001266007E-01
    62  202.8096281      206.7842411      159.0798204      3.267340289      3.288328591      17.43402497     0.8277784897E-01
    63  194.3406381      203.8089436      159.0798204      3.288972419      3.288328591      17.85760347     0.8730758470E-01
    64  193.5478541      203.4156332      159.0798204      3.294149684      3.288328591      19.10545766     0.8857611303E-01
    65  192.7760005      203.4924233      159.0798204      3.296912303      3.288328591      19.17014023     0.8873164239E-01
    66  203.6567826      205.7599539      159.0798204      3.270443649      3.288328591      17.52515323     0.8271369587E-01
    67  192.6885560      203.1475084      159.0798204      3.296877548      3.288328591      19.24247233     0.8908645769E-01
    68  193.7734928      236.4048313      159.0798204      3.273477040      3.288328591      15.67292315     0.8609440810E-01
    69  192.7760005      203.4924233      159.0798204      3.296912303      3.288328591      19.17014023     0.8871691405E-01
    70  196.0991781      234.9141022      159.0798204      3.265268899      3.288328591      13.82230141     0.8517440173E-01
    71  193.0815887      234.8764165      159.0798204      3.279089894      3.288328591      15.86984319     0.8616981206E-01
    72  194.0223088      237.0423255      159.0798204      3.270072623      3.288328591      15.57303150     0.8603134006E-01
    73  192.7760005      203.4924233      159.0798204      3.296912303      3.288328591      19.17014023     0.8873232310E-01
    74  195.8285125      217.9826672      159.0798204      3.265268899      3.288328591      14.10997774     0.8415436072E-01
    75  207.7878383      204.8665243      159.0798204      3.275017589      3.288328591      18.18306489     0.8234054325E-01
    76  192.7414042      203.9721275      159.0798204      3.296327671      3.288328591      18.13121960     0.8751044602E-01
    77  193.8968586      202.1953911      159.0798204      3.289391868      3.288328591      18.74546671     0.8806626107E-01
    78  196.8335400      202.8643582      159.0798204      3.297610991      3.288328591      19.12524752     0.8964972321E-01
    79  200.8980819      208.6141831      159.0798204      3.265455571      3.288328591      17.24764501     0.8289797833E-01
    80  192.5559829      231.9557571      159.0798204      3.283214104      3.288328591      16.15586260     0.8632176855E-01
    81  204.0621538      202.4449026      159.0798204      3.288236552      3.288328591      18.90173051     0.8996408838E-01
    82  193.4898757      229.5943646      159.0798204      3.283609324      3.288328591      16.34005021     0.8643337673E-01
    83  194.6895498      238.9519555      159.0798204      3.265268899      3.288328591      15.06301491     0.8576275851E-01
    84  192.6730861      222.3970944      159.0798204      3.265268899      3.288328591      12.81109177     0.8468234147E-01
    85  193.4559187      235.6827409      159.0798204      3.276513798      3.288328591      15.77190786     0.8611311372E-01
    86  194.8664172      211.9027066      159.0798204      3.265268899      3.288328591      16.75963652     0.8310232373E-01
    87  192.7329655      203.1666314      159.0798204      3.276284373      3.288328591      19.30622570     0.8075486848E-01
    88  195.1492359      206.5078972      159.0798204      3.276943631      3.288328591      17.47582558     0.8707449299E-01
    89  192.6420100      203.1300779      159.0798204      3.276179423      3.288328591      19.28114739     0.8100370765E-01
    90  192.6254684      203.1246972      159.0798204      3.297164343      3.288328591      19.22509190     0.8931451469E-01
    91  192.6818789      203.1649197      159.0798204      3.296957783      3.288328591      19.23877979     0.8904834383E-01
    92  196.2069987      238.7364372      159.0798204      3.265268899      3.288328591      14.54083932     0.8551477148E-01
    93  195.2913161      218.7840171      159.0798204      3.275638057      3.288328591      16.97005309     0.8676434073E-01
    94  194.3554534      202.5917793      159.0798204      3.288315638      3.288328591      18.91503657     0.8827464589E-01
    95  207.5579677      203.9276098      159.0798204      3.270844655      3.288328591      18.64870774     0.8197352417E-01
    96  192.6818789      203.1649197      159.0798204      3.296957783      3.288328591      19.23877979     0.8902078753E-01
    97  207.5298418      204.7455827      159.0798204      3.275769721      3.288328591      18.10743614     0.8237606573E-01
    98  193.3818679      221.7293702      159.0798204      3.265268899      3.288328591      13.14921339     0.8453672902E-01
    99  192.6407850      203.3980712      159.0798204      3.297392589      3.288328591      19.20171540     0.8880470707E-01
   100  192.7286259      203.1731217      159.0798204      3.276261322      3.288328591      19.30403259     0.8071172979E-01
   101  207.8083302      204.0544830      159.0798204      3.270210146      3.288328591      18.58981430     0.8204261882E-01
   102  193.4324256      203.4795130      159.0798204      3.274970663      3.288328591      19.18366738     0.8029448423E-01
   103  192.5662413      203.1025167      159.0798204      3.297329249      3.288328591      19.21442949     0.8939638924E-01
   104  195.9166806      234.0333906      159.0798204      3.265268899      3.288328591      13.72132607     0.8511400562E-01
   105  192.5596609      203.1047113      159.0798204      3.276160735      3.288328591      19.26895416     0.8109245834E-01
   106  192.7107953      203.1614004      159.0798204      3.276235080      3.288328591      19.29837567     0.8094739724E-01
   107  199.8343020      209.4192058      159.0798204      3.265268899      3.288328591      17.15270849     0.8290549006E-01
   108  205.7595772      203.5262251      159.0798204      3.275473072      3.288328591      17.78646005     0.8257143552E-01
   109  194.0947050      202.2900966      159.0798204      3.288860805      3.288328591      18.79094657     0.8811671800E-01
   110  191.6432985      203.5722318      159.0798204      3.296789142      3.288328591      18.31611116     0.8767940792E-01
   111  192.0276263      202.7939767      159.0798204      3.294266314      3.288328591      18.48844263     0.8780885789E-01
   112  192.4082506      213.9298310      159.0798204      3.265268899      3.288328591      15.96275718     0.8347455315E-01
   113  195.3059444      216.9260405      159.0798204      3.276036495      3.288328591      17.05755720     0.8681471177E-01
   114  194.0977250      228.3852489      159.0798204      3.265268899      3.288328591      13.21055568     0.8486075679E-01
   115  192.5934348      224.0149181      159.0798204      3.265268899      3.288328591      12.90213261     0.8473938073E-01
   116  192.8908626      225.5524975      159.0798204      3.265268899      3.288328591      13.00483858     0.8477189325E-01
   117  195.0225310      202.9784524      159.0798204      3.276131249      3.288328591      19.21799708     0.8120985584E-01
   118  195.8275182      215.2217911      159.0798204      3.265268899      3.288328591      14.51914882     0.8404716841E-01
   119  192.7329655      203.1666314      159.0798204      3.276284373      3.288328591      19.30622570     0.8075941107E-01
   120  192.5654080      213.8679149      159.0798204      3.265268899      3.288328591      16.08415324     0.8342182081E-01
   121  192.6889313      203.3773939      159.0798204      3.275859141      3.288328591      19.27271336     0.8054233458E-01
   122  195.3958278      232.0220037      159.0798204      3.265268899      3.288328591      13.51820900     0.8501727234E-01
   123  196.3512280      236.4245686      159.0798204      3.265268899      3.288328591      14.02421316     0.8529627555E-01
   124  193.3818679      221.7293702      159.0798204      3.265268899      3.288328591      13.14921339     0.8450314043E-01
   125  195.4790158      219.4401768      159.0798204      3.265268899      3.288328591      13.84025635     0.8428125734E-01
   126  195.6908993      233.0692617      159.0798204      3.265268899      3.288328591      13.62000323     0.8509206448E-01
   127  207.7878383      204.8665243      159.0798204      3.275017589      3.288328591      18.18306489     0.8232763499E-01
   128  192.6967973      203.3010728      159.0798204      3.276004508      3.288328591      19.28376041     0.8056122050E-01
   129  207.1982366      204.5510092      159.0798204      3.276211652      3.288328591      18.02990887     0.8243297394E-01
   130  192.6860152      203.1489402      159.0798204      3.276205186      3.288328591      19.29095539     0.8099293345E-01
   131  194.2987248      202.4849037      159.0798204      3.288311613      3.288328591      18.87575904     0.8823252206E-01
   132  195.6874632      214.1489845      159.0798204      3.265268899      3.288328591      14.65473359     0.8399820437E-01
   133  192.0276263      202.7939767      159.0798204      3.294266314      3.288328591      18.48844263     0.8782090968E-01
   134  194.0223088      237.0423255      159.0798204      3.270072623      3.288328591      15.57303150     0.8602897248E-01
   135  192.6607652      203.2603388      159.0798204      3.297224380      3.288328591      19.22456857     0.8894040082E-01
   136  197.6314905      202.8464645      159.0798204      3.276075808      3.288328591      19.17201860     0.8131659289E-01
   137  193.2953942      202.0303213      159.0798204      3.291096575      3.288328591      18.64844013     0.8797669416E-01
   138  195.4790158      219.4401768      159.0798204      3.265268899      3.288328591      13.84025635     0.8429870235E-01
   139  194.3554534      202.5917793      159.0798204      3.288315638      3.288328591      18.91503657     0.8829039688E-01
   140  195.2072141      220.5652030      159.0798204      3.276399394      3.288328591      16.88140308     0.8670030785E-01
   141  207.9859520      204.3717900      159.0798204      3.269645681      3.288328591      18.52839867     0.8207397437E-01
   142  194.6404138      203.6591882      159.0798204      3.286198178      3.288328591      17.78444810     0.8728720629E-01
   143  193.7734928      236.4048313      159.0798204      3.273477040      3.288328591      15.67292315     0.8607603706E-01
   144  204.0621538      202.4449026      159.0798204      3.288236552      3.288328591      18.90173051     0.8995482895E-01
   145  192.7327608      203.1668617      159.0798204      3.276282584      3.288328591      19.30601902     0.8081009372E-01
   146  196.2551233      235.7111964      159.0798204      3.265268899      3.288328591      13.92316520     0.8524518149E-01
   147  194.6895498      238.9519555      159.0798204      3.265268899      3.288328591      15.06301491     0.8576526078E-01
   148  195.2072141      220.5652030      159.0798204      3.276399394      3.288328591      16.88140308     0.8673788453E-01
   149  193.1785896      213.6567158      159.0798204      3.265481436      3.288328591      15.58710242     0.8362534620E-01
   150  193.6126120      203.0287187      159.0798204      3.276140994      3.288328591      19.23738657     0.8119351129E-01
   151  192.6254684      203.1246972      159.0798204      3.297164343      3.288328591      19.22509190     0.8934426837E-01
   152  192.6912915      203.1435945      159.0798204      3.296848627      3.288328591      19.24380585     0.8911843390E-01
   153  192.1975201      213.9153671      159.0798204      3.265268899      3.288328591      15.83944783     0.8351858469E-01
   154  195.2509161      214.9920323      159.0798204      3.276325999      3.288328591      17.14387979     0.8685286636E-01
   155  193.4559187      235.6827409      159.0798204      3.276513798      3.288328591      15.77190786     0.8612496592E-01
   156  207.7878383      204.8665243      159.0798204      3.275017589      3.288328591      18.18306489     0.8230228293E-01
   157  193.9404844      221.4275468      159.0798204      3.265268899      3.288328591      13.29377987     0.8446918148E-01
   158  192.1975201      213.9153671      159.0798204      3.265268899      3.288328591      15.83944783     0.8353318308E-01
   159  208.0845512      204.8879223      159.0798204      3.273049170      3.288328591      18.32809881     0.8220797737E-01
   160  192.6854927      203.0338834      159.0798204      3.297655945      3.288328591      19.18595193     0.8947569656E-01
   161  193.6304145      202.1058189      159.0798204      3.290181877      3.288328591      18.69796312     0.8803203278E-01
   162  194.8493711      220.5892299      159.0798204      3.265268899      3.288328591      13.57079844     0.8437495523E-01
   163  202.3524397      202.2214382      159.0798204      3.292411395      3.288328591      18.97655479     0.8987260710E-01
   164  192.6607652      203.2603388      159.0798204      3.297224380      3.288328591      19.22456857     0.8890752574E-01
   165  192.6564916      203.4427823      159.0798204      3.297269326      3.288328591      19.18703985     0.8878509745E-01
   166  192.4389389      203.0709446      159.0798204      3.276148963      3.288328591      19.25437052     0.8113291121E-01
   167  192.7327608      203.1668617      159.0798204      3.276282584      3.288328591      19.30601902     0.8083865186E-01
   168  196.2551233      235.7111964      159.0798204      3.265268899      3.288328591      13.92316520     0.8522177286E-01
   169  207.7878383      204.8665243      159.0798204      3.275017589      3.288328591      18.18306489     0.8233641734E-01
   170  194.2239372      202.3851497      159.0798204      3.288499891      3.288328591      18.83438624     0.8816615342E-01
   171  193.7829936      203.3165850      159.0798204      3.292853471      3.288328591      19.07924501     0.8854046464E-01
   172  195.5197425      202.9322419      159.0798204      3.297770683      3.288328591      19.14788389     0.8958926567E-01
   173  195.2913161      218.7840171      159.0798204      3.275638057      3.288328591      16.97005309     0.8678809171E-01
   174  193.2402998      203.9870271      159.0798204      3.295140896      3.288328591      18.06585370     0.8745743601E-01
   175  195.1255733      204.2023512      159.0798204      3.277100189      3.288328591      17.55527242     0.8712709815E-01
   176  195.9166806      234.0333906      159.0798204      3.265268899      3.288328591      13.72132607     0.8513854687E-01
   177  192.5879875      213.8243691      159.0798204      3.265268899      3.288328591      15.71422639     0.8355730147E-01
   178  192.2056507      203.8845732      159.0798204      3.296751744      3.288328591      18.19456393     0.8756585110E-01
   179  192.6625437      203.1385808      159.0798204      3.297036413      3.288328591      19.23336999     0.8925949337E-01
   180  195.1991770      220.0533907      159.0798204      3.265268899      3.288328591      13.70531382     0.8430505722E-01
   181  195.6908993      233.0692617      159.0798204      3.265268899      3.288328591      13.62000323     0.8509677990E-01
   182  202.9078011      202.1110592      159.0798204      3.275302506      3.288328591      19.01609475     0.8157971975E-01
   183  193.1566220      203.5238019      159.0798204      3.275143784      3.288328591      19.20612618     0.8034991676E-01
   184  192.5596609      203.1047113      159.0798204      3.276160735      3.288328591      19.26895416     0.8105106428E-01
   185  196.2551233      235.7111964      159.0798204      3.265268899      3.288328591      13.92316520     0.8523732856E-01
   186  194.6292365      212.6936086      159.0798204      3.266147933      3.288328591      15.19534976     0.8378105653E-01
   187  194.2987248      202.4849037      159.0798204      3.288311613      3.288328591      18.87575904     0.8821712665E-01
   188  196.2551233      235.7111964      159.0798204      3.265268899      3.288328591      13.92316520     0.8524763627E-01
   189  195.1110559      208.7401115      159.0798204      3.276813028      3.288328591      17.39492103     0.8702274897E-01
   190  197.6314905      202.8464645      159.0798204      3.276075808      3.288328591      19.17201860     0.8134186005E-01
   191  205.1321150      203.4941712      159.0798204      3.274506507      3.288328591      17.70144160     0.8264182953E-01
   192  195.0225310      202.9784524      159.0798204      3.276131249      3.288328591      19.21799708     0.8122895895E-01
   193  195.9166806      234.0333906      159.0798204      3.265268899      3.288328591      13.72132607     0.8511301036E-01
   194  194.8493711      220.5892299      159.0798204      3.265268899      3.288328591      13.57079844     0.8436508106E-01
   195  195.4777985      213.0002254      159.0798204      3.265268899      3.288328591      14.79047642     0.8391742097E-01
   196  194.2212518      203.0119040      159.0798204      3.274469258      3.288328591      19.07121300     0.8009430939E-01
   197  195.6908993      233.0692617      159.0798204      3.265268899      3.288328591      13.62000323     0.8505797421E-01
   198  192.5662413      203.1025167      159.0798204      3.297329249      3.288328591      19.21442949     0.8937252460E-01
   199  195.8275182      215.2217911      159.0798204      3.265268899      3.288328591      14.51914882     0.8402087703E-01
   200  192.6481893      203.3311406      159.0798204      3.297350618      3.288328591      19.21420748     0.8888017651E-01
   201  192.6912915      203.1435945      159.0798204      3.296848627      3.288328591      19.24380585     0.8912654332E-01
   202  201.3900188      202.4029424      159.0798204      3.294094476      3.288328591      19.01090839     0.8981355312E-01
   203  193.0444211      230.8162243      159.0798204      3.283836513      3.288328591      16.24851000     0.8638733350E-01
   204  207.2345120      203.8214488      159.0798204      3.271520806      3.288328591      18.70417504     0.8191414088E-01
   205  192.6860152      203.1489402      159.0798204      3.276205186      3.288328591      19.29095539     0.8096570869E-01
   206  192.7204494      203.1945791      159.0798204      3.276208048      3.288328591      19.29949103     0.8066595642E-01
   207  203.6567826      205.7599539      159.0798204      3.270443649      3.288328591      17.52515323     0.8272961696E-01
   208  195.0538679      222.2687794      159.0798204      3.277872619      3.288328591      16.79186228     0.8667221405E-01
   209  203.2433129      202.1231436      159.0798204      3.290391752      3.288328591      18.94014228     0.8990160363E-01
   210  192.2900742      233.0125531      159.0798204      3.282544031      3.288328591      16.06190747     0.8625225245E-01
   211  203.7465251      202.3759336      159.0798204      3.274966563      3.288328591      18.97848543     0.8160690140E-01
   212  195.0328898      203.1737529      159.0798204      3.279513151      3.288328591      17.63322128     0.8719176060E-01
   213  207.2345120      203.8214488      159.0798204      3.271520806      3.288328591      18.70417504     0.8192046964E-01
   214  194.3406381      203.8089436      159.0798204      3.288972419      3.288328591      17.85760347     0.8733318892E-01
   215  192.6607652      203.2603388      159.0798204      3.297224380      3.288328591      19.22456857     0.8890620926E-01
   216  195.0538679      222.2687794      159.0798204      3.277872619      3.288328591      16.79186228     0.8665909066E-01
   217  192.6254684      203.1246972      159.0798204      3.297164343      3.288328591      19.22509190     0.8933667378E-01
   218  201.0125971      202.4886404      159.0798204      3.275767497      3.288328591      19.08522143     0.8147622106E-01
   219  192.7327608      203.1668617      159.0798204      3.276282584      3.288328591      19.30601902     0.8084731075E-01
   220  192.7329655      203.1666314      159.0798204      3.276284373      3.288328591      19.30622570     0.8075185702E-01
   221  193.9207933      228.2906361      159.0798204      3.283109670      3.288328591      16.43082283     0.8646089341E-01
   222  194.2987248      202.4849037      159.0798204      3.288311613      3.288328591      18.87575904     0.8823551851E-01
   223  194.8493711      220.5892299      159.0798204      3.265268899      3.288328591      13.57079844     0.8435956008E-01
   224  192.4389389      203.0709446      159.0798204      3.276148963      3.288328591      19.25437052     0.8112618697E-01
   225  192.0276263      202.7939767      159.0798204      3.294266314      3.288328591      18.48844263     0.8782439274E-01
   226  192.7542064      221.9525525      159.0798204      3.265268899      3.288328591      13.00383508     0.8456880579E-01
   227  192.9318064      202.1654777      159.0798204      3.292120449      3.288328591      18.59698420     0.8791890984E-01
   228  194.8664172      211.9027066      159.0798204      3.265268899      3.288328591      16.75963652     0.8311765374E-01
   229  194.1328360      203.0381379      159.0798204      3.290243424      3.288328591      19.02008167     0.8840645781E-01
   230  194.3406381      203.8089436      159.0798204      3.288972419      3.288328591      17.85760347     0.8733644264E-01
   231  192.5879875      213.8243691      159.0798204      3.265268899      3.288328591      15.71422639     0.8359147745E-01
   232  207.5579677      203.9276098      159.0798204      3.270844655      3.288328591      18.64870774     0.8196156128E-01
   233  193.2953942      202.0303213      159.0798204      3.291096575      3.288328591      18.64844013     0.8796050036E-01
   234  208.0911204      204.6166232      159.0798204      3.270765448      3.288328591      18.46403451     0.8212951109E-01
   235  192.7204494      203.1945791      159.0798204      3.276208048      3.288328591      19.29949103     0.8069295318E-01
   236  193.9207933      228.2906361      159.0798204      3.283109670      3.288328591      16.43082283     0.8646407915E-01
   237  205.8225461      203.2283045      159.0798204      3.273501127      3.288328591      18.85297198     0.8177821505E-01
   238  193.9207933      228.2906361      159.0798204      3.283109670      3.288328591      16.43082283     0.8646033968E-01
   239  192.6607652      203.2603388      159.0798204      3.297224380      3.288328591      19.22456857     0.8892902629E-01
   240  194.0968171      203.1733115      159.0798204      3.274560523      3.288328591      19.10269123     0.8014492327E-01
   241  195.0926909      239.0779397      159.0798204      3.265268899      3.288328591      14.95930408     0.8572545841E-01
   242  191.5003583      203.0855786      159.0798204      3.295211037      3.288328591      18.43211296     0.8777951993E-01
   243  192.8984754      203.5212917      159.0798204      3.275326629      3.288328591      19.22624920     0.8039145423E-01
   244  192.6893225      203.1449492      159.0798204      3.296869458      3.288328591      19.24273784     0.8917126338E-01
   245  199.9569618      202.6332122      159.0798204      3.275912860      3.288328591      19.11650321     0.8142362077E-01
   246  195.2913161      218.7840171      159.0798204      3.275638057      3.288328591      16.97005309     0.8679433536E-01
   247  207.5298418      204.7455827      159.0798204      3.275769721      3.288328591      18.10743614     0.8239433421E-01
   248  202.9078011      202.1110592      159.0798204      3.275302506      3.288328591      19.01609475     0.8157505630E-01
   249  207.5579677      203.9276098      159.0798204      3.270844655      3.288328591      18.64870774     0.8197117654E-01
   250  195.5197425      202.9322419      159.0798204      3.297770683      3.288328591      19.14788389     0.8956414691E-01
   251  192.6875742      222.0968267      159.0798204      3.265268899      3.288328591      12.87554685     0.8461714196E-01
   252  193.1566220      203.5238019      159.0798204      3.275143784      3.288328591      19.20612618     0.8030488276E-01
   253  195.8285125      217.9826672      159.0798204      3.265268899      3.288328591      14.10997774     0.8416461500E-01
   254  192.6730861      222.3970944      159.0798204      3.265268899      3.288328591      12.81109177     0.8468431634E-01
   255  192.6254684      203.1246972      159.0798204      3.297164343      3.288328591      19.22509190     0.8930474575E-01
   256  194.0977250      228.3852489      159.0798204      3.265268899      3.288328591      13.21055568     0.8486183889E-01
   257  199.8343020      209.4192058      159.0798204      3.265268899      3.288328591      17.15270849     0.8292629761E-01
   258  207.9726092      204.9139176      159.0798204      3.274089658      3.288328591      18.25666517     0.8228398034E-01
   259  195.2509161      214.9920323      159.0798204      3.276325999      3.288328591      17.14387979     0.8685757266E-01
   260  196.2551233      235.7111964      159.0798204      3.265268899      3.288328591      13.92316520     0.8522373212E-01
   261  196.3512280      236.4245686      159.0798204      3.265268899      3.288328591      14.02421316     0.8526570947E-01
   262  192.7329655      203.1666314      159.0798204      3.276284373      3.288328591      19.30622570     0.8077901003E-01
   263  201.8899547      207.7357537      159.0798204      3.266261050      3.288328591      17.34146147     0.8282149380E-01
   264  192.7327608      203.1668617      159.0798204      3.276282584      3.288328591      19.30601902     0.8084633094E-01
   265  195.4790158      219.4401768      159.0798204      3.265268899      3.288328591      13.84025635     0.8428415867E-01
   266  195.2527892      211.7757247      159.0798204      3.265268899      3.288328591      14.92656768     0.8385472773E-01
   267  193.4898757      229.5943646      159.0798204      3.283609324      3.288328591      16.34005021     0.8640892827E-01
   268  194.0977250      228.3852489      159.0798204      3.265268899      3.288328591      13.21055568     0.8485747599E-01
   269  195.5197425      202.9322419      159.0798204      3.297770683      3.288328591      19.14788389     0.8959893090E-01
   270  192.6810152      203.1446406      159.0798204      3.296934714      3.288328591      19.23925539     0.8923166422E-01
   271  194.5779555      225.4397563      159.0798204      3.280942449      3.288328591      16.61117118     0.8658049040E-01
   272  194.3435108      202.7111943      159.0798204      3.288537655      3.288328591      18.95219571     0.8830220570E-01
   273  196.0991781      234.9141022      159.0798204      3.265268899      3.288328591      13.82230141     0.8517124075E-01
   274  197.4921916      210.8077119      159.0798204      3.265268899      3.288328591      16.96076531     0.8304332184E-01
   275  192.6912915      203.1435945      159.0798204      3.296848627      3.288328591      19.24380585     0.8911013390E-01
   276  195.8275182      215.2217911      159.0798204      3.265268899      3.288328591      14.51914882     0.8402051811E-01
   277  201.8899547      207.7357537      159.0798204      3.266261050      3.288328591      17.34146147     0.8284784587E-01
   278  194.2141129      213.0912680      159.0798204      3.266295651      3.288328591      15.32741800     0.8374557621E-01
   279  206.8376182      203.6431969      159.0798204      3.272207794      3.288328591      18.75641707     0.8189936486E-01
   280  205.1321150      203.4941712      159.0798204      3.274506507      3.288328591      17.70144160     0.8262515086E-01
   281  192.7107953      203.1614004      159.0798204      3.276235080      3.288328591      19.29837567     0.8091056070E-01
   282  194.6292365      212.6936086      159.0798204      3.266147933      3.288328591      15.19534976     0.8379366259E-01
   283  194.2212518      203.0119040      159.0798204      3.274469258      3.288328591      19.07121300     0.8008711678E-01
   284  195.8285125      217.9826672      159.0798204      3.265268899      3.288328591      14.10997774     0.8417179636E-01
   285  196.4529225      237.6001458      159.0798204      3.265268899      3.288328591      14.22805285     0.8538148737E-01
   286  195.0538679      222.2687794      159.0798204      3.277872619      3.288328591      16.79186228     0.8665819932E-01
   287  194.8493711      220.5892299      159.0798204      3.265268899      3.288328591      13.57079844     0.8435598559E-01
   288  192.6420100      203.1300779      159.0798204      3.276179423      3.288328591      19.28114739     0.8104980258E-01
   289  195.8275182      215.2217911      159.0798204      3.265268899      3.288328591      14.51914882     0.8403193758E-01
   290  192.8908626      225.5524975      159.0798204      3.265268899      3.288328591      13.00483858     0.8477483839E-01
   291  192.7286259      203.1731217      159.0798204      3.276261322      3.288328591      19.30403259     0.8070874565E-01
   292  206.8376182      203.6431969      159.0798204      3.272207794      3.288328591      18.75641707     0.8188819232E-01
   293  193.5282900      227.0094131      159.0798204      3.265268899      3.288328591      13.10767519     0.8484832544E-01
   294  194.3500396      238.7407888      159.0798204      3.265268899      3.288328591      15.16622557     0.8580568781E-01
   295  193.0815887      234.8764165      159.0798204      3.279089894      3.288328591      15.86984319     0.8619508871E-01
   296  192.7265494      203.1665974      159.0798204      3.276263409      3.288328591      19.30340003     0.8085589857E-01
   297  195.6908993      233.0692617      159.0798204      3.265268899      3.288328591      13.62000323     0.8508732417E-01
   298  204.4310672      204.6631781      159.0798204      3.272619068      3.288328591      17.61435070     0.8265738731E-01
   299  203.6567826      205.7599539      159.0798204      3.270443649      3.288328591      17.52515323     0.8270850375E-01
   300  206.3670142      203.4709419      159.0798204      3.272876202      3.288328591      18.80584993     0.8182251871E-01
   301  192.5596609      203.1047113      159.0798204      3.276160735      3.288328591      19.26895416     0.8107198968E-01
   302  195.1268240      212.9826658      159.0798204      3.276532471      3.288328591      17.22890778     0.8693049265E-01
   303  192.7329655      203.1666314      159.0798204      3.276284373      3.288328591      19.30622570     0.8078995659E-01
   304  195.3059444      216.9260405      159.0798204      3.276036495      3.288328591      17.05755720     0.8680033875E-01
   305  193.1608127      213.2256259      159.0798204      3.265268899      3.288328591      16.43423948     0.8329337371E-01
   306  205.2042012      202.9758347      159.0798204      3.274064173      3.288328591      18.89712046     0.8173197774E-01
   307  192.6254684      203.1246972      159.0798204      3.297164343      3.288328591      19.22509190     0.8934992613E-01
   308  195.6888044      218.7498579      159.0798204      3.265268899      3.288328591      13.97392768     0.8420842909E-01
   309  192.5596609      203.1047113      159.0798204      3.276160735      3.288328591      19.26895416     0.8106763475E-01
   310  194.2141129      213.0912680      159.0798204      3.266295651      3.288328591      15.32741800     0.8373726991E-01
   311  207.9726092      204.9139176      159.0798204      3.274089658      3.288328591      18.25666517     0.8229532924E-01
   312  192.2056507      203.8845732      159.0798204      3.296751744      3.288328591      18.19456393     0.8759847891E-01
   313  191.7035234      203.7277709      159.0798204      3.297001215      3.288328591      18.25610667     0.8763510846E-01
   314  193.1608127      213.2256259      159.0798204      3.265268899      3.288328591      16.43423948     0.8326795827E-01
   315  192.7542064      221.9525525      159.0798204      3.265268899      3.288328591      13.00383508     0.8457469160E-01
   316  195.3059444      216.9260405      159.0798204      3.276036495      3.288328591      17.05755720     0.8684179110E-01
   317  204.0621538      202.4449026      159.0798204      3.288236552      3.288328591      18.90173051     0.8998306904E-01
   318  196.3985608      238.0624736      159.0798204      3.265268899      3.288328591      14.33128523     0.8544135315E-01
   319  201.8899547      207.7357537      159.0798204      3.266261050      3.288328591      17.34146147     0.8282241414E-01
   320  192.5559829      231.9557571      159.0798204      3.283214104      3.288328591      16.15586260     0.8631452367E-01
   321  194.2239372      202.3851497      159.0798204      3.288499891      3.288328591      18.83438624     0.8819940058E-01
   322  194.3406381      203.8089436      159.0798204      3.288972419      3.288328591      17.85760347     0.8732562044E-01
   323  205.2042012      202.9758347      159.0798204      3.274064173      3.288328591      18.89712046     0.8170266442E-01
   324  195.0538679      222.2687794      159.0798204      3.277872619      3.288328591      16.79186228     0.8668084215E-01
   325  194.5989601      229.6795803      159.0798204      3.265268899      3.288328591      13.31336362     0.8491397347E-01
   326  192.6893225      203.1449492      159.0798204      3.296869458      3.288328591      19.24273784     0.8915204285E-01
   327  194.2628818      202.8686917      159.0798204      3.289221756      3.288328591      18.98721675     0.8838420329E-01
   328  192.9596305      213.5156294      159.0798204      3.265268899      3.288328591      16.32025334     0.8330462930E-01
   329  192.7107953      203.1614004      159.0798204      3.276235080      3.288328591      19.29837567     0.8090463612E-01
   330  195.6888044      218.7498579      159.0798204      3.265268899      3.288328591      13.97392768     0.8421931435E-01
   331  195.8275182      215.2217911      159.0798204      3.265268899      3.288328591      14.51914882     0.8401621645E-01
   332  192.6889313      203.3773939      159.0798204      3.275859141      3.288328591      19.27271336     0.8054988151E-01
   333  206.8376182      203.6431969      159.0798204      3.272207794      3.288328591      18.75641707     0.8185853456E-01
   334  193.0444211      230.8162243      159.0798204      3.283836513      3.288328591      16.24851000     0.8639031091E-01
   335  207.5579677      203.9276098      159.0798204      3.270844655      3.288328591      18.64870774     0.8195547634E-01
   336  195.4259583      239.1190347      159.0798204      3.265268899      3.288328591      14.85514411     0.8569082881E-01
   337  194.6895498      238.9519555      159.0798204      3.265268899      3.288328591      15.06301491     0.8575975213E-01
   338  195.8285125      217.9826672      159.0798204      3.265268899      3.288328591      14.10997774     0.8415412758E-01
   339  194.1328360      203.0381379      159.0798204      3.290243424      3.288328591      19.02008167     0.8842219322E-01
   340  206.3670142      203.4709419      159.0798204      3.272876202      3.288328591      18.80584993     0.8180143426E-01
   341  195.2072141      220.5652030      159.0798204      3.276399394      3.288328591      16.88140308     0.8670565090E-01
   342  206.8376182      203.6431969      159.0798204      3.272207794      3.288328591      18.75641707     0.8187467442E-01
   343  191.6432985      203.5722318      159.0798204      3.296789142      3.288328591      18.31611116     0.8765289555E-01
   344  208.0845512      204.8879223      159.0798204      3.273049170      3.288328591      18.32809881     0.8221554153E-01
   345  194.8315358      223.8939048      159.0798204      3.279425677      3.288328591      16.70161288     0.8660653443E-01
   346  194.0223088      237.0423255      159.0798204      3.270072623      3.288328591      15.57303150     0.8602422944E-01
   347  192.6810152      203.1446406      159.0798204      3.296934714      3.288328591      19.23925539     0.8922421236E-01
   348  197.6314905      202.8464645      159.0798204      3.276075808      3.288328591      19.17201860     0.8133705974E-01
   349  207.5579677      203.9276098      159.0798204      3.270844655      3.288328591      18.64870774     0.8196299765E-01
   350  208.0911204      204.6166232      159.0798204      3.270765448      3.288328591      18.46403451     0.8210148418E-01
   351  196.8335400      202.8643582      159.0798204      3.297610991      3.288328591      19.12524752     0.8964468386E-01
   352  194.2987248      202.4849037      159.0798204      3.288311613      3.288328591      18.87575904     0.8820163631E-01
   353  194.5989601      229.6795803      159.0798204      3.265268899      3.288328591      13.31336362     0.8490150626E-01
   354  196.8335400      202.8643582      159.0798204      3.297610991      3.288328591      19.12524752     0.8961571950E-01
   355  198.8298164      202.7542692      159.0798204      3.276012456      3.288328591      19.14544425     0.8139771172E-01
   356  197.6314905      202.8464645      159.0798204      3.276075808      3.288328591      19.17201860     0.8134086301E-01
   357  194.3560923      238.4442458      159.0798204      3.265268899      3.288328591      15.26888481     0.8588463378E-01
   358  197.4921916      210.8077119      159.0798204      3.265268899      3.288328591      16.96076531     0.8304000985E-01
   359  192.5654080      213.8679149      159.0798204      3.265268899      3.288328591      16.08415324     0.8344555213E-01
   360  192.5662413      203.1025167      159.0798204      3.297329249      3.288328591      19.21442949     0.8939461713E-01
   361  196.4371039      237.0542023      159.0798204      3.265268899      3.288328591      14.12576806     0.8533005303E-01
   362  208.0845512      204.8879223      159.0798204      3.273049170      3.288328591      18.32809881     0.8220127859E-01
   363  195.2509161      214.9920323      159.0798204      3.276325999      3.288328591      17.14387979     0.8688930505E-01
   364  193.7829936      203.3165850      159.0798204      3.292853471      3.288328591      19.07924501     0.8854994350E-01
   365  192.6607652      203.2603388      159.0798204      3.297224380      3.288328591      19.22456857     0.8890041214E-01
   366  192.6810152      203.1446406      159.0798204      3.296934714      3.288328591      19.23925539     0.8922681968E-01
   367  196.0991781      234.9141022      159.0798204      3.265268899      3.288328591      13.82230141     0.8515838823E-01
   368  195.1110559      208.7401115      159.0798204      3.276813028      3.288328591      17.39492103     0.8703099098E-01
   369  202.3524397      202.2214382      159.0798204      3.292411395      3.288328591      18.97655479     0.8986546539E-01
   370  192.6481893      203.3311406      159.0798204      3.297350618      3.288328591      19.21420748     0.8887684832E-01
   371  193.4483934      212.4189233      159.0798204      3.265268899      3.288328591      16.65414349     0.8318968216E-01
   372  192.6722128      203.2022303      159.0798204      3.297080946      3.288328591      19.23279138     0.8898800264E-01
   373  198.8298164      202.7542692      159.0798204      3.276012456      3.288328591      19.14544425     0.8136038149E-01
   374  195.4777985      213.0002254      159.0798204      3.265268899      3.288328591      14.79047642     0.8393175364E-01
   375  192.6860152      203.1489402      159.0798204      3.276205186      3.288328591      19.29095539     0.8098345931E-01
   376  192.6818789      203.1649197      159.0798204      3.296957783      3.288328591      19.23877979     0.8900065671E-01
   377  195.8275182      215.2217911      159.0798204      3.265268899      3.288328591      14.51914882     0.8403727030E-01
   378  194.4297394      221.0473905      159.0798204      3.265268899      3.288328591      13.43363666     0.8440187130E-01
   379  207.9726092      204.9139176      159.0798204      3.274089658      3.288328591      18.25666517     0.8225091602E-01
   380  192.4389389      203.0709446      159.0798204      3.276148963      3.288328591      19.25437052     0.8114559729E-01
   381  195.8977933      216.2184569      159.0798204      3.265268899      3.288328591      14.38324387     0.8405360355E-01
   382  192.6607652      203.2603388      159.0798204      3.297224380      3.288328591      19.22456857     0.8891482536E-01
   383  201.0125971      202.4886404      159.0798204      3.275767497      3.288328591      19.08522143     0.8146977495E-01
   384  206.3131712      203.9411447      159.0798204      3.276346491      3.288328591      17.86946234     0.8250766373E-01
   385  192.5559829      231.9557571      159.0798204      3.283214104      3.288328591      16.15586260     0.8630436998E-01
   386  192.7414042      203.9721275      159.0798204      3.296327671      3.288328591      18.13121960     0.8754627978E-01
   387  193.1566220      203.5238019      159.0798204      3.275143784      3.288328591      19.20612618     0.8032431539E-01
   388  192.7329655      203.1666314      159.0798204      3.276284373      3.288328591      19.30622570     0.8076878716E-01
   389  192.6420100      203.1300779      159.0798204      3.276179423      3.288328591      19.28114739     0.8100576585E-01
   390  195.4777985      213.0002254      159.0798204      3.265268899      3.288328591      14.79047642     0.8390659723E-01
   391  194.2239372      202.3851497      159.0798204      3.288499891      3.288328591      18.83438624     0.8817966934E-01
   392  195.0926909      239.0779397      159.0798204      3.265268899      3.288328591      14.95930408     0.8570255420E-01
   393  201.8899547      207.7357537      159.0798204      3.266261050      3.288328591      17.34146147     0.8282843446E-01
   394  193.2402998      203.9870271      159.0798204      3.295140896      3.288328591      18.06585370     0.8749797344E-01
   395  194.1328360      203.0381379      159.0798204      3.290243424      3.288328591      19.02008167     0.8843954315E-01
   396  192.5654080      213.8679149      159.0798204      3.265268899      3.288328591      16.08415324     0.8340177859E-01
   397  193.7304676      213.4123431      159.0798204      3.266249641      3.288328591      15.45810423     0.8369274069E-01
   398  195.2527892      211.7757247      159.0798204      3.265268899      3.288328591      14.92656768     0.8389274250E-01
   399  196.4371039      237.0542023      159.0798204      3.265268899      3.288328591      14.12576806     0.8532319177E-01
   400  195.2509161      214.9920323      159.0798204      3.276325999      3.288328591      17.14387979     0.8688411032E-01
   401  195.0225310      202.9784524      159.0798204      3.276131249      3.288328591      19.21799708     0.8124217685E-01
   402  194.6404138      203.6591882      159.0798204      3.286198178      3.288328591      17.78444810     0.8726638012E-01
   403  193.7734928      236.4048313      159.0798204      3.273477040      3.288328591      15.67292315     0.8605059399E-01
   404  207.7878383      204.8665243      159.0798204      3.275017589      3.288328591      18.18306489     0.8233320432E-01
   405  195.8285125      217.9826672      159.0798204      3.265268899      3.288328591      14.10997774     0.8416498816E-01
   406  192.6860152      203.1489402      159.0798204      3.276205186      3.288328591      19.29095539     0.8095605561E-01
   407  194.1328360      203.0381379      159.0798204      3.290243424      3.288328591      19.02008167     0.8842665216E-01
   408  195.2072141      220.5652030      159.0798204      3.276399394      3.288328591      16.88140308     0.8674283311E-01
   409  195.2913161      218.7840171      159.0798204      3.275638057      3.288328591      16.97005309     0.8679601579E-01
   410  192.7094236      203.2371309      159.0798204      3.276122141      3.288328591      19.29266639     0.8063735296E-01
   411  207.5579677      203.9276098      159.0798204      3.270844655      3.288328591      18.64870774     0.8199112854E-01
   412  194.0977250      228.3852489      159.0798204      3.265268899      3.288328591      13.21055568     0.8489738176E-01
   413  193.4324256      203.4795130      159.0798204      3.274970663      3.288328591      19.18366738     0.8029521906E-01
   414  205.2042012      202.9758347      159.0798204      3.274064173      3.288328591      18.89712046     0.8174679125E-01
   415  194.3435108      202.7111943      159.0798204      3.288537655      3.288328591      18.95219571     0.8832058494E-01
   416  195.8977933      216.2184569      159.0798204      3.265268899      3.288328591      14.38324387     0.8407114822E-01
   417  194.6292365      212.6936086      159.0798204      3.266147933      3.288328591      15.19534976     0.8378807904E-01
   418  192.6987569      233.9862301      159.0798204      3.280940526      3.288328591      15.96655756     0.8624448833E-01
   419  192.4389389      203.0709446      159.0798204      3.276148963      3.288328591      19.25437052     0.8111542056E-01
   420  195.2509161      214.9920323      159.0798204      3.276325999      3.288328591      17.14387979     0.8687333527E-01
   421  194.0968171      203.1733115      159.0798204      3.274560523      3.288328591      19.10269123     0.8014586197E-01
   422  201.9963483      202.3188664      159.0798204      3.275566985      3.288328591      19.05169316     0.8150208836E-01
   423  196.0123915      238.9479575      159.0798204      3.265268899      3.288328591      14.64579455     0.8559899257E-01
   424  207.9726092      204.9139176      159.0798204      3.274089658      3.288328591      18.25666517     0.8226809465E-01
   425  202.3524397      202.2214382      159.0798204      3.292411395      3.288328591      18.97655479     0.8986669863E-01
   426  196.8335400      202.8643582      159.0798204      3.297610991      3.288328591      19.12524752     0.8960381335E-01
   427  196.3622885      202.9189245      159.0798204      3.276112358      3.288328591      19.19620605     0.8129091111E-01
   428  192.5559829      231.9557571      159.0798204      3.283214104      3.288328591      16.15586260     0.8634303786E-01
   429  193.6704642      203.9968017      159.0798204      3.293678198      3.288328591      17.99842457     0.8743726096E-01
   430  193.6304145      202.1058189      159.0798204      3.290181877      3.288328591      18.69796312     0.8804495416E-01
   431  201.9963483      202.3188664      159.0798204      3.275566985      3.288328591      19.05169316     0.8154457131E-01
   432  196.8335400      202.8643582      159.0798204      3.297610991      3.288328591      19.12524752     0.8961000834E-01
   433  196.3985608      238.0624736      159.0798204      3.265268899      3.288328591      14.33128523     0.8541018851E-01
   434  192.6818789      203.1649197      159.0798204      3.296957783      3.288328591      19.23877979     0.8903826869E-01
   435  193.0815887      234.8764165      159.0798204      3.279089894      3.288328591      15.86984319     0.8618188091E-01
   436  192.6481893      203.3311406      159.0798204      3.297350618      3.288328591      19.21420748     0.8887251756E-01
   437  192.7278304      203.4940073      159.0798204      3.275512155      3.288328591      19.24401349     0.8040256972E-01
   438  194.2023467      237.5948920      159.0798204      3.266132851      3.288328591      15.47234368     0.8598920204E-01
   439  192.6889313      203.3773939      159.0798204      3.275859141      3.288328591      19.27271336     0.8051869036E-01
   440  191.7035234      203.7277709      159.0798204      3.297001215      3.288328591      18.25610667     0.8762883390E-01
   441  192.0276263      202.7939767      159.0798204      3.294266314      3.288328591      18.48844263     0.8781138916E-01
   442  194.0223088      237.0423255      159.0798204      3.270072623      3.288328591      15.57303150     0.8601760075E-01
   443  192.0276263      202.7939767      159.0798204      3.294266314      3.288328591      18.48844263     0.8781576768E-01
   444  196.8335400      202.8643582      159.0798204      3.297610991      3.288328591      19.12524752     0.8960746388E-01
   445  205.1321150      203.4941712      159.0798204      3.274506507      3.288328591      17.70144160     0.8264549813E-01
   446  200.8980819      208.6141831      159.0798204      3.265455571      3.288328591      17.24764501     0.8288705256E-01
   447  204.4310672      204.6631781      159.0798204      3.272619068      3.288328591      17.61435070     0.8269244926E-01
   448  207.5579677      203.9276098      159.0798204      3.270844655      3.288328591      18.64870774     0.8199466408E-01
   449  195.1991770      220.0533907      159.0798204      3.265268899      3.288328591      13.70531382     0.8431924689E-01
   450  192.5879875      213.8243691      159.0798204      3.265268899      3.288328591      15.71422639     0.8358245182E-01
   451  193.4324256      203.4795130      159.0798204      3.274970663      3.288328591      19.18366738     0.8026766349E-01
   452  193.2900286      203.4738063      159.0798204      3.295323098      3.288328591      19.12936831     0.8862021637E-01
   453  204.0621538      202.4449026      159.0798204      3.288236552      3.288328591      18.90173051     0.8997654486E-01
   454  194.6895498      238.9519555      159.0798204      3.265268899      3.288328591      15.06301491     0.8578945880E-01
   455  192.5654080      213.8679149      159.0798204      3.265268899      3.288328591      16.08415324     0.8343398914E-01
   456  195.6908993      233.0692617      159.0798204      3.265268899      3.288328591      13.62000323     0.8505553761E-01
   457  194.1328360      203.0381379      159.0798204      3.290243424      3.288328591      19.02008167     0.8842057786E-01
   458  192.6730861      222.3970944      159.0798204      3.265268899      3.288328591      12.81109177     0.8465215062E-01
   459  193.0239791      203.4948372      159.0798204      3.296267524      3.288328591      19.15093610     0.8869547166E-01
   460  192.8908626      225.5524975      159.0798204      3.265268899      3.288328591      13.00483858     0.8479224595E-01
   461  193.1608127      213.2256259      159.0798204      3.265268899      3.288328591      16.43423948     0.8327775970E-01
   462  192.6254684      203.1246972      159.0798204      3.297164343      3.288328591      19.22509190     0.8930732059E-01
   463  194.0947050      202.2900966      159.0798204      3.288860805      3.288328591      18.79094657     0.8813712160E-01
   464  192.7094236      203.2371309      159.0798204      3.276122141      3.288328591      19.29266639     0.8060281220E-01
   465  201.0125971      202.4886404      159.0798204      3.275767497      3.288328591      19.08522143     0.8146463200E-01
   466  193.7734928      236.4048313      159.0798204      3.273477040      3.288328591      15.67292315     0.8607003282E-01
   467  192.6818789      203.1649197      159.0798204      3.296957783      3.288328591      19.23877979     0.8904162371E-01
   468  205.7595772      203.5262251      159.0798204      3.275473072      3.288328591      17.78646005     0.8256977574E-01
   469  193.6682218      203.4194091      159.0798204      3.274813081      3.288328591      19.15896416     0.8022079873E-01
   470  192.6860152      203.1489402      159.0798204      3.276205186      3.288328591      19.29095539     0.8096423982E-01
   471  194.2023467      237.5948920      159.0798204      3.266132851      3.288328591      15.47234368     0.8597869202E-01
   472  195.2527892      211.7757247      159.0798204      3.265268899      3.288328591      14.92656768     0.8387683180E-01
   473  192.9318064      202.1654777      159.0798204      3.292120449      3.288328591      18.59698420     0.8791204171E-01
   474  191.6432985      203.5722318      159.0798204      3.296789142      3.288328591      18.31611116     0.8768496826E-01
   475  196.3622885      202.9189245      159.0798204      3.276112358      3.288328591      19.19620605     0.8126157662E-01
   476  192.9596305      213.5156294      159.0798204      3.265268899      3.288328591      16.32025334     0.8331832366E-01
   477  192.5596609      203.1047113      159.0798204      3.276160735      3.288328591      19.26895416     0.8106571212E-01
   478  199.9569618      202.6332122      159.0798204      3.275912860      3.288328591      19.11650321     0.8142352172E-01
   479  195.9166806      234.0333906      159.0798204      3.265268899      3.288328591      13.72132607     0.8512951009E-01
   480  204.5121091      202.6737904      159.0798204      3.274554138      3.288328591      18.93882690     0.8167604040E-01
   481  192.6810152      203.1446406      159.0798204      3.296934714      3.288328591      19.23925539     0.8921091897E-01
   482  192.9318064      202.1654777      159.0798204      3.292120449      3.288328591      18.59698420     0.8791511379E-01
   483  192.6254684      203.1246972      159.0798204      3.297164343      3.288328591      19.22509190     0.8931740459E-01
   484  191.7035234      203.7277709      159.0798204      3.297001215      3.288328591      18.25610667     0.8761902625E-01
   485  198.6989016      210.1504917      159.0798204      3.265268899      3.288328591      17.05757533     0.8297412162E-01
   486  193.7734928      236.4048313      159.0798204      3.273477040      3.288328591      15.67292315     0.8606204277E-01
   487  192.8908626      225.5524975      159.0798204      3.265268899      3.288328591      13.00483858     0.8475286678E-01
   488  199.9569618      202.6332122      159.0798204      3.275912860      3.288328591      19.11650321     0.8143192122E-01
   489  192.2900742      233.0125531      159.0798204      3.282544031      3.288328591      16.06190747     0.8629991525E-01
   490  204.4310672      204.6631781      159.0798204      3.272619068      3.288328591      17.61435070     0.8267563132E-01
   491  192.6254684      203.1246972      159.0798204      3.297164343      3.288328591      19.22509190     0.8933555532E-01
   492  204.4310672      204.6631781      159.0798204      3.272619068      3.288328591      17.61435070     0.8267822126E-01
   493  200.8980819      208.6141831      159.0798204      3.265455571      3.288328591      17.24764501     0.8286472545E-01
   494  193.6704642      203.9968017      159.0798204      3.293678198      3.288328591      17.99842457     0.8744058321E-01
   495  195.2527892      211.7757247      159.0798204      3.265268899      3.288328591      14.92656768     0.8388202911E-01
   496  196.3512280      236.4245686      159.0798204      3.265268899      3.288328591      14.02421316     0.8526332297E-01
   497  192.7204494      203.1945791      159.0798204      3.276208048      3.288328591      19.29949103     0.8066910236E-01
   498  195.7475803      239.0755902      159.0798204      3.265268899      3.288328591      14.75062342     0.8560339372E-01
   499  192.6987569      233.9862301      159.0798204      3.280940526      3.288328591      15.96655756     0.8623824106E-01
   500  193.4559187      235.6827409      159.0798204      3.276513798      3.288328591      15.77190786     0.8611755495E-01
