 =====================================================
  PSCAD LINE CONSTANTS PROGRAM OUTPUT FILE (*.out)

  NOTE: This file is auto-generated.  Any manual
        changes will be lost once the Line Constants
        Program is re-run.
 =====================================================

  Display Format: M,N denotes a complex number M + jN



 -----------------------------------------------------
  LOAD FLOW RXB FORMATTED DATA @       60.00 Hz:
 -----------------------------------------------------

  Base of Per-Unit Quantities : 230.00 kV (L-L)  ,100.00 MVA
  NOTE: Base values could be changed using Additional Options Component
      
   Positive Sequence (Long-Line Corrected)
   ................. 

   Resistance      Rsq   [pu]:       0.133333182E-02
   Reactance       Xsq   [pu]:       0.189903280E-01
   Susceptance     Bsq   [pu]:       0.348409108E-01
   Surge Impedance Zcsq  [pu]:       0.738280646    
      
   Zero Sequence (Long-Line Corrected)
   ............. 

   Resistance      Rsq   [pu]:       0.132852497E-01
   Reactance       Xsq   [pu]:       0.508341581E-01
   Susceptance     Bsq   [pu]:       0.239026444E-01
   Surge Impedance Zcsq  [pu]:        1.45832675    
      
   Positive Sequence 
   ................. 

   Resistance      Rsq   [pu]:       0.133363228E-02
   Reactance       Xsq   [pu]:       0.189924112E-01
   Susceptance     Bsq   [pu]:       0.348389905E-01
   Surge Impedance Zcsq  [pu]:       0.738341486    
      
   Zero Sequence 
   ............. 

   Resistance      Rsq   [pu]:       0.132906752E-01
   Reactance       Xsq   [pu]:       0.508437275E-01
   Susceptance     Bsq   [pu]:       0.239002296E-01
   Surge Impedance Zcsq  [pu]:        1.45853769    
      
 
 
 -----------------------------------------------------
  PHASE DOMAIN DATA @      60.000 Hz:
 -----------------------------------------------------

 SERIES IMPEDANCE MATRIX (Z) [ohms/m]: 
    0.140695836E-03,0.783171715E-03   0.105421262E-03,0.280822439E-03   0.105421262E-03,0.280822439E-03
    0.105421262E-03,0.280822439E-03   0.140695836E-03,0.783171715E-03   0.105421262E-03,0.280822439E-03
    0.105421262E-03,0.280822439E-03   0.105421262E-03,0.280822439E-03   0.140695836E-03,0.783171715E-03

 SHUNT ADMITTANCE MATRIX (Y) [mhos/m]: 
    0.100000000E-10,0.294827380E-08   0.000000000E+00,-.344636450E-09   0.000000000E+00,-.344636450E-09
    0.000000000E+00,-.344636450E-09   0.100000000E-10,0.294827380E-08   0.000000000E+00,-.344636450E-09
    0.000000000E+00,-.344636450E-09   0.000000000E+00,-.344636450E-09   0.100000000E-10,0.294827380E-08

 LONG-LINE CORRECTED SERIES IMPEDANCE MATRIX [ohms]: 
    0.281285406E+01,0.156610122E+02   0.210752153E+01,0.561512871E+01   0.210752153E+01,0.561512871E+01
    0.210752153E+01,0.561512871E+01   0.281285406E+01,0.156610122E+02   0.210752153E+01,0.561512871E+01
    0.210752153E+01,0.561512871E+01   0.210752153E+01,0.561512871E+01   0.281285406E+01,0.156610122E+02

 LONG-LINE CORRECTED SHUNT ADMITTANCE MATRIX [mhos]: 
    0.200596967E-06,0.589694178E-04   0.319883271E-09,-.689241735E-05   0.319883271E-09,-.689241735E-05
    0.319883271E-09,-.689241735E-05   0.200596967E-06,0.589694178E-04   0.319883271E-09,-.689241735E-05
    0.319883271E-09,-.689241735E-05   0.319883271E-09,-.689241735E-05   0.200596967E-06,0.589694178E-04

 -----------------------------------------------------
  SEQUENCE COMPONENT DATA @       60.00 Hz:
 -----------------------------------------------------

 SEQUENCE TRANSFORM MATRIX: 
    0.577350269E+00,0.000000000E+00   0.577350269E+00,0.000000000E+00   0.577350269E+00,0.000000000E+00
    0.577350269E+00,0.000000000E+00   -.288675135E+00,-.500000000E+00   -.288675135E+00,0.500000000E+00
    0.577350269E+00,0.000000000E+00   -.288675135E+00,0.500000000E+00   -.288675135E+00,-.500000000E+00

 SEQUENCE IMPEDANCE MATRIX (Zsq) [ohms/m]: 
    0.351538360E-03,0.134481659E-02   0.000000000E+00,0.000000000E+00   0.000000000E+00,0.000000000E+00
    0.000000000E+00,0.000000000E+00   0.352745738E-04,0.502349276E-03   0.000000000E+00,0.000000000E+00
    0.000000000E+00,0.000000000E+00   -.135525272E-18,0.000000000E+00   0.352745738E-04,0.502349276E-03

 SEQUENCE ADMITTANCE MATRIX (Ysq) [mhos/m]: 
    0.100000000E-10,0.225900090E-08   0.000000000E+00,0.000000000E+00   0.000000000E+00,0.000000000E+00
    0.000000000E+00,0.000000000E+00   0.100000000E-10,0.329291025E-08   0.000000000E+00,0.000000000E+00
    0.000000000E+00,0.000000000E+00   0.000000000E+00,0.000000000E+00   0.100000000E-10,0.329291025E-08

 -----------------------------------------------------
  MINIMUM TIME DELAY AND RECOMMENDED TIME STEP
 -----------------------------------------------------
   
   Minimum Time Delay for the Line    [ms]:     0.066700767
   Recommended Time Step for the Line [ms]:     0.006670077
   
